
                         MODELLER 9.25, 2020/09/03, r11894

     PROTEIN STRUCTURE MODELLING BY SATISFACTION OF SPATIAL RESTRAINTS


                     Copyright(c) 1989-2020 Andrej Sali
                            All Rights Reserved

                             Written by A. Sali
                               with help from
              B. Webb, M.S. Madhusudhan, M-Y. Shen, G.Q. Dong,
          M.A. Marti-Renom, N. Eswar, F. Alber, M. Topf, B. Oliva,
             A. Fiser, R. Sanchez, B. Yerkovich, A. Badretdinov,
                     F. Melo, J.P. Overington, E. Feyfant
                 University of California, San Francisco, USA
                    Rockefeller University, New York, USA
                      Harvard University, Cambridge, USA
                   Imperial Cancer Research Fund, London, UK
              Birkbeck College, University of London, London, UK


Kind, OS, HostName, Kernel, Processor: 4, Windows Vista build 9200, LAPTOP-REA0J2HD, SMP, unknown
Date and time of compilation         : 2020/09/03 08:23:39
MODELLER executable type             : x86_64-w64
Job starting time (YY/MM/DD HH:MM:SS): 2021/03/05 17:31:42


Multiple dynamic programming alignment (MALIGN):
  Residue-residue metric  : $(LIB)/as1.sim.mat
  ALIGN_BLOCK             :            1
  Gap introduction penalty:    -900.0000
  Gap extension penalty   :     -50.0000
  Length of alignment     :          241
# Sequence alignment of the structurally conserved regions
# [average distance and standard deviation are with respect
#  to the framework (i.e., average structure)]
#
#  N av ds st dv   4oztE  1r20D  1r1kD  
# ======================================
   1 1.199 0.406 * V 281  V 287  V 287  
   2 1.402 0.422   K 282  P 288  P 288  
   3 0.981 0.410 * P 283  P 289  P 289  
   4 0.937 0.441   I 284  L 290  L 290  
   5 1.116 0.391   S 285  T 291  T 291  
   6 1.187 0.358   P 286  A 292  A 292  
   7 0.958 0.340   E 287  N 293  N 293  
   8 0.729 0.185 * Q 288  Q 294  Q 294  
   9 0.819 0.239   E 289  K 295  K 295  
  10 0.766 0.284   E 290  S 296  S 296  
  11 0.688 0.216 * L 291  L 297  L 297  
  12 0.409 0.107 * I 292  I 298  I 298  
  13 0.424 0.086   H 293  A 299  A 299  
  14 0.491 0.075 * R 294  R 300  R 300  
  15 0.502 0.076 * L 295  L 301  L 301  
  16 0.346 0.062 * V 296  V 302  V 302  
  17 0.637 0.143   Y 297  Y 303  W 303  
  18 0.838 0.210   F 298  Y 304  Y 304  
  19 0.608 0.157 * Q 299  Q 305  Q 305  
  20 0.432 0.047   N 300  E 306  E 306  
  21 0.406 0.094   E 301  G 307  G 307  
  22 0.454 0.098 * Y 302  Y 308  Y 308  
  23 0.886 0.188 * E 303  E 309  E 309  
  24 1.265 0.435 * Q 304  Q 310  Q 310  
# ======================================
  25 0.879 0.301   P 305  S 312  P 311  
# ======================================
  26 1.139 0.271   D 307  E 313  E 313  
# ======================================
  27 1.024 0.373   D 309  E 314  D 315  
  28 0.938 0.128   L 310  D 315  L 316  
# ======================================
  29 0.548 0.179   R 312  L 316  R 318  
  30 1.374 0.398   I 313  K 317  V 319  
# ======================================
  31 1.018 0.191   D 325  M 334  D 333  
  32 0.877 0.254   L 326  P 335  M 334  
# ======================================
  33 0.427 0.229 * F 328  F 336  F 336  
  34 0.362 0.142 * R 329  R 337  R 337  
  35 0.331 0.181   H 330  Q 338  Q 338  
  36 0.255 0.140 * I 331  I 339  I 339  
  37 0.274 0.081 * T 332  T 340  T 340  
  38 0.193 0.043 * E 333  E 341  E 341  
  39 0.333 0.098   I 334  M 342  M 342  
  40 0.194 0.047 * T 335  T 343  T 343  
  41 0.243 0.048 * I 336  I 344  I 344  
  42 0.345 0.027 * L 337  L 345  L 345  
  43 0.395 0.069 * T 338  T 346  T 346  
  44 0.361 0.108 * V 339  V 347  V 347  
  45 0.352 0.081 * Q 340  Q 348  Q 348  
  46 0.230 0.085 * L 341  L 349  L 349  
  47 0.295 0.010 * I 342  I 350  I 350  
  48 0.405 0.121 * V 343  V 351  V 351  
  49 0.380 0.138 * E 344  E 352  E 352  
  50 0.195 0.039 * F 345  F 353  F 353  
  51 0.333 0.135 * A 346  A 354  A 354  
  52 0.248 0.080 * K 347  K 355  K 355  
  53 0.325 0.047   R 348  G 356  G 356  
  54 0.262 0.041 * L 349  L 357  L 357  
  55 0.262 0.064 * P 350  P 358  P 358  
  56 0.628 0.183 * G 351  G 359  G 359  
  57 0.310 0.135 * F 352  F 360  F 360  
  58 0.436 0.148   D 353  S 361  A 361  
  59 0.452 0.098 * K 354  K 362  K 362  
  60 0.603 0.055   L 355  I 363  I 363  
  61 0.526 0.090   L 356  S 364  S 364  
  62 0.505 0.135   R 357  Q 365  Q 365  
  63 0.680 0.113   E 358  S 366  S 366  
  64 0.659 0.111 * D 359  D 367  D 367  
  65 0.508 0.219 * Q 360  Q 368  Q 368  
  66 0.322 0.151 * I 361  I 369  I 369  
  67 0.409 0.073   A 362  T 370  T 370  
  68 0.278 0.073 * L 363  L 371  L 371  
  69 0.370 0.069 * L 364  L 372  L 372  
  70 0.465 0.068 * K 365  K 373  K 373  
  71 0.550 0.230 * A 366  A 374  A 374  
  72 0.417 0.108 * C 367  C 375  C 375  
  73 0.251 0.069 * S 368  S 376  S 376  
  74 0.200 0.068 * S 369  S 377  S 377  
  75 0.259 0.098 * E 370  E 378  E 378  
  76 0.260 0.087 * V 371  V 379  V 379  
  77 0.222 0.054 * M 372  M 380  M 380  
  78 0.441 0.132 * M 373  M 381  M 381  
  79 0.313 0.020 * L 374  L 382  L 382  
  80 0.382 0.018 * R 375  R 383  R 383  
  81 0.538 0.101   M 376  V 384  V 384  
  82 0.421 0.043 * A 377  A 385  A 385  
  83 0.448 0.071 * R 378  R 386  R 386  
  84 0.617 0.186 * R 379  R 387  R 387  
  85 0.526 0.104 * Y 380  Y 388  Y 388  
  86 0.647 0.204 * D 381  D 389  D 389  
  87 0.834 0.342   V 382  A 390  A 390  
  88 0.849 0.292   G 383  A 391  A 391  
  89 0.810 0.278   S 384  T 392  T 392  
  90 0.808 0.313 * D 385  D 393  D 393  
  91 0.702 0.281 * S 386  S 394  S 394  
  92 0.643 0.231   I 387  V 395  V 395  
  93 0.762 0.353 * L 388  L 396  L 396  
  94 1.010 0.461 * F 389  F 397  F 397  
# ======================================
  95 1.015 0.356   N 392  A 398  N 400  
  96 0.943 0.332   Q 393  N 399  Q 401  
# ======================================
  97 0.740 0.208   Y 395  T 404  Y 403  
# ======================================
  98 1.059 0.360 * R 397  R 405  R 405  
# ======================================
  99 0.919 0.239   S 399  D 406  N 407  
# ======================================
 100 0.531 0.177 * Y 400  Y 408  Y 408  
 101 0.813 0.272   S 401  R 409  R 409  
 102 0.673 0.165   L 402  K 410  K 410  
 103 0.785 0.303 * A 403  A 411  A 411  
 104 1.044 0.353 * G 404  G 412  G 412  
 105 0.940 0.370 * M 405  M 413  M 413  
 106 0.951 0.293   G 406  A 414  A 414  
 107 1.496 0.498   E 407  Y 415  Y 415  
 108 1.199 0.179   T 408  V 416  V 416  
 109 0.842 0.322   V 409  I 417  I 417  
 110 0.844 0.243   D 410  E 418  E 418  
 111 0.730 0.280 * D 411  D 419  D 419  
 112 0.490 0.173 * L 412  L 420  L 420  
 113 0.401 0.092 * L 413  L 421  L 421  
 114 0.342 0.111   R 414  H 422  H 422  
 115 0.340 0.108 * F 415  F 423  F 423  
 116 0.375 0.121 * C 416  C 424  C 424  
 117 0.405 0.114 * R 417  R 425  R 425  
 118 0.335 0.062   Q 418  C 426  C 426  
 119 0.360 0.131 * M 419  M 427  M 427  
 120 0.446 0.126 * Y 420  Y 428  Y 428  
 121 0.583 0.150   G 421  S 429  S 429  
 122 0.537 0.124 * M 422  M 430  M 430  
 123 0.442 0.097   K 423  M 431  M 431  
 124 0.582 0.087   V 424  M 432  M 432  
 125 0.709 0.274 * D 425  D 433  D 433  
 126 0.434 0.157 * N 426  N 434  N 434  
 127 0.359 0.083   A 427  V 435  V 435  
 128 0.277 0.123   E 428  H 436  H 436  
 129 0.312 0.126 * Y 429  Y 437  Y 437  
 130 0.290 0.099 * A 430  A 438  A 438  
 131 0.234 0.055 * L 431  L 439  L 439  
 132 0.273 0.128 * L 432  L 440  L 440  
 133 0.257 0.120 * T 433  T 441  T 441  
 134 0.186 0.033 * A 434  A 442  A 442  
 135 0.222 0.036 * I 435  I 443  I 443  
 136 0.194 0.062 * V 436  V 444  V 444  
 137 0.170 0.038 * I 437  I 445  I 445  
 138 0.184 0.030 * F 438  F 446  F 446  
 139 0.454 0.211 * S 439  S 447  S 447  
 140 0.387 0.116   E 440  D 448  D 448  
 141 0.382 0.117 * R 441  R 449  R 449  
 142 0.512 0.217 * P 442  P 450  P 450  
 143 0.588 0.186   S 443  G 451  G 451  
 144 0.414 0.136 * L 444  L 452  L 452  
 145 0.372 0.096   I 445  E 453  E 453  
 146 0.550 0.236   E 446  Q 454  Q 454  
 147 0.423 0.110   G 447  P 455  P 455  
 148 0.355 0.155   W 448  S 456  L 456  
 149 0.409 0.059   K 449  L 457  L 457  
 150 0.291 0.046 * V 450  V 458  V 458  
 151 0.227 0.073 * E 451  E 459  E 459  
 152 0.388 0.212   K 452  E 460  E 460  
 153 0.218 0.057 * I 453  I 461  I 461  
 154 0.267 0.091 * Q 454  Q 462  Q 462  
 155 0.250 0.123   E 455  R 463  R 463  
 156 0.221 0.028   I 456  Y 464  Y 464  
 157 0.225 0.031 * Y 457  Y 465  Y 465  
 158 0.203 0.017 * L 458  L 466  L 466  
 159 0.219 0.065   E 459  N 467  N 467  
 160 0.271 0.039   A 460  T 468  T 468  
 161 0.307 0.132 * L 461  L 469  L 469  
 162 0.307 0.103   K 462  R 470  R 470  
 163 0.486 0.096 * V 463  V 471  V 471  
 164 0.523 0.136 * Y 464  Y 472  Y 472  
 165 0.535 0.188   V 465  I 473  I 473  
 166 0.648 0.211   D 466  L 474  L 474  
 167 0.731 0.248 * N 467  N 475  N 475  
 168 0.724 0.318   R 468  Q 476  Q 476  
# ======================================
 169 0.646 0.223   G 474  R 482  R 482  
# ======================================
 170 0.282 0.070   T 475  V 485  V 485  
 171 0.468 0.178 * I 476  I 486  I 486  
 172 0.243 0.104 * F 477  F 487  F 487  
 173 0.555 0.174   A 478  G 488  G 488  
 174 0.497 0.153 * K 479  K 489  K 489  
 175 0.312 0.061   L 480  I 490  I 490  
 176 0.249 0.121 * L 481  L 491  L 491  
 177 0.520 0.174   S 482  G 492  G 492  
 178 0.365 0.103   V 483  I 493  I 493  
 179 0.399 0.107 * L 484  L 494  L 494  
 180 0.444 0.087 * T 485  T 495  T 495  
 181 0.388 0.186 * E 486  E 496  E 496  
 182 0.517 0.170   L 487  I 497  I 497  
 183 0.514 0.159 * R 488  R 498  R 498  
 184 0.403 0.144 * T 489  T 499  T 499  
 185 0.409 0.154 * L 490  L 500  L 500  
 186 0.443 0.045 * G 491  G 501  G 501  
 187 0.460 0.084   N 492  M 502  M 502  
 188 0.416 0.139   L 493  Q 503  Q 503  
 189 0.421 0.094 * N 494  N 504  N 504  
 190 0.394 0.096 * S 495  S 505  S 505  
 191 0.542 0.115   E 496  N 506  N 506  
 192 0.415 0.162 * M 497  M 507  M 507  
 193 0.832 0.262 * C 498  C 508  C 508  
# ======================================
 194 0.628 0.213 * L 501  L 511  L 511  
# ======================================
 195 1.340 0.465   K 502  L 513  L 513  
 196 1.090 0.225   L 503  K 514  K 514  
# ======================================
 197 1.483 0.516 * N 505  N 515  N 515  
 198 0.879 0.321   K 506  R 516  R 516  
 199 1.165 0.256 * K 507  K 517  K 517  
 200 0.520 0.248 * L 508  L 518  L 518  
 201 0.421 0.132 * P 509  P 519  P 519  
 202 0.414 0.189 * P 510  P 520  P 520  
 203 0.189 0.068 * F 511  F 521  F 521  
 204 0.071 0.028 * L 512  L 522  L 522  
 205 0.171 0.063   A 513  E 523  E 523  
 206 0.392 0.221 * E 514  E 524  E 524  
 207 0.297 0.142 * I 515  I 525  I 525  
 208 0.271 0.100 * W 516  W 526  W 526  
 209 0.688 0.209 * D 517  D 527  D 527  
 210 0.538 0.204 * V 518  V 528  V 528  
# ======================================
# Sequence alignment of the structurally conserved regions
# [average distance and standard deviation are with respect
#  to the framework (i.e., average structure)]
#
#  N av ds st dv   4oztE  1r20D  1r1kD  
# ======================================
   1 1.132 0.402 * V 281  V 287  V 287  
   2 1.231 0.396   K 282  P 288  P 288  
   3 0.799 0.346 * P 283  P 289  P 289  
   4 0.860 0.448   I 284  L 290  L 290  
   5 0.999 0.382   S 285  T 291  T 291  
   6 1.044 0.333   P 286  A 292  A 292  
   7 0.839 0.312   E 287  N 293  N 293  
   8 0.613 0.149 * Q 288  Q 294  Q 294  
   9 0.681 0.212   E 289  K 295  K 295  
  10 0.616 0.284   E 290  S 296  S 296  
  11 0.562 0.193 * L 291  L 297  L 297  
  12 0.272 0.101 * I 292  I 298  I 298  
  13 0.271 0.078   H 293  A 299  A 299  
  14 0.369 0.067 * R 294  R 300  R 300  
  15 0.392 0.113 * L 295  L 301  L 301  
  16 0.241 0.099 * V 296  V 302  V 302  
  17 0.560 0.165   Y 297  Y 303  W 303  
  18 0.746 0.194   F 298  Y 304  Y 304  
  19 0.550 0.153 * Q 299  Q 305  Q 305  
  20 0.374 0.045   N 300  E 306  E 306  
  21 0.434 0.083   E 301  G 307  G 307  
  22 0.485 0.127 * Y 302  Y 308  Y 308  
  23 0.870 0.142 * E 303  E 309  E 309  
  24 1.324 0.470 * Q 304  Q 310  Q 310  
# ======================================
  25 0.890 0.263   P 305  S 312  P 311  
# ======================================
  26 1.255 0.258   D 307  E 313  E 313  
# ======================================
  27 0.952 0.410   D 309  E 314  D 315  
  28 1.051 0.249   L 310  D 315  L 316  
# ======================================
  29 0.580 0.226   R 312  L 316  R 318  
  30 1.413 0.440   I 313  K 317  V 319  
# ======================================
  31 1.066 0.218   D 325  M 334  D 333  
  32 0.968 0.360   L 326  P 335  M 334  
# ======================================
  33 0.570 0.240 * F 328  F 336  F 336  
  34 0.498 0.177 * R 329  R 337  R 337  
  35 0.454 0.177   H 330  Q 338  Q 338  
  36 0.342 0.119 * I 331  I 339  I 339  
  37 0.263 0.078 * T 332  T 340  T 340  
  38 0.229 0.062 * E 333  E 341  E 341  
  39 0.393 0.078   I 334  M 342  M 342  
  40 0.199 0.033 * T 335  T 343  T 343  
  41 0.206 0.040 * I 336  I 344  I 344  
  42 0.373 0.058 * L 337  L 345  L 345  
  43 0.384 0.062 * T 338  T 346  T 346  
  44 0.330 0.085 * V 339  V 347  V 347  
  45 0.348 0.070 * Q 340  Q 348  Q 348  
  46 0.231 0.126 * L 341  L 349  L 349  
  47 0.296 0.023 * I 342  I 350  I 350  
  48 0.402 0.086 * V 343  V 351  V 351  
  49 0.356 0.109 * E 344  E 352  E 352  
  50 0.195 0.047 * F 345  F 353  F 353  
  51 0.352 0.113 * A 346  A 354  A 354  
  52 0.245 0.081 * K 347  K 355  K 355  
  53 0.319 0.033   R 348  G 356  G 356  
  54 0.243 0.002 * L 349  L 357  L 357  
  55 0.247 0.078 * P 350  P 358  P 358  
  56 0.615 0.200 * G 351  G 359  G 359  
  57 0.306 0.120 * F 352  F 360  F 360  
  58 0.372 0.110   D 353  S 361  A 361  
  59 0.384 0.089 * K 354  K 362  K 362  
  60 0.528 0.024   L 355  I 363  I 363  
  61 0.441 0.086   L 356  S 364  S 364  
  62 0.451 0.106   R 357  Q 365  Q 365  
  63 0.607 0.136   E 358  S 366  S 366  
  64 0.638 0.162 * D 359  D 367  D 367  
  65 0.471 0.195 * Q 360  Q 368  Q 368  
  66 0.233 0.095 * I 361  I 369  I 369  
  67 0.294 0.033   A 362  T 370  T 370  
  68 0.218 0.074 * L 363  L 371  L 371  
  69 0.348 0.118 * L 364  L 372  L 372  
  70 0.403 0.061 * K 365  K 373  K 373  
  71 0.450 0.165 * A 366  A 374  A 374  
  72 0.396 0.089 * C 367  C 375  C 375  
  73 0.190 0.051 * S 368  S 376  S 376  
  74 0.245 0.097 * S 369  S 377  S 377  
  75 0.285 0.099 * E 370  E 378  E 378  
  76 0.277 0.041 * V 371  V 379  V 379  
  77 0.171 0.015 * M 372  M 380  M 380  
  78 0.402 0.144 * M 373  M 381  M 381  
  79 0.330 0.080 * L 374  L 382  L 382  
  80 0.341 0.081 * R 375  R 383  R 383  
  81 0.478 0.120   M 376  V 384  V 384  
  82 0.464 0.099 * A 377  A 385  A 385  
  83 0.462 0.040 * R 378  R 386  R 386  
  84 0.522 0.141 * R 379  R 387  R 387  
  85 0.419 0.065 * Y 380  Y 388  Y 388  
  86 0.519 0.124 * D 381  D 389  D 389  
  87 0.708 0.285   V 382  A 390  A 390  
  88 0.654 0.251   G 383  A 391  A 391  
  89 0.684 0.171   S 384  T 392  T 392  
  90 0.654 0.264 * D 385  D 393  D 393  
  91 0.605 0.180 * S 386  S 394  S 394  
  92 0.535 0.144   I 387  V 395  V 395  
  93 0.673 0.236 * L 388  L 396  L 396  
  94 0.927 0.353 * F 389  F 397  F 397  
# ======================================
  95 1.018 0.355   N 392  A 398  N 400  
  96 0.910 0.329   Q 393  N 399  Q 401  
# ======================================
  97 0.886 0.310   Y 395  T 404  Y 403  
# ======================================
  98 0.967 0.322 * R 397  R 405  R 405  
# ======================================
  99 0.816 0.221   S 399  D 406  N 407  
# ======================================
 100 0.576 0.198 * Y 400  Y 408  Y 408  
 101 0.669 0.220   S 401  R 409  R 409  
 102 0.622 0.200   L 402  K 410  K 410  
 103 0.906 0.350 * A 403  A 411  A 411  
 104 1.043 0.348 * G 404  G 412  G 412  
 105 0.982 0.392 * M 405  M 413  M 413  
 106 0.876 0.256   G 406  A 414  A 414  
 107 1.331 0.515   E 407  Y 415  Y 415  
 108 1.105 0.127   T 408  V 416  V 416  
 109 0.704 0.250   V 409  I 417  I 417  
 110 0.762 0.170   D 410  E 418  E 418  
 111 0.659 0.222 * D 411  D 419  D 419  
 112 0.408 0.129 * L 412  L 420  L 420  
 113 0.283 0.019 * L 413  L 421  L 421  
 114 0.320 0.074   R 414  H 422  H 422  
 115 0.329 0.080 * F 415  F 423  F 423  
 116 0.396 0.091 * C 416  C 424  C 424  
 117 0.292 0.180 * R 417  R 425  R 425  
 118 0.337 0.053   Q 418  C 426  C 426  
 119 0.355 0.058 * M 419  M 427  M 427  
 120 0.421 0.109 * Y 420  Y 428  Y 428  
 121 0.444 0.201   G 421  S 429  S 429  
 122 0.372 0.169 * M 422  M 430  M 430  
 123 0.261 0.158   K 423  M 431  M 431  
 124 0.477 0.076   V 424  M 432  M 432  
 125 0.628 0.302 * D 425  D 433  D 433  
 126 0.391 0.154 * N 426  N 434  N 434  
 127 0.362 0.101   A 427  V 435  V 435  
 128 0.268 0.115   E 428  H 436  H 436  
 129 0.244 0.135 * Y 429  Y 437  Y 437  
 130 0.231 0.104 * A 430  A 438  A 438  
 131 0.167 0.047 * L 431  L 439  L 439  
 132 0.229 0.043 * L 432  L 440  L 440  
 133 0.226 0.051 * T 433  T 441  T 441  
 134 0.139 0.011 * A 434  A 442  A 442  
 135 0.147 0.009 * I 435  I 443  I 443  
 136 0.149 0.016 * V 436  V 444  V 444  
 137 0.155 0.049 * I 437  I 445  I 445  
 138 0.173 0.028 * F 438  F 446  F 446  
 139 0.350 0.165 * S 439  S 447  S 447  
 140 0.281 0.090   E 440  D 448  D 448  
 141 0.246 0.072 * R 441  R 449  R 449  
 142 0.346 0.163 * P 442  P 450  P 450  
 143 0.500 0.096   S 443  G 451  G 451  
 144 0.260 0.088 * L 444  L 452  L 452  
 145 0.206 0.054   I 445  E 453  E 453  
 146 0.442 0.195   E 446  Q 454  Q 454  
 147 0.328 0.060   G 447  P 455  P 455  
 148 0.254 0.152   W 448  S 456  L 456  
 149 0.350 0.045   K 449  L 457  L 457  
 150 0.226 0.096 * V 450  V 458  V 458  
 151 0.184 0.071 * E 451  E 459  E 459  
 152 0.328 0.147   K 452  E 460  E 460  
 153 0.206 0.069 * I 453  I 461  I 461  
 154 0.252 0.081 * Q 454  Q 462  Q 462  
 155 0.262 0.082   E 455  R 463  R 463  
 156 0.217 0.074   I 456  Y 464  Y 464  
 157 0.180 0.071 * Y 457  Y 465  Y 465  
 158 0.198 0.008 * L 458  L 466  L 466  
 159 0.250 0.106   E 459  N 467  N 467  
 160 0.265 0.043   A 460  T 468  T 468  
 161 0.291 0.067 * L 461  L 469  L 469  
 162 0.312 0.128   K 462  R 470  R 470  
 163 0.435 0.160 * V 463  V 471  V 471  
 164 0.459 0.190 * Y 464  Y 472  Y 472  
 165 0.511 0.190   V 465  I 473  I 473  
 166 0.636 0.238   D 466  L 474  L 474  
 167 0.653 0.312 * N 467  N 475  N 475  
 168 0.769 0.306   R 468  Q 476  Q 476  
# ======================================
 169 0.511 0.115   G 474  R 482  R 482  
# ======================================
 170 0.241 0.026   T 475  V 485  V 485  
 171 0.346 0.086 * I 476  I 486  I 486  
 172 0.188 0.036 * F 477  F 487  F 487  
 173 0.384 0.099   A 478  G 488  G 488  
 174 0.338 0.076 * K 479  K 489  K 489  
 175 0.191 0.051   L 480  I 490  I 490  
 176 0.142 0.040 * L 481  L 491  L 491  
 177 0.324 0.123   S 482  G 492  G 492  
 178 0.213 0.035   V 483  I 493  I 493  
 179 0.270 0.028 * L 484  L 494  L 494  
 180 0.320 0.062 * T 485  T 495  T 495  
 181 0.252 0.134 * E 486  E 496  E 496  
 182 0.365 0.122   L 487  I 497  I 497  
 183 0.376 0.106 * R 488  R 498  R 498  
 184 0.311 0.068 * T 489  T 499  T 499  
 185 0.348 0.095 * L 490  L 500  L 500  
 186 0.318 0.020 * G 491  G 501  G 501  
 187 0.454 0.104   N 492  M 502  M 502  
 188 0.524 0.129   L 493  Q 503  Q 503  
 189 0.498 0.148 * N 494  N 504  N 504  
 190 0.487 0.105 * S 495  S 505  S 505  
 191 0.710 0.146   E 496  N 506  N 506  
 192 0.473 0.281 * M 497  M 507  M 507  
 193 0.907 0.228 * C 498  C 508  C 508  
# ======================================
 194 0.795 0.277 * L 501  L 511  L 511  
# ======================================
 195 1.261 0.166 * K 502  K 514  K 514  
# ======================================
 196 1.022 0.370   K 506  R 516  R 516  
 197 1.159 0.318 * K 507  K 517  K 517  
 198 0.543 0.323 * L 508  L 518  L 518  
 199 0.527 0.152 * P 509  P 519  P 519  
 200 0.535 0.198 * P 510  P 520  P 520  
 201 0.250 0.126 * F 511  F 521  F 521  
 202 0.175 0.044 * L 512  L 522  L 522  
 203 0.320 0.081   A 513  E 523  E 523  
 204 0.424 0.217 * E 514  E 524  E 524  
 205 0.289 0.102 * I 515  I 525  I 525  
 206 0.220 0.063 * W 516  W 526  W 526  
 207 0.642 0.161 * D 517  D 527  D 527  
 208 0.649 0.238 * V 518  V 528  V 528  
# ======================================
# Sequence alignment of the structurally conserved regions
# [average distance and standard deviation are with respect
#  to the framework (i.e., average structure)]
#
#  N av ds st dv   4oztE  1r20D  1r1kD  
# ======================================
   1 1.100 0.392 * V 281  V 287  V 287  
   2 1.211 0.391   K 282  P 288  P 288  
   3 0.779 0.339 * P 283  P 289  P 289  
   4 0.832 0.444   I 284  L 290  L 290  
   5 0.975 0.371   S 285  T 291  T 291  
   6 1.020 0.321   P 286  A 292  A 292  
   7 0.821 0.301   E 287  N 293  N 293  
   8 0.599 0.153 * Q 288  Q 294  Q 294  
   9 0.667 0.225   E 289  K 295  K 295  
  10 0.610 0.290   E 290  S 296  S 296  
  11 0.563 0.189 * L 291  L 297  L 297  
  12 0.277 0.096 * I 292  I 298  I 298  
  13 0.271 0.075   H 293  A 299  A 299  
  14 0.373 0.065 * R 294  R 300  R 300  
  15 0.393 0.119 * L 295  L 301  L 301  
  16 0.245 0.103 * V 296  V 302  V 302  
  17 0.564 0.170   Y 297  Y 303  W 303  
  18 0.748 0.194   F 298  Y 304  Y 304  
  19 0.549 0.153 * Q 299  Q 305  Q 305  
  20 0.373 0.046   N 300  E 306  E 306  
  21 0.433 0.083   E 301  G 307  G 307  
  22 0.479 0.125 * Y 302  Y 308  Y 308  
  23 0.863 0.145 * E 303  E 309  E 309  
  24 1.325 0.473 * Q 304  Q 310  Q 310  
# ======================================
  25 0.879 0.258   P 305  S 312  P 311  
# ======================================
  26 1.258 0.258   D 307  E 313  E 313  
# ======================================
  27 0.956 0.402   D 309  E 314  D 315  
  28 1.068 0.239   L 310  D 315  L 316  
# ======================================
  29 0.585 0.230   R 312  L 316  R 318  
  30 1.430 0.431   I 313  K 317  V 319  
# ======================================
  31 1.091 0.193   D 325  M 334  D 333  
  32 0.995 0.372   L 326  P 335  M 334  
# ======================================
  33 0.598 0.263 * F 328  F 336  F 336  
  34 0.529 0.196 * R 329  R 337  R 337  
  35 0.468 0.186   H 330  Q 338  Q 338  
  36 0.341 0.128 * I 331  I 339  I 339  
  37 0.253 0.087 * T 332  T 340  T 340  
  38 0.207 0.057 * E 333  E 341  E 341  
  39 0.374 0.063   I 334  M 342  M 342  
  40 0.186 0.021 * T 335  T 343  T 343  
  41 0.178 0.022 * I 336  I 344  I 344  
  42 0.357 0.073 * L 337  L 345  L 345  
  43 0.367 0.076 * T 338  T 346  T 346  
  44 0.307 0.069 * V 339  V 347  V 347  
  45 0.327 0.056 * Q 340  Q 348  Q 348  
  46 0.235 0.124 * L 341  L 349  L 349  
  47 0.284 0.031 * I 342  I 350  I 350  
  48 0.383 0.076 * V 343  V 351  V 351  
  49 0.351 0.106 * E 344  E 352  E 352  
  50 0.186 0.040 * F 345  F 353  F 353  
  51 0.339 0.101 * A 346  A 354  A 354  
  52 0.250 0.079 * K 347  K 355  K 355  
  53 0.322 0.029   R 348  G 356  G 356  
  54 0.234 0.006 * L 349  L 357  L 357  
  55 0.239 0.090 * P 350  P 358  P 358  
  56 0.599 0.211 * G 351  G 359  G 359  
  57 0.288 0.105 * F 352  F 360  F 360  
  58 0.341 0.095   D 353  S 361  A 361  
  59 0.363 0.076 * K 354  K 362  K 362  
  60 0.509 0.042   L 355  I 363  I 363  
  61 0.427 0.092   L 356  S 364  S 364  
  62 0.443 0.112   R 357  Q 365  Q 365  
  63 0.582 0.156   E 358  S 366  S 366  
  64 0.624 0.168 * D 359  D 367  D 367  
  65 0.461 0.198 * Q 360  Q 368  Q 368  
  66 0.224 0.068 * I 361  I 369  I 369  
  67 0.274 0.044   A 362  T 370  T 370  
  68 0.218 0.082 * L 363  L 371  L 371  
  69 0.345 0.120 * L 364  L 372  L 372  
  70 0.391 0.063 * K 365  K 373  K 373  
  71 0.429 0.150 * A 366  A 374  A 374  
  72 0.406 0.094 * C 367  C 375  C 375  
  73 0.194 0.045 * S 368  S 376  S 376  
  74 0.259 0.107 * S 369  S 377  S 377  
  75 0.287 0.097 * E 370  E 378  E 378  
  76 0.267 0.034 * V 371  V 379  V 379  
  77 0.160 0.020 * M 372  M 380  M 380  
  78 0.393 0.151 * M 373  M 381  M 381  
  79 0.324 0.089 * L 374  L 382  L 382  
  80 0.329 0.081 * R 375  R 383  R 383  
  81 0.468 0.128   M 376  V 384  V 384  
  82 0.468 0.108 * A 377  A 385  A 385  
  83 0.461 0.045 * R 378  R 386  R 386  
  84 0.510 0.139 * R 379  R 387  R 387  
  85 0.414 0.056 * Y 380  Y 388  Y 388  
  86 0.497 0.125 * D 381  D 389  D 389  
  87 0.691 0.288   V 382  A 390  A 390  
  88 0.622 0.263   G 383  A 391  A 391  
  89 0.660 0.169   S 384  T 392  T 392  
  90 0.632 0.270 * D 385  D 393  D 393  
  91 0.594 0.179 * S 386  S 394  S 394  
  92 0.520 0.145   I 387  V 395  V 395  
  93 0.660 0.235 * L 388  L 396  L 396  
  94 0.914 0.353 * F 389  F 397  F 397  
# ======================================
  95 1.023 0.360   N 392  A 398  N 400  
  96 0.902 0.328   Q 393  N 399  Q 401  
# ======================================
  97 0.905 0.327   Y 395  T 404  Y 403  
# ======================================
  98 0.976 0.316 * R 397  R 405  R 405  
# ======================================
  99 0.805 0.198   S 399  D 406  N 407  
# ======================================
 100 0.596 0.219 * Y 400  Y 408  Y 408  
 101 0.666 0.204   S 401  R 409  R 409  
 102 0.652 0.206   L 402  K 410  K 410  
 103 0.934 0.356 * A 403  A 411  A 411  
 104 1.037 0.338 * G 404  G 412  G 412  
 105 0.988 0.385 * M 405  M 413  M 413  
 106 0.872 0.241   G 406  A 414  A 414  
 107 1.299 0.530   E 407  Y 415  Y 415  
 108 1.101 0.113   T 408  V 416  V 416  
 109 0.692 0.242   V 409  I 417  I 417  
 110 0.766 0.158   D 410  E 418  E 418  
 111 0.657 0.219 * D 411  D 419  D 419  
 112 0.401 0.127 * L 412  L 420  L 420  
 113 0.276 0.022 * L 413  L 421  L 421  
 114 0.327 0.081   R 414  H 422  H 422  
 115 0.329 0.084 * F 415  F 423  F 423  
 116 0.395 0.090 * C 416  C 424  C 424  
 117 0.291 0.176 * R 417  R 425  R 425  
 118 0.354 0.070   Q 418  C 426  C 426  
 119 0.366 0.054 * M 419  M 427  M 427  
 120 0.437 0.096 * Y 420  Y 428  Y 428  
 121 0.438 0.214   G 421  S 429  S 429  
 122 0.379 0.158 * M 422  M 430  M 430  
 123 0.265 0.146   K 423  M 431  M 431  
 124 0.463 0.068   V 424  M 432  M 432  
 125 0.617 0.295 * D 425  D 433  D 433  
 126 0.387 0.149 * N 426  N 434  N 434  
 127 0.363 0.100   A 427  V 435  V 435  
 128 0.268 0.115   E 428  H 436  H 436  
 129 0.241 0.132 * Y 429  Y 437  Y 437  
 130 0.233 0.104 * A 430  A 438  A 438  
 131 0.172 0.050 * L 431  L 439  L 439  
 132 0.229 0.042 * L 432  L 440  L 440  
 133 0.224 0.048 * T 433  T 441  T 441  
 134 0.137 0.004 * A 434  A 442  A 442  
 135 0.153 0.009 * I 435  I 443  I 443  
 136 0.155 0.011 * V 436  V 444  V 444  
 137 0.166 0.039 * I 437  I 445  I 445  
 138 0.167 0.035 * F 438  F 446  F 446  
 139 0.343 0.157 * S 439  S 447  S 447  
 140 0.284 0.087   E 440  D 448  D 448  
 141 0.241 0.063 * R 441  R 449  R 449  
 142 0.341 0.147 * P 442  P 450  P 450  
 143 0.493 0.102   S 443  G 451  G 451  
 144 0.253 0.086 * L 444  L 452  L 452  
 145 0.183 0.041   I 445  E 453  E 453  
 146 0.438 0.178   E 446  Q 454  Q 454  
 147 0.320 0.057   G 447  P 455  P 455  
 148 0.253 0.142   W 448  S 456  L 456  
 149 0.328 0.052   K 449  L 457  L 457  
 150 0.216 0.102 * V 450  V 458  V 458  
 151 0.177 0.080 * E 451  E 459  E 459  
 152 0.339 0.138   K 452  E 460  E 460  
 153 0.194 0.077 * I 453  I 461  I 461  
 154 0.248 0.073 * Q 454  Q 462  Q 462  
 155 0.250 0.079   E 455  R 463  R 463  
 156 0.200 0.067   I 456  Y 464  Y 464  
 157 0.180 0.072 * Y 457  Y 465  Y 465  
 158 0.192 0.003 * L 458  L 466  L 466  
 159 0.238 0.098   E 459  N 467  N 467  
 160 0.263 0.044   A 460  T 468  T 468  
 161 0.293 0.068 * L 461  L 469  L 469  
 162 0.307 0.124   K 462  R 470  R 470  
 163 0.420 0.156 * V 463  V 471  V 471  
 164 0.450 0.185 * Y 464  Y 472  Y 472  
 165 0.501 0.188   V 465  I 473  I 473  
 166 0.617 0.233   D 466  L 474  L 474  
 167 0.634 0.306 * N 467  N 475  N 475  
 168 0.759 0.298   R 468  Q 476  Q 476  
# ======================================
 169 0.501 0.106   G 474  R 482  R 482  
# ======================================
 170 0.253 0.031   T 475  V 485  V 485  
 171 0.332 0.078 * I 476  I 486  I 486  
 172 0.183 0.041 * F 477  F 487  F 487  
 173 0.382 0.099   A 478  G 488  G 488  
 174 0.338 0.077 * K 479  K 489  K 489  
 175 0.190 0.054   L 480  I 490  I 490  
 176 0.143 0.042 * L 481  L 491  L 491  
 177 0.312 0.115   S 482  G 492  G 492  
 178 0.202 0.028   V 483  I 493  I 493  
 179 0.258 0.023 * L 484  L 494  L 494  
 180 0.312 0.060 * T 485  T 495  T 495  
 181 0.247 0.114 * E 486  E 496  E 496  
 182 0.345 0.115   L 487  I 497  I 497  
 183 0.359 0.096 * R 488  R 498  R 498  
 184 0.306 0.049 * T 489  T 499  T 499  
 185 0.341 0.079 * L 490  L 500  L 500  
 186 0.298 0.030 * G 491  G 501  G 501  
 187 0.466 0.103   N 492  M 502  M 502  
 188 0.546 0.122   L 493  Q 503  Q 503  
 189 0.508 0.151 * N 494  N 504  N 504  
 190 0.504 0.107 * S 495  S 505  S 505  
 191 0.741 0.161   E 496  N 506  N 506  
 192 0.504 0.260 * M 497  M 507  M 507  
 193 0.936 0.232 * C 498  C 508  C 508  
# ======================================
 194 0.751 0.376   F 499  S 510  S 510  
# ======================================
 195 0.853 0.304 * L 501  L 511  L 511  
# ======================================
 196 1.239 0.146 * K 502  K 514  K 514  
# ======================================
 197 1.087 0.397   K 506  R 516  R 516  
 198 1.182 0.329 * K 507  K 517  K 517  
 199 0.575 0.328 * L 508  L 518  L 518  
 200 0.566 0.173 * P 509  P 519  P 519  
 201 0.578 0.226 * P 510  P 520  P 520  
 202 0.273 0.119 * F 511  F 521  F 521  
 203 0.204 0.027 * L 512  L 522  L 522  
 204 0.362 0.107   A 513  E 523  E 523  
 205 0.447 0.229 * E 514  E 524  E 524  
 206 0.309 0.106 * I 515  I 525  I 525  
 207 0.227 0.070 * W 516  W 526  W 526  
 208 0.645 0.146 * D 517  D 527  D 527  
 209 0.683 0.215 * V 518  V 528  V 528  
# ======================================
# Sequence alignment of the structurally conserved regions
# [average distance and standard deviation are with respect
#  to the framework (i.e., average structure)]
#
#  N av ds st dv   4oztE  1r20D  1r1kD  
# ======================================
   1 1.097 0.390 * V 281  V 287  V 287  
   2 1.210 0.390   K 282  P 288  P 288  
   3 0.777 0.338 * P 283  P 289  P 289  
   4 0.829 0.441   I 284  L 290  L 290  
   5 0.972 0.368   S 285  T 291  T 291  
   6 1.017 0.318   P 286  A 292  A 292  
   7 0.818 0.299   E 287  N 293  N 293  
   8 0.597 0.153 * Q 288  Q 294  Q 294  
   9 0.665 0.226   E 289  K 295  K 295  
  10 0.609 0.290   E 290  S 296  S 296  
  11 0.563 0.188 * L 291  L 297  L 297  
  12 0.278 0.095 * I 292  I 298  I 298  
  13 0.272 0.075   H 293  A 299  A 299  
  14 0.375 0.064 * R 294  R 300  R 300  
  15 0.393 0.120 * L 295  L 301  L 301  
  16 0.247 0.102 * V 296  V 302  V 302  
  17 0.565 0.170   Y 297  Y 303  W 303  
  18 0.749 0.194   F 298  Y 304  Y 304  
  19 0.550 0.153 * Q 299  Q 305  Q 305  
  20 0.374 0.047   N 300  E 306  E 306  
  21 0.433 0.083   E 301  G 307  G 307  
  22 0.479 0.124 * Y 302  Y 308  Y 308  
  23 0.863 0.146 * E 303  E 309  E 309  
  24 1.324 0.474 * Q 304  Q 310  Q 310  
# ======================================
  25 0.879 0.258   P 305  S 312  P 311  
# ======================================
  26 1.257 0.258   D 307  E 313  E 313  
# ======================================
  27 0.958 0.401   D 309  E 314  D 315  
  28 1.067 0.237   L 310  D 315  L 316  
# ======================================
  29 0.585 0.229   R 312  L 316  R 318  
  30 1.431 0.430   I 313  K 317  V 319  
# ======================================
  31 1.097 0.188   D 325  M 334  D 333  
  32 0.996 0.372   L 326  P 335  M 334  
# ======================================
  33 0.596 0.268 * F 328  F 336  F 336  
  34 0.528 0.199 * R 329  R 337  R 337  
  35 0.466 0.188   H 330  Q 338  Q 338  
  36 0.338 0.132 * I 331  I 339  I 339  
  37 0.249 0.091 * T 332  T 340  T 340  
  38 0.202 0.055 * E 333  E 341  E 341  
  39 0.371 0.062   I 334  M 342  M 342  
  40 0.184 0.022 * T 335  T 343  T 343  
  41 0.174 0.021 * I 336  I 344  I 344  
  42 0.354 0.073 * L 337  L 345  L 345  
  43 0.365 0.078 * T 338  T 346  T 346  
  44 0.305 0.068 * V 339  V 347  V 347  
  45 0.326 0.055 * Q 340  Q 348  Q 348  
  46 0.235 0.123 * L 341  L 349  L 349  
  47 0.282 0.031 * I 342  I 350  I 350  
  48 0.381 0.075 * V 343  V 351  V 351  
  49 0.350 0.106 * E 344  E 352  E 352  
  50 0.186 0.039 * F 345  F 353  F 353  
  51 0.338 0.100 * A 346  A 354  A 354  
  52 0.251 0.079 * K 347  K 355  K 355  
  53 0.323 0.028   R 348  G 356  G 356  
  54 0.233 0.006 * L 349  L 357  L 357  
  55 0.236 0.091 * P 350  P 358  P 358  
  56 0.598 0.213 * G 351  G 359  G 359  
  57 0.287 0.104 * F 352  F 360  F 360  
  58 0.336 0.092   D 353  S 361  A 361  
  59 0.357 0.074 * K 354  K 362  K 362  
  60 0.504 0.046   L 355  I 363  I 363  
  61 0.420 0.091   L 356  S 364  S 364  
  62 0.437 0.110   R 357  Q 365  Q 365  
  63 0.578 0.159   E 358  S 366  S 366  
  64 0.621 0.171 * D 359  D 367  D 367  
  65 0.458 0.199 * Q 360  Q 368  Q 368  
  66 0.219 0.065 * I 361  I 369  I 369  
  67 0.274 0.043   A 362  T 370  T 370  
  68 0.219 0.083 * L 363  L 371  L 371  
  69 0.346 0.122 * L 364  L 372  L 372  
  70 0.392 0.066 * K 365  K 373  K 373  
  71 0.427 0.149 * A 366  A 374  A 374  
  72 0.405 0.096 * C 367  C 375  C 375  
  73 0.195 0.044 * S 368  S 376  S 376  
  74 0.259 0.108 * S 369  S 377  S 377  
  75 0.289 0.096 * E 370  E 378  E 378  
  76 0.264 0.032 * V 371  V 379  V 379  
  77 0.157 0.020 * M 372  M 380  M 380  
  78 0.392 0.153 * M 373  M 381  M 381  
  79 0.322 0.090 * L 374  L 382  L 382  
  80 0.328 0.080 * R 375  R 383  R 383  
  81 0.467 0.130   M 376  V 384  V 384  
  82 0.466 0.108 * A 377  A 385  A 385  
  83 0.460 0.046 * R 378  R 386  R 386  
  84 0.511 0.140 * R 379  R 387  R 387  
  85 0.416 0.055 * Y 380  Y 388  Y 388  
  86 0.500 0.129 * D 381  D 389  D 389  
  87 0.695 0.292   V 382  A 390  A 390  
  88 0.624 0.270   G 383  A 391  A 391  
  89 0.665 0.172   S 384  T 392  T 392  
  90 0.637 0.274 * D 385  D 393  D 393  
  91 0.598 0.181 * S 386  S 394  S 394  
  92 0.523 0.148   I 387  V 395  V 395  
  93 0.663 0.237 * L 388  L 396  L 396  
  94 0.916 0.354 * F 389  F 397  F 397  
# ======================================
  95 1.022 0.360   N 392  A 398  N 400  
  96 0.902 0.328   Q 393  N 399  Q 401  
# ======================================
  97 0.903 0.330   Y 395  T 404  Y 403  
# ======================================
  98 0.980 0.315 * R 397  R 405  R 405  
# ======================================
  99 0.810 0.193   S 399  D 406  N 407  
# ======================================
 100 0.597 0.220 * Y 400  Y 408  Y 408  
 101 0.671 0.198   S 401  R 409  R 409  
 102 0.660 0.200   L 402  K 410  K 410  
 103 0.937 0.356 * A 403  A 411  A 411  
 104 1.039 0.336 * G 404  G 412  G 412  
 105 0.990 0.383 * M 405  M 413  M 413  
 106 0.876 0.240   G 406  A 414  A 414  
 107 1.300 0.537   E 407  Y 415  Y 415  
 108 1.104 0.115   T 408  V 416  V 416  
 109 0.694 0.241   V 409  I 417  I 417  
 110 0.771 0.156   D 410  E 418  E 418  
 111 0.659 0.218 * D 411  D 419  D 419  
 112 0.403 0.128 * L 412  L 420  L 420  
 113 0.280 0.026 * L 413  L 421  L 421  
 114 0.329 0.081   R 414  H 422  H 422  
 115 0.327 0.085 * F 415  F 423  F 423  
 116 0.393 0.091 * C 416  C 424  C 424  
 117 0.291 0.176 * R 417  R 425  R 425  
 118 0.353 0.072   Q 418  C 426  C 426  
 119 0.364 0.051 * M 419  M 427  M 427  
 120 0.437 0.094 * Y 420  Y 428  Y 428  
 121 0.433 0.214   G 421  S 429  S 429  
 122 0.381 0.157 * M 422  M 430  M 430  
 123 0.269 0.144   K 423  M 431  M 431  
 124 0.461 0.068   V 424  M 432  M 432  
 125 0.615 0.295 * D 425  D 433  D 433  
 126 0.388 0.147 * N 426  N 434  N 434  
 127 0.364 0.100   A 427  V 435  V 435  
 128 0.269 0.114   E 428  H 436  H 436  
 129 0.241 0.132 * Y 429  Y 437  Y 437  
 130 0.233 0.104 * A 430  A 438  A 438  
 131 0.172 0.050 * L 431  L 439  L 439  
 132 0.229 0.041 * L 432  L 440  L 440  
 133 0.224 0.047 * T 433  T 441  T 441  
 134 0.137 0.004 * A 434  A 442  A 442  
 135 0.155 0.008 * I 435  I 443  I 443  
 136 0.156 0.011 * V 436  V 444  V 444  
 137 0.168 0.038 * I 437  I 445  I 445  
 138 0.167 0.036 * F 438  F 446  F 446  
 139 0.342 0.155 * S 439  S 447  S 447  
 140 0.286 0.085   E 440  D 448  D 448  
 141 0.242 0.060 * R 441  R 449  R 449  
 142 0.343 0.142 * P 442  P 450  P 450  
 143 0.490 0.103   S 443  G 451  G 451  
 144 0.250 0.086 * L 444  L 452  L 452  
 145 0.181 0.038   I 445  E 453  E 453  
 146 0.440 0.173   E 446  Q 454  Q 454  
 147 0.318 0.055   G 447  P 455  P 455  
 148 0.250 0.141   W 448  S 456  L 456  
 149 0.325 0.050   K 449  L 457  L 457  
 150 0.217 0.105 * V 450  V 458  V 458  
 151 0.174 0.080 * E 451  E 459  E 459  
 152 0.338 0.137   K 452  E 460  E 460  
 153 0.192 0.077 * I 453  I 461  I 461  
 154 0.250 0.072 * Q 454  Q 462  Q 462  
 155 0.250 0.079   E 455  R 463  R 463  
 156 0.197 0.068   I 456  Y 464  Y 464  
 157 0.180 0.072 * Y 457  Y 465  Y 465  
 158 0.191 0.002 * L 458  L 466  L 466  
 159 0.236 0.097   E 459  N 467  N 467  
 160 0.262 0.045   A 460  T 468  T 468  
 161 0.293 0.068 * L 461  L 469  L 469  
 162 0.306 0.123   K 462  R 470  R 470  
 163 0.419 0.156 * V 463  V 471  V 471  
 164 0.449 0.185 * Y 464  Y 472  Y 472  
 165 0.500 0.187   V 465  I 473  I 473  
 166 0.615 0.232   D 466  L 474  L 474  
 167 0.632 0.307 * N 467  N 475  N 475  
 168 0.759 0.297   R 468  Q 476  Q 476  
# ======================================
 169 0.499 0.104   G 474  R 482  R 482  
# ======================================
 170 0.255 0.032   T 475  V 485  V 485  
 171 0.330 0.077 * I 476  I 486  I 486  
 172 0.183 0.042 * F 477  F 487  F 487  
 173 0.380 0.098   A 478  G 488  G 488  
 174 0.337 0.076 * K 479  K 489  K 489  
 175 0.189 0.054   L 480  I 490  I 490  
 176 0.142 0.041 * L 481  L 491  L 491  
 177 0.310 0.116   S 482  G 492  G 492  
 178 0.198 0.027   V 483  I 493  I 493  
 179 0.255 0.024 * L 484  L 494  L 494  
 180 0.309 0.058 * T 485  T 495  T 495  
 181 0.242 0.111 * E 486  E 496  E 496  
 182 0.340 0.113   L 487  I 497  I 497  
 183 0.354 0.094 * R 488  R 498  R 498  
 184 0.300 0.045 * T 489  T 499  T 499  
 185 0.336 0.077 * L 490  L 500  L 500  
 186 0.293 0.032 * G 491  G 501  G 501  
 187 0.465 0.101   N 492  M 502  M 502  
 188 0.545 0.117   L 493  Q 503  Q 503  
 189 0.506 0.148 * N 494  N 504  N 504  
 190 0.501 0.104 * S 495  S 505  S 505  
 191 0.740 0.162   E 496  N 506  N 506  
 192 0.503 0.252 * M 497  M 507  M 507  
 193 0.937 0.236 * C 498  C 508  C 508  
# ======================================
 194 0.739 0.369   F 499  S 510  S 510  
# ======================================
 195 0.860 0.305 * L 501  L 511  L 511  
# ======================================
 196 1.230 0.149 * K 502  K 514  K 514  
# ======================================
 197 1.095 0.397   K 506  R 516  R 516  
 198 1.188 0.328 * K 507  K 517  K 517  
 199 0.580 0.326 * L 508  L 518  L 518  
 200 0.569 0.175 * P 509  P 519  P 519  
 201 0.580 0.229 * P 510  P 520  P 520  
 202 0.274 0.120 * F 511  F 521  F 521  
 203 0.207 0.026 * L 512  L 522  L 522  
 204 0.364 0.110   A 513  E 523  E 523  
 205 0.450 0.231 * E 514  E 524  E 524  
 206 0.313 0.105 * I 515  I 525  I 525  
 207 0.231 0.071 * W 516  W 526  W 526  
 208 0.649 0.144 * D 517  D 527  D 527  
 209 0.686 0.209 * V 518  V 528  V 528  
# ======================================

Least-squares dynamic programming alignment:
     FIT_ATOMS atoms for alignment     : CA
     Max dist from frw for equivalence :    3.5000
     Gap introduction penalty          :    0.0000
     Gap extension penalty             :    1.7500
     Numb of residues in framework     :       209




COMPARISON OF SEVERAL 3D STRUCTURES:


  #  ALGNMT CODE      ATOM FILE                          

  1  4oztE
  2  1r20D
  3  1r1kD



Variability at a given position is calculated as: 
VAR = 1/Nij * sum_ij (feat_i - feat_j)
sum runs over all pairs of proteins with residues present.



>> Least-squares superposition (FIT)           :       T

   Atom types for superposition/RMS (FIT_ATOMS): CA
   Atom type for position average/variability (VARATOM): CA


   Position comparison (FIT_ATOMS): 

       Cutoff for RMS calculation:     3.5000

       Upper = RMS, Lower = numb equiv positions

        4oztE   1r20D   1r1kD   
4oztE      0.000   1.128   0.914
1r20D        209   0.000   1.061
1r1kD        222     220   0.000



   Distance comparison (FIT_ATOMS): 

       Cutoff for rms calculation:     3.5000

       Upper = Distance RMS, Lower = numb equiv distances

        4oztE   1r20D   1r1kD   
4oztE      0.000   0.930   0.647
1r20D      21716   0.000   0.871
1r1kD      24530   24041   0.000

>> Sequence comparison: 

       Diag=numb res, Upper=numb equiv res, Lower = % seq ID


            4oztE   1r20D   1r1kD
4oztE         238     129     145
1r20D          57     228     205
1r1kD          61      90     236


>> Dihedral angle comparison: Alph


       Cutoff for rms comparison:    60.0000

       Upper = RMS Alph, Lower = numb of equiv angles

        4oztE   1r20D   1r1kD   
4oztE      0.000  13.119   9.389
1r20D        189   0.000  14.128
1r1kD        214     205   0.000


>> Dihedral angle comparison: Phi 


       Cutoff for rms comparison:    60.0000

       Upper = RMS Phi , Lower = numb of equiv angles

        4oztE   1r20D   1r1kD   
4oztE      0.000  19.077  15.627
1r20D        195   0.000  19.261
1r1kD        215     207   0.000


>> Dihedral angle comparison: Psi 


       Cutoff for rms comparison:    15.0000

       Upper = RMS Psi , Lower = numb of equiv angles

        4oztE   1r20D   1r1kD   
4oztE      0.000   7.486   7.262
1r20D        109   0.000   7.773
1r1kD        144     111   0.000


>> Dihedral angle comparison: Omeg


       Cutoff for rms comparison:    60.0000

       Upper = RMS Omeg, Lower = numb of equiv angles

        4oztE   1r20D   1r1kD   
4oztE      0.000   4.447   4.126
1r20D        208   0.000   1.861
1r1kD        221     219   0.000


>> Dihedral angle comparison: chi1


       Cutoff for rms comparison:    60.0000

       Upper = RMS chi1, Lower = numb of equiv angles

        4oztE   1r20D   1r1kD   
4oztE      0.000  21.308  18.952
1r20D        119   0.000  21.831
1r1kD        141     144   0.000


>> Dihedral angle comparison: chi2


       Cutoff for rms comparison:    60.0000

       Upper = RMS chi2, Lower = numb of equiv angles

        4oztE   1r20D   1r1kD   
4oztE      0.000  24.166  22.180
1r20D         81   0.000  22.277
1r1kD         94      84   0.000


>> Dihedral angle comparison: chi3


       Cutoff for rms comparison:    60.0000

       Upper = RMS chi3, Lower = numb of equiv angles

        4oztE   1r20D   1r1kD   
4oztE      0.000  29.439  23.790
1r20D         24   0.000  24.899
1r1kD         24      32   0.000


>> Dihedral angle comparison: chi4


       Cutoff for rms comparison:    60.0000

       Upper = RMS chi4, Lower = numb of equiv angles

        4oztE   1r20D   1r1kD   
4oztE      0.000  31.835  11.396
1r20D          9   0.000  28.788
1r1kD          5       9   0.000


>> Dihedral angle comparison: chi5


       Cutoff for rms comparison:    60.0000

       Upper = RMS chi5, Lower = numb of equiv angles

        4oztE   1r20D   1r1kD   
4oztE      0.000   0.000   0.000
1r20D          0   0.000   0.000
1r1kD          0       0   0.000



>> Ramachandran mainchain class substitution
   prot 1 --> prot 2; class on vert --> class on horiz

              A      P      B      L      E      U
      A     513      4      5      1      0      0
      P       5     41     14      2      0      0
      B       4      9     21      1      0      0
      L       4      2      1     18      0      0
      E       0      0      0      0      0      0
      U       0      0      2      0      0      4


   Summary (% does not count undefined):

   CODE   # ID # NID # TOT   % ID  % NID  % TOT
      A    513    10   523   79.5    1.6   81.1
      P     41    21    62    6.4    3.3    9.6
      B     21    14    35    3.3    2.2    5.4
      L     18     7    25    2.8    1.1    3.9
      E      0     0     0    0.0    0.0    0.0
   --------------------------------------------
   SUMS    593    52   645   91.9    8.1  100.0
   --------------------------------------------
      U      4     2     6    0.6    0.3    0.9



>> Dihedral class substitution: Alph
   prot 1 --> prot 2; class on vert --> class on horiz

              1      2      3      4
      1       1      2      3      0
      2       0    494     13      0
      3       8     12    109      0
      4       0      0      2      7


   Summary (% does not count undefined):

   CODE   # ID # NID # TOT   % ID  % NID  % TOT
      1      1     5     6    0.2    0.8    0.9
      2    494    13   507   76.9    2.0   79.0
      3    109    20   129   17.0    3.1   20.1
   --------------------------------------------
   SUMS    604    38   642   94.1    5.9  100.0
   --------------------------------------------
      4      7     2     9    1.1    0.3    1.4



>> Dihedral class substitution: Phi 
   prot 1 --> prot 2; class on vert --> class on horiz

              1      2      3      4
      1     491      2     38      0
      2       5     18      2      0
      3      43      2     47      0
      4       0      0      0      3


   Summary (% does not count undefined):

   CODE   # ID # NID # TOT   % ID  % NID  % TOT
      1    491    40   531   75.8    6.2   81.9
      2     18     7    25    2.8    1.1    3.9
      3     47    45    92    7.3    6.9   14.2
   --------------------------------------------
   SUMS    556    92   648   85.8   14.2  100.0
   --------------------------------------------
      4      3     0     3    0.5    0.0    0.5



>> Dihedral class substitution: Psi 
   prot 1 --> prot 2; class on vert --> class on horiz

              1      2      3      4
      1     465     24      4      0
      2      17     48     10      0
      3       6      8     66      0
      4       0      0      2      1


   Summary (% does not count undefined):

   CODE   # ID # NID # TOT   % ID  % NID  % TOT
      1    465    28   493   71.8    4.3   76.1
      2     48    27    75    7.4    4.2   11.6
      3     66    14    80   10.2    2.2   12.3
   --------------------------------------------
   SUMS    579    69   648   89.4   10.6  100.0
   --------------------------------------------
      4      1     2     3    0.2    0.3    0.5



>> Dihedral class substitution: Omeg
   prot 1 --> prot 2; class on vert --> class on horiz

              1      2      3      4
      1     648      0      0      0
      2       0      0      0      0
      3       0      0      0      0
      4       2      0      0      1


   Summary (% does not count undefined):

   CODE   # ID # NID # TOT   % ID  % NID  % TOT
      1    648     0   648  100.0    0.0  100.0
      2      0     0     0    0.0    0.0    0.0
      3      0     0     0    0.0    0.0    0.0
   --------------------------------------------
   SUMS    648     0   648  100.0    0.0  100.0
   --------------------------------------------
      4      1     2     3    0.2    0.3    0.5



>> Dihedral class substitution: chi1
   prot 1 --> prot 2; class on vert --> class on horiz

              1      2      3      4
      1     284     55     23     16
      2      46    106      6      9
      3      18     11     11      1
      4      14      1      1     49


   Summary (% does not count undefined):

   CODE   # ID # NID # TOT   % ID  % NID  % TOT
      1    284    94   378   48.5   16.0   64.5
      2    106    61   167   18.1   10.4   28.5
      3     11    30    41    1.9    5.1    7.0
   --------------------------------------------
   SUMS    401   185   586   68.4   31.6  100.0
   --------------------------------------------
      4     49    16    65    7.5    2.5   10.0



>> Dihedral class substitution: chi2
   prot 1 --> prot 2; class on vert --> class on horiz

              1      2      3      4
      1     185     76     20     24
      2      29     81      8      8
      3      16     10      6      4
      4      13      5      4    162


   Summary (% does not count undefined):

   CODE   # ID # NID # TOT   % ID  % NID  % TOT
      1    185   120   305   39.6   25.7   65.3
      2     81    45   126   17.3    9.6   27.0
      3      6    30    36    1.3    6.4    7.7
   --------------------------------------------
   SUMS    272   195   467   58.2   41.8  100.0
   --------------------------------------------
      4    162    22   184   24.9    3.4   28.3



>> Dihedral class substitution: chi3
   prot 1 --> prot 2; class on vert --> class on horiz

              1      2      3      4
      1      58     36     14     34
      2      15     20      1      4
      3       7      5      7      3
      4      19     10      8    410


   Summary (% does not count undefined):

   CODE   # ID # NID # TOT   % ID  % NID  % TOT
      1     58    84   142   28.4   41.2   69.6
      2     20    20    40    9.8    9.8   19.6
      3      7    15    22    3.4    7.4   10.8
   --------------------------------------------
   SUMS     85   119   204   41.7   58.3  100.0
   --------------------------------------------
      4    410    37   447   63.0    5.7   68.7



>> Dihedral class substitution: chi4
   prot 1 --> prot 2; class on vert --> class on horiz

              1      2      3      4
      1      11      4      5      8
      2       8      6      5     11
      3       6      3      5      3
      4       6      0      6    564


   Summary (% does not count undefined):

   CODE   # ID # NID # TOT   % ID  % NID  % TOT
      1     11    17    28   14.7   22.7   37.3
      2      6    24    30    8.0   32.0   40.0
      3      5    12    17    6.7   16.0   22.7
   --------------------------------------------
   SUMS     22    53    75   29.3   70.7  100.0
   --------------------------------------------
      4    564    12   576   86.6    1.8   88.5



>> Dihedral class substitution: chi5
   prot 1 --> prot 2; class on vert --> class on horiz

              1      2      3      4
      1       0      0      0      0
      2       0      0      0      0
      3       0      0      0      0
      4       0      0      0    651


   Summary (% does not count undefined):

   CODE   # ID # NID # TOT   % ID  % NID  % TOT
      1      0     0     0    0.0    0.0    0.0
      2      0     0     0    0.0    0.0    0.0
      3      0     0     0    0.0    0.0    0.0
   --------------------------------------------
   SUMS      0     0     0    0.0    0.0    0.0
   --------------------------------------------
      4    651     0   651  100.0    0.0  100.0



>> Detailed comparison:


       Structure :  1
       Structure :  2
       Structure :  3
       ALN      ... alignment position
       RESID... ... residue numbers 1/2/3
       AAA      ... amino acid types 1/2/3
       MNC      ... mainchain classes 1/2/3
       ALP...   ... dihedral angle classes (alpha,phi,psi,...)

ALN RESIDUE_NUMBERS AAA MNC ALP PHI PSI OMG CH1 CH2 CH3 CH4 CH5 
---------------------------------------------------------------
  1  281  287  287  VVV UUU 444 444 122 111 322 444 444 444 444
  2  282  288  288  KPP PPP 333 111 322 111 222 111 122 144 444
  3  283  289  289  PPP PPP 311 111 222 111 222 111 222 444 444
  4  284  290  290  ILL PPB 333 113 333 111 113 112 444 444 444
  5  285  291  291  STT PPP 333 111 333 111 112 444 444 444 444
  6  286  292  292  PAA AAA 222 131 111 111 144 244 144 444 444
  7  287  293  293  ENN AAA 222 111 111 111 111 311 144 444 444
  8  288  294  294  QQQ AAA 222 111 111 111 111 111 112 444 444
  9  289  295  295  EKK AAA 222 111 111 111 212 313 131 413 444
 10  290  296  296  ESS AAA 222 111 111 111 133 144 144 444 444
 11  291  297  297  LLL AAA 222 111 111 111 222 222 444 444 444
 12  292  298  298  III AAA 222 111 111 111 111 111 444 444 444
 13  293  299  299  HAA AAA 222 111 111 111 144 244 444 444 444
 14  294  300  300  RRR AAA 222 111 111 111 122 121 111 331 444
 15  295  301  301  LLL AAA 222 111 111 111 111 121 444 444 444
 16  296  302  302  VVV AAA 222 111 111 111 111 444 444 444 444
 17  297  303  303  YYW AAA 222 111 111 111 222 222 444 444 444
 18  298  304  304  FYY AAA 222 111 121 111 121 121 444 444 444
 19  299  305  305  QQQ AAA 222 131 111 111 222 111 121 444 444
 20  300  306  306  NEE AAA 222 111 111 111 211 123 411 444 444
 21  301  307  307  EGG AAA 222 111 111 111 244 344 144 444 444
 22  302  308  308  YYY AAA 232 333 222 111 111 122 444 444 444
 23  303  309  309  EEE APA 232 111 131 111 222 113 121 444 444
 24  304  310  310  QQQ BAB 323 313 313 111 111 121 122 444 444
 25  ---- 311  ---- -P- -P- -3- -1- -2- -1- -2- -1- -2- -4- -4-
 26  305  312  311  PSP PBP 331 131 232 111 132 241 142 444 444
 27  306  ---- 312  S-S P-P 3-3 1-1 3-3 1-1 1-1 4-4 4-4 4-4 4-4
 28  307  313  313  DEE AAA 222 131 111 111 113 132 422 444 444
 29  308  ---- 314  E-E A-A 2-2 1-1 1-1 1-1 1-3 3-1 1-2 4-4 4-4
 30  309  314  315  DED AAA 232 111 111 111 121 111 414 444 444
 31  310  315  316  LDL APA 232 111 131 111 122 112 444 444 444
 32  311  ---- 317  K-K A-A 2-2 1-1 1-1 1-1 2-2 1-1 2-1 1-3 4-4
 33  312  316  318  RLR AAA 232 131 121 111 212 111 242 141 444
 34  313  317  319  IKV ABA 232 111 121 111 131 114 434 414 444
 35  ---- 318  ---- -R- -A- -2- -1- -2- -2- -1- -1- -2- -1- -4-
 36  ---- 333  ---- -D- -E- -1- -2- -3- -1- -3- -1- -4- -4- -4-
 37  314  ---- 320  S-T A-A 2-3 1-1 1-2 1-1 2-3 4-4 4-4 4-4 4-4
 38  315  ---- 321  N-Q A-P 2-2 3-1 2-3 1-1 1-4 1-4 4-4 4-4 4-4
 39  ---- ---- 322  --T --B --3 --3 --3 --1 --4 --4 --4 --4 --4
 40  ---- ---- 323  --W --A --2 --3 --2 --2 --4 --4 --4 --4 --4
 41  316  ---- ---- T-- A-- 3-- 3-- 2-- 1-- 2-- 4-- 4-- 4-- 4--
 42  317  ---- ---- P-- A-- 3-- 1-- 1-- 1-- 1-- 2-- 1-- 4-- 4--
 43  318  ---- ---- S-- E-- 1-- 2-- 1-- 1-- 3-- 4-- 4-- 4-- 4--
 44  319  ---- ---- E-- B-- 1-- 3-- 3-- 1-- 2-- 3-- 1-- 4-- 4--
 45  320  ---- ---- G-- P-- 3-- 1-- 2-- 1-- 4-- 4-- 4-- 4-- 4--
 46  321  ---- ---- E-- P-- 3-- 3-- 3-- 1-- 3-- 1-- 2-- 4-- 4--
 47  322  ---- 331  D-D P-L 3-1 1-2 3-3 1-1 3-2 1-1 4-4 4-4 4-4
 48  323  ---- ---- Q-- A-- 2-- 1-- 1-- 1-- 2-- 3-- 1-- 4-- 4--
 49  324  ---- 332  S-S A-A 2-2 1-3 1-2 1-1 3-3 4-4 4-4 4-4 4-4
 50  325  334  333  DMD ABA 232 133 131 111 112 121 434 444 444
 51  326  335  334  LPM AAA 232 111 111 111 211 222 411 444 444
 52  327  ---- 335  N-P A-A 2-2 1-1 1-1 1-1 1-1 1-2 4-1 4-4 4-4
 53  328  336  336  FFF AAA 222 111 111 111 222 212 444 444 444
 54  329  337  337  RRR AAA 222 111 111 111 224 114 324 234 444
 55  330  338  338  HQQ AAA 222 111 111 111 111 312 421 444 444
 56  331  339  339  III AAA 222 111 111 111 111 111 444 444 444
 57  332  340  340  TTT AAA 222 111 111 111 212 444 444 444 444
 58  333  341  341  EEE AAA 222 111 111 111 121 232 121 444 444
 59  334  342  342  IMM AAA 222 111 111 111 121 132 433 444 444
 60  335  343  343  TTT AAA 222 111 111 111 111 444 444 444 444
 61  336  344  344  III AAA 222 111 111 111 111 111 444 444 444
 62  337  345  345  LLL AAA 222 111 111 111 111 111 444 444 444
 63  338  346  346  TTT AAA 222 111 111 111 111 444 444 444 444
 64  339  347  347  VVV AAA 222 111 111 111 111 444 444 444 444
 65  340  348  348  QQQ AAA 222 111 111 111 111 111 112 444 444
 66  341  349  349  LLL AAA 222 111 111 111 111 122 444 444 444
 67  342  350  350  III AAA 222 111 111 111 111 111 444 444 444
 68  343  351  351  VVV AAA 222 111 111 111 111 444 444 444 444
 69  344  352  352  EEE AAA 222 111 111 111 111 212 121 444 444
 70  345  353  353  FFF AAA 222 111 111 111 222 222 444 444 444
 71  346  354  354  AAA AAA 222 111 111 111 444 444 444 444 444
 72  347  355  355  KKK AAA 222 131 111 111 311 111 111 112 444
 73  348  356  356  RGG AAA 232 311 122 111 144 144 144 344 444
 74  349  357  357  LLL PBB 333 113 333 111 121 111 444 444 444
 75  350  358  358  PPP PAP 222 111 212 111 111 222 111 444 444
 76  351  359  359  GGG LAL 222 232 112 111 444 444 444 444 444
 77  352  360  360  FFF AAA 222 111 111 111 212 222 444 444 444
 78  353  361  361  DSA AAA 222 111 211 111 314 144 444 444 444
 79  354  362  362  KKK AAA 222 311 112 111 111 211 121 221 444
 80  355  363  363  LII PPP 333 313 333 111 111 111 444 444 444
 81  356  364  364  LSS PPP 333 111 333 111 111 144 444 444 444
 82  357  365  365  RQQ AAA 222 111 111 111 211 121 321 244 444
 83  358  366  366  ESS AAA 222 111 111 111 123 344 144 444 444
 84  359  367  367  DDD AAA 222 111 111 111 121 111 444 444 444
 85  360  368  368  QQQ AAA 222 111 111 111 131 111 122 444 444
 86  361  369  369  III AAA 222 111 111 111 133 311 444 444 444
 87  362  370  370  ATT AAA 222 111 111 111 411 444 444 444 444
 88  363  371  371  LLL AAA 222 111 111 111 111 111 444 444 444
 89  364  372  372  LLL AAA 222 111 111 111 111 121 444 444 444
 90  365  373  373  KKK AAA 222 111 111 111 111 111 132 212 444
 91  366  374  374  AAA AAA 222 113 111 111 444 444 444 444 444
 92  367  375  375  CCC AAA 222 311 111 111 323 444 444 444 444
 93  368  376  376  SSS AAA 222 111 111 111 111 444 444 444 444
 94  369  377  377  SSS AAA 222 111 111 111 111 444 444 444 444
 95  370  378  378  EEE AAA 222 111 111 111 111 111 122 444 444
 96  371  379  379  VVV AAA 222 111 111 111 131 444 444 444 444
 97  372  380  380  MMM AAA 222 111 111 111 222 111 221 444 444
 98  373  381  381  MMM AAA 222 111 111 111 111 223 332 444 444
 99  374  382  382  LLL AAA 222 111 111 111 111 111 444 444 444
100  375  383  383  RRR AAA 222 111 111 111 111 121 113 231 444
101  376  384  384  MVV AAA 222 111 111 111 213 144 144 444 444
102  377  385  385  AAA AAA 222 111 111 111 444 444 444 444 444
103  378  386  386  RRR AAA 222 111 111 111 121 131 313 113 444
104  379  387  387  RRR AAA 332 333 212 111 111 222 222 132 444
105  380  388  388  YYY PPP 333 113 333 111 222 222 444 444 444
106  381  389  389  DDD BPB 333 313 333 111 242 121 444 444 444
107  382  390  390  VAA AAA 222 111 111 111 144 444 444 444 444
108  383  391  391  GAA AAA 222 111 111 111 444 444 444 444 444
109  384  392  392  STT AAA 333 333 112 111 122 444 444 444 444
110  385  393  393  DDD LLL 222 222 222 111 222 111 444 444 444
111  386  394  394  SSS BBB 333 333 333 111 111 444 444 444 444
112  387  395  395  IVV BPB 333 313 333 111 111 144 444 444 444
113  388  396  396  LLL BBB 333 333 333 111 211 211 444 444 444
114  389  397  397  FFF PBP 313 131 323 111 121 212 444 444 444
115  390  ---- 398  A-A A-A 2-2 1-1 1-1 1-1 4-4 4-4 4-4 4-4 4-4
116  391  ---- 399  N-N A-A 3-3 3-3 2-2 1-1 3-3 1-1 4-4 4-4 4-4
117  392  398  400  NAN LLL 333 222 222 111 141 141 444 444 444
118  393  399  401  QNQ BLB 333 323 323 111 121 112 141 444 444
119  ---- 400  ---- -N- -P- -3- -1- -3- -1- -1- -1- -4- -4- -4-
120  ---- 401  ---- -Q- -A- -2- -1- -2- -1- -1- -3- -2- -4- -4-
121  ---- 402  ---- -A- -A- -1- -1- -1- -1- -4- -4- -4- -4- -4-
122  ---- 403  ---- -Y- -B- -3- -3- -3- -1- -1- -2- -4- -4- -4-
123  394  ---- 402  P-A P-B 3-3 1-3 2-3 1-1 1-4 2-4 1-4 4-4 4-4
124  395  404  403  YTY BBB 333 333 333 111 121 242 444 444 444
125  396  ---- 404  T-T P-P 1-3 3-3 3-3 1-1 2-2 4-4 4-4 4-4 4-4
126  397  405  405  RRR AAA 222 111 111 111 222 111 123 233 444
127  398  ---- 406  D-D A-A 2-2 1-1 1-1 1-1 1-1 1-1 4-4 4-4 4-4
128  399  406  407  SDN AAA 222 111 111 111 211 411 444 444 444
129  ---- 407  ---- -N- -A- -2- -1- -1- -1- -1- -2- -4- -4- -4-
130  400  408  408  YYY AAA 222 111 111 111 111 222 444 444 444
131  401  409  409  SRR AAA 222 111 111 111 322 413 421 431 444
132  402  410  410  LKK AAA 222 111 111 111 111 121 411 411 444
133  403  411  411  AAA AAA 333 111 122 111 444 444 444 444 444
134  404  412  412  GGG LLL 222 222 222 111 444 444 444 444 444
135  405  413  413  MMM AAA 333 333 222 111 111 112 313 444 444
136  406  414  414  GAA AAA 222 111 211 111 444 444 444 444 444
137  407  415  415  EYY AAA 222 111 111 111 132 112 144 444 444
138  408  416  416  TVV AAA 222 311 111 111 111 444 444 444 444
139  409  417  417  VII AAA 222 111 111 111 333 433 444 444 444
140  410  418  418  DEE AAA 222 111 111 111 111 122 421 444 444
141  411  419  419  DDD AAA 222 111 111 111 111 112 444 444 444
142  412  420  420  LLL AAA 222 111 111 111 122 122 444 444 444
143  413  421  421  LLL AAA 222 111 111 111 112 112 444 444 444
144  414  422  422  RHH AAA 222 111 111 111 222 122 144 244 444
145  415  423  423  FFF AAA 222 111 111 111 222 222 444 444 444
146  416  424  424  CCC AAA 222 111 111 111 111 444 444 444 444
147  417  425  425  RRR AAA 222 111 111 111 111 111 222 222 444
148  418  426  426  QCC AAA 222 111 111 111 211 144 144 444 444
149  419  427  427  MMM AAA 222 111 111 111 221 312 331 444 444
150  420  428  428  YYY AAA 222 111 111 111 222 222 444 444 444
151  421  429  429  GSS AAA 222 111 211 111 411 444 444 444 444
152  422  430  430  MMM AAA 333 111 111 111 112 113 121 444 444
153  423  431  431  KMM LLL 333 222 222 111 111 222 133 244 444
154  424  432  432  VMM PPB 333 113 333 111 111 411 431 444 444
155  425  433  433  DDD PPP 333 313 333 111 313 111 444 444 444
156  426  434  434  NNN AAA 222 131 111 111 111 121 444 444 444
157  427  435  435  AVV AAA 222 111 111 111 411 444 444 444 444
158  428  436  436  EHH AAA 222 111 111 111 111 113 144 444 444
159  429  437  437  YYY AAA 222 111 111 111 121 122 444 444 444
160  430  438  438  AAA AAA 222 111 111 111 444 444 444 444 444
161  431  439  439  LLL AAA 222 111 111 111 111 112 444 444 444
162  432  440  440  LLL AAA 222 111 111 111 122 122 444 444 444
163  433  441  441  TTT AAA 222 111 111 111 111 444 444 444 444
164  434  442  442  AAA AAA 222 111 111 111 444 444 444 444 444
165  435  443  443  III AAA 222 111 111 111 111 111 444 444 444
166  436  444  444  VVV AAA 222 111 111 111 111 444 444 444 444
167  437  445  445  III AAA 222 111 111 111 111 131 444 444 444
168  438  446  446  FFF AAA 333 313 222 111 111 122 444 444 444
169  439  447  447  SSS PPP 333 311 333 111 232 444 444 444 444
170  440  448  448  EDD PPP 333 111 333 111 222 111 144 444 444
171  441  449  449  RRR BPB 333 333 333 111 111 222 111 111 444
172  442  450  450  PPP PPP 222 111 222 111 121 212 121 444 444
173  443  451  451  SGG LLL 333 222 222 111 244 444 444 444 444
174  444  452  452  LLL BBP 333 331 333 111 111 112 444 444 444
175  445  453  453  IEE AAA 222 111 111 111 111 131 412 444 444
176  446  454  454  EQQ ABA 333 333 232 111 111 113 111 444 444
177  447  455  455  GPP AAA 222 111 111 111 411 422 411 444 444
178  448  456  456  WSL AAA 222 111 111 111 311 241 444 444 444
179  449  457  457  KLL AAA 222 111 111 111 222 112 244 144 444
180  450  458  458  VVV AAA 222 111 111 111 111 444 444 444 444
181  451  459  459  EEE AAA 222 111 111 111 222 111 112 444 444
182  452  460  460  KEE AAA 222 133 111 111 112 111 111 244 444
183  453  461  461  III AAA 222 111 111 111 111 111 444 444 444
184  454  462  462  QQQ AAA 222 111 111 111 222 111 111 444 444
185  455  463  463  ERR AAA 222 111 111 111 122 112 121 433 444
186  456  464  464  IYY AAA 222 111 111 111 122 122 444 444 444
187  457  465  465  YYY AAA 222 111 111 111 111 111 444 444 444
188  458  466  466  LLL AAA 222 111 111 111 112 111 444 444 444
189  459  467  467  ENN AAA 222 111 111 111 222 322 144 444 444
190  460  468  468  ATT AAA 222 111 111 111 411 444 444 444 444
191  461  469  469  LLL AAA 222 111 111 111 222 222 444 444 444
192  462  470  470  KRR AAA 222 111 111 111 222 111 113 221 444
193  463  471  471  VVV AAA 222 111 111 111 111 444 444 444 444
194  464  472  472  YYY AAA 222 111 111 111 222 122 444 444 444
195  465  473  473  VII AAA 222 111 111 111 121 431 444 444 444
196  466  474  474  DLL AAA 222 111 111 111 111 111 444 444 444
197  467  475  475  NNN AAA 222 113 111 111 111 112 444 444 444
198  468  476  476  RQQ AAA 222 311 211 111 111 112 122 144 444
199  ---- 477  477  -NN -AB -31 -33 -23 -11 -11 -21 -44 -44 -44
200  ---- 478  478  -SS -LP -13 -21 -23 -11 -33 -44 -44 -44 -44
201  ---- 479  479  -AA -LA -33 -21 -22 -11 -44 -44 -44 -44 -44
202  ---- 480  480  -SS -PP -31 -13 -33 -11 -11 -44 -44 -44 -44
203  ---- 481  481  -PP -AA -22 -11 -11 -11 -12 -21 -12 -44 -44
204  469  ---- ---- R-- B-- 3-- 3-- 3-- 1-- 1-- 1-- 3-- 3-- 4--
205  470  ---- ---- K-- B-- 1-- 3-- 3-- 2-- 1-- 2-- 1-- 1-- 4--
206  471  ---- ---- P-- A-- 1-- 1-- 1-- 1-- 1-- 2-- 1-- 4-- 4--
207  472  ---- ---- A-- P-- 3-- 3-- 3-- 1-- 4-- 4-- 4-- 4-- 4--
208  473  ---- ---- S-- A-- 3-- 3-- 2-- 1-- 1-- 4-- 4-- 4-- 4--
209  474  482  482  GRR AAA 122 111 111 111 441 442 443 443 444
210  ---- 483  483  -SC -AA -22 -11 -11 -11 -12 -44 -44 -44 -44
211  ---- 484  484  -AA -AA -22 -11 -11 -11 -44 -44 -44 -44 -44
212  475  485  485  TVV AAA 222 311 211 111 211 444 444 444 444
213  476  486  486  III AAA 222 111 111 111 311 311 444 444 444
214  477  487  487  FFF AAA 222 111 111 111 222 222 444 444 444
215  478  488  488  AGG AAA 222 111 111 111 444 444 444 444 444
216  479  489  489  KKK AAA 222 111 111 111 211 111 133 331 444
217  480  490  490  LII AAA 222 111 111 111 111 111 444 444 444
218  481  491  491  LLL AAA 222 111 111 111 111 111 444 444 444
219  482  492  492  SGG AAA 222 111 121 111 144 444 444 444 444
220  483  493  493  VII AAA 222 111 111 111 111 411 444 444 444
221  484  494  494  LLL AAA 222 111 111 111 121 121 444 444 444
222  485  495  495  TTT AAA 222 111 111 111 133 444 444 444 444
223  486  496  496  EEE AAA 222 111 111 111 111 232 111 444 444
224  487  497  497  LII AAA 222 111 111 111 131 112 444 444 444
225  488  498  498  RRR AAA 222 111 111 111 111 222 112 332 444
226  489  499  499  TTT AAA 222 111 111 111 111 444 444 444 444
227  490  500  500  LLL AAA 222 111 111 111 111 121 444 444 444
228  491  501  501  GGG AAA 222 111 111 111 444 444 444 444 444
229  492  502  502  NMM AAA 222 111 111 111 221 213 413 444 444
230  493  503  503  LQQ AAA 222 111 111 111 121 111 411 444 444
231  494  504  504  NNN AAA 222 311 111 111 222 122 444 444 444
232  495  505  505  SSS AAA 222 111 111 111 322 444 444 444 444
233  496  506  506  ENN AAA 222 111 111 111 211 111 144 444 444
234  497  507  507  MMM PAA 222 111 311 111 222 133 111 444 444
235  498  508  508  CCC LAA 222 211 111 111 311 444 444 444 444
236  ---- 509  509  -II -AA -22 -11 -11 -11 -11 -32 -44 -44 -44
237  499  510  510  FSS AAA 222 311 112 111 231 144 444 444 444
238  500  ---- ---- S-- A-- 2-- 1-- 1-- 1-- 1-- 4-- 4-- 4-- 4--
239  501  511  511  LLL AAA 222 113 111 111 111 111 444 444 444
240  ---- 512  512  -KK -AA -22 -11 -11 -11 -22 -11 -11 -23 -44
241  ---- 513  513  -LL -AA -22 -31 -21 -11 -31 -21 -44 -44 -44
242  502  514  514  KKK AAA 233 131 122 111 221 311 122 211 444
243  ---- 515  515  -NN -LL -33 -22 -33 -11 -22 -22 -44 -44 -44
244  503  ---- ---- L-- A-- 2-- 1-- 1-- 1-- 2-- 2-- 4-- 4-- 4--
245  504  ---- ---- K-- A-- 3-- 3-- 2-- 1-- 1-- 1-- 1-- 3-- 4--
246  505  ---- ---- N-- L-- 3-- 2-- 2-- 1-- 1-- 1-- 4-- 4-- 4--
247  506  516  516  KRR BBB 333 333 333 111 112 123 122 111 444
248  507  517  517  KKK BBP 333 311 323 111 244 144 144 244 444
249  508  518  518  LLL PBB 333 131 333 111 121 111 444 444 444
250  509  519  519  PPP PPP 333 111 222 111 111 222 111 444 444
251  510  520  520  PPP AAA 222 111 111 111 111 222 111 444 444
252  511  521  521  FFF AAA 222 131 111 111 222 222 444 444 444
253  512  522  522  LLL AAA 222 111 111 111 111 112 444 444 444
254  513  523  523  AEE AAA 222 111 111 111 431 411 422 444 444
255  514  524  524  EEE AAA 222 111 111 111 122 232 111 444 444
256  515  525  525  III AAA 222 111 111 111 113 221 444 444 444
257  516  526  526  WWW AAA 333 333 222 111 111 333 444 444 444
258  517  527  527  DDD LPL 443 212 232 111 131 111 444 444 444
259  518  528  528  VVV UUB 444 331 443 441 144 444 444 444 444
260  ---- ---- 529  --A --U --4 --1 --4 --4 --4 --4 --4 --4 --4

Sequence identity comparison (ID_TABLE):

   Diagonal       ... number of residues;
   Upper triangle ... number of identical residues;
   Lower triangle ... % sequence identity, id/min(length).

         4oztE @21r20D @31r1kD @2
4oztE @2      238     129     145
1r20D @3       57     228     205
1r1kD @2       61      90     236


Weighted pair-group average clustering based on a distance matrix:


        .---------------------------------------------------------- 4oztE @2.7    41.0000
        |
        |                                                      .--- 1r20D @3.0    10.0000
        |                                                      |
      .------------------------------------------------------------ 1r1kD @2.9

      +----+----+----+----+----+----+----+----+----+----+----+----+
    42.2400   36.6600   31.0800   25.5000   19.9200   14.3400    8.7600
         39.4500   33.8700   28.2900   22.7100   17.1300   11.5500



Total CPU time [seconds]                                 :       0.22
