
                         MODELLER 9.25, 2020/09/03, r11894

     PROTEIN STRUCTURE MODELLING BY SATISFACTION OF SPATIAL RESTRAINTS


                     Copyright(c) 1989-2020 Andrej Sali
                            All Rights Reserved

                             Written by A. Sali
                               with help from
              B. Webb, M.S. Madhusudhan, M-Y. Shen, G.Q. Dong,
          M.A. Marti-Renom, N. Eswar, F. Alber, M. Topf, B. Oliva,
             A. Fiser, R. Sanchez, B. Yerkovich, A. Badretdinov,
                     F. Melo, J.P. Overington, E. Feyfant
                 University of California, San Francisco, USA
                    Rockefeller University, New York, USA
                      Harvard University, Cambridge, USA
                   Imperial Cancer Research Fund, London, UK
              Birkbeck College, University of London, London, UK


Kind, OS, HostName, Kernel, Processor: 4, Windows Vista build 9200, LAPTOP-REA0J2HD, SMP, unknown
Date and time of compilation         : 2020/09/03 08:23:39
MODELLER executable type             : x86_64-w64
Job starting time (YY/MM/DD HH:MM:SS): 2021/03/25 17:48:22

openf___224_> Open           $(LIB)/restyp.lib
openf___224_> Open           ${MODINSTALL9v25}/modlib/resgrp.lib
rdresgr_266_> Number of residue groups:        2
openf___224_> Open           ${MODINSTALL9v25}/modlib/sstruc.lib

Dynamically allocated memory at   amaxlibraries [B,KiB,MiB]:       191566     187.076     0.183

Dynamically allocated memory at   amaxlibraries [B,KiB,MiB]:       192094     187.592     0.183
openf___224_> Open           ${MODINSTALL9v25}/modlib/resdih.lib

Dynamically allocated memory at   amaxlibraries [B,KiB,MiB]:       240694     235.053     0.230
rdrdih__263_> Number of dihedral angle types         :        9
              Maximal number of dihedral angle optima:        3
              Dihedral angle names                   :  Alph Phi Psi Omeg chi1 chi2 chi3 chi4 chi5
openf___224_> Open           ${MODINSTALL9v25}/modlib/radii.lib

Dynamically allocated memory at   amaxlibraries [B,KiB,MiB]:       253994     248.041     0.242
openf___224_> Open           ${MODINSTALL9v25}/modlib/radii14.lib
openf___224_> Open           ${MODINSTALL9v25}/modlib/af_mnchdef.lib
rdwilmo_274_> Mainchain residue conformation classes:  APBLE
openf___224_> Open           ${MODINSTALL9v25}/modlib/mnch.lib
rdclass_257_> Number of classes:        5
openf___224_> Open           ${MODINSTALL9v25}/modlib/mnch1.lib
openf___224_> Open           ${MODINSTALL9v25}/modlib/mnch2.lib
openf___224_> Open           ${MODINSTALL9v25}/modlib/mnch3.lib
openf___224_> Open           ${MODINSTALL9v25}/modlib/xs4.mat
rdrrwgh_268_> Number of residue types:       21
openf___224_> Open           pdb_95.pir

Dynamically allocated memory at amaxsequence_db [B,KiB,MiB]:       298792     291.789     0.285

Dynamically allocated memory at amaxsequence_db [B,KiB,MiB]:       885926     865.162     0.845

Dynamically allocated memory at   amaxalignment [B,KiB,MiB]:       888034     867.221     0.847

Dynamically allocated memory at   amaxalignment [B,KiB,MiB]:       889484     868.637     0.848

Dynamically allocated memory at   amaxalignment [B,KiB,MiB]:       892384     871.469     0.851

Dynamically allocated memory at amaxsequence_db [B,KiB,MiB]:      3108183    3035.335     2.964

Dynamically allocated memory at   amaxalignment [B,KiB,MiB]:      3113983    3040.999     2.970

Dynamically allocated memory at   amaxalignment [B,KiB,MiB]:      3125583    3052.327     2.981

Dynamically allocated memory at   amaxalignment [B,KiB,MiB]:      3148783    3074.983     3.003

Dynamically allocated memory at amaxsequence_db [B,KiB,MiB]:      4256683    4156.917     4.059

SEQ_DATABASE_FILE         : pdb_95.pir
SEQ_DATABASE_FORMAT       : PIR
CHAINS_LIST               : ALL
CLEAN_SEQUENCES           :            T
MINMAX_DB_SEQ_LEN         :           30        4000
Number of sequences       :        11079
Number of residues        :      2436254
Length of longest sequence:         1491


SEQ_DATABASE_FILE         : pdb_95.bin
SEQ_DATABASE_FORMAT       : BINARY
SEARCH_CHAINS_LIST        : ALL
Number of sequences       :        11079
Number of residues        :      2436254
Length of longest sequence:         1491


SEQ_DATABASE_FILE         : pdb_95.bin
SEQ_DATABASE_FORMAT       : BINARY
CHAINS_LIST               : ALL
CLEAN_SEQUENCES           :            T
MINMAX_DB_SEQ_LEN         :            0      999999
Number of sequences       :        11079
Number of residues        :      2436254
Length of longest sequence:         1491

openf___224_> Open           AaJHbinding2.ali

Dynamically allocated memory at   amaxalignment [B,KiB,MiB]:       300978     293.924     0.287

Dynamically allocated memory at   amaxalignment [B,KiB,MiB]:       302428     295.340     0.288

Dynamically allocated memory at   amaxalignment [B,KiB,MiB]:       305328     298.172     0.291

Dynamically allocated memory at   amaxalignment [B,KiB,MiB]:       311128     303.836     0.297

Dynamically allocated memory at    amaxsequence [B,KiB,MiB]:       312276     304.957     0.298

Read the alignment from file       : AaJHbinding2.ali

Total number of alignment positions:   288

  #  Code        #_Res #_Segm PDB_code    Name
-------------------------------------------------------------------------------
  1  AaJHbindi     288      1 AaJHbinding

Dynamically allocated memory at     amaxprofile [B,KiB,MiB]:       313753     306.399     0.299
openf___224_> Open           ${LIB}/blosum62.sim.mat
rdrrwgh_268_> Number of residue types:       21

Dynamically allocated memory at amaxsequence_db [B,KiB,MiB]:       590223     576.390     0.563
profile_iteration_> processing sequence:       1    288      1     0.0000000     0.0000000     0.0000000     1

Dynamically allocated memory at amaxsequence_db [B,KiB,MiB]:       599520     585.469     0.572
profile_iteration_> processing sequence:    1109    288      1     0.4843750     0.0004368     0.0000020  1109

Dynamically allocated memory at amaxsequence_db [B,KiB,MiB]:       607308     593.074     0.579
profile_iteration_> processing sequence:    2217    288      1     0.9687500     0.0004370     0.0000020  2217
profile_iteration_> processing sequence:    3325    288      1     1.4531250     0.0004370     0.0000019  2288
profile_iteration_> processing sequence:    4433    288      1     1.9062500     0.0004300     0.0000019  2326
profile_iteration_> processing sequence:    5541    288      1     2.3437500     0.0004230     0.0000019  2364
profile_iteration_> processing sequence:    6649    288      1     2.7968750     0.0004206     0.0000019  2377
profile_iteration_> processing sequence:    7757    288      1     3.2500000     0.0004190     0.0000019  2387
profile_iteration_> processing sequence:    8865    288      1     3.7031250     0.0004177     0.0000019  2394
profile_iteration_> processing sequence:    9973    288      1     4.1093750     0.0004121     0.0000019  2427
 AVERAGE RESIDUAL STANDARD ERROR:    20.20049
 AVERAGE RESIDUAL STANDARD DEVIATION:    235.3610
profile_660_> Quality of the fit between observed/expected score distributions.
              [Iteration, Chi2, nbins, KS-Stat, nscores ] =        1,        0.0540,      121,        0.0137,    11079

HISTOGRAM OF Z-SCORES:

Z:         1  -3.95000   0.00000   0.00000
Z:         1  -3.85000   0.00000   0.00000
Z:         1  -3.75000   0.00000   0.00000
Z:         1  -3.65000   0.00000   0.00000
Z:         1  -3.55000   0.00000   0.00000
Z:         1  -3.45000   0.00000   0.00000
Z:         1  -3.35000   0.00000   0.00000
Z:         1  -3.25000   0.00000   0.00000
Z:         1  -3.15000   0.00000   0.00000
Z:         1  -3.05000   0.00000   0.00000
Z:         1  -2.95000   0.00000   0.00000
Z:         1  -2.85000   0.00000   0.00000
Z:         1  -2.75000   0.00000   0.00000
Z:         1  -2.65000   0.00000   0.00000
Z:         1  -2.55000   0.00000   0.00001
Z:         1  -2.45000   0.00000   0.00004
Z:         1  -2.35000   0.00090   0.00016
Z:         1  -2.25000   0.00271   0.00055
Z:         1  -2.15000   0.00181   0.00163
Z:         1  -2.05000   0.00722   0.00416
Z:         1  -1.95000   0.01895   0.00933
Z:         1  -1.85000   0.02708   0.01872
Z:         1  -1.75000   0.03881   0.03400
Z:         1  -1.65000   0.06679   0.05658
Z:         1  -1.55000   0.09477   0.08721
Z:         1  -1.45000   0.11373   0.12565
Z:         1  -1.35000   0.17150   0.17059
Z:         1  -1.25000   0.22114   0.21981
Z:         1  -1.15000   0.28252   0.27052
Z:         1  -1.05000   0.29967   0.31973
Z:         1  -0.95000   0.35382   0.36469
Z:         1  -0.85000   0.38180   0.40316
Z:         1  -0.75000   0.43325   0.43360
Z:         1  -0.65000   0.43777   0.45519
Z:         1  -0.55000   0.49914   0.46779
Z:         1  -0.45000   0.45401   0.47182
Z:         1  -0.35000   0.45311   0.46811
Z:         1  -0.25000   0.41430   0.45775
Z:         1  -0.15000   0.39444   0.44196
Z:         1  -0.05000   0.41339   0.42194
Z:         1   0.05000   0.42062   0.39889
Z:         1   0.15000   0.40256   0.37383
Z:         1   0.25000   0.33216   0.34769
Z:         1   0.35000   0.30869   0.32121
Z:         1   0.45000   0.29967   0.29500
Z:         1   0.55000   0.30779   0.26953
Z:         1   0.65000   0.23739   0.24513
Z:         1   0.75000   0.22475   0.22205
Z:         1   0.85000   0.21392   0.20043
Z:         1   0.95000   0.19587   0.18036
Z:         1   1.05000   0.17240   0.16185
Z:         1   1.15000   0.14893   0.14489
Z:         1   1.25000   0.13629   0.12944
Z:         1   1.35000   0.11734   0.11542
Z:         1   1.45000   0.10199   0.10275
Z:         1   1.55000   0.10380   0.09133
Z:         1   1.65000   0.09026   0.08109
Z:         1   1.75000   0.07582   0.07191
Z:         1   1.85000   0.05686   0.06371
Z:         1   1.95000   0.04513   0.05639
Z:         1   2.05000   0.04874   0.04988
Z:         1   2.15000   0.04333   0.04409
Z:         1   2.25000   0.03340   0.03895
Z:         1   2.35000   0.03881   0.03439
Z:         1   2.45000   0.02888   0.03035
Z:         1   2.55000   0.02618   0.02678
Z:         1   2.65000   0.01534   0.02361
Z:         1   2.75000   0.01895   0.02082
Z:         1   2.85000   0.01534   0.01835
Z:         1   2.95000   0.00903   0.01617
Z:         1   3.05000   0.02618   0.01424
Z:         1   3.15000   0.01083   0.01255
Z:         1   3.25000   0.01534   0.01105
Z:         1   3.35000   0.00722   0.00973
Z:         1   3.45000   0.00903   0.00857
Z:         1   3.55000   0.01534   0.00754
Z:         1   3.65000   0.01173   0.00664
Z:         1   3.75000   0.00903   0.00584
Z:         1   3.85000   0.00451   0.00514
Z:         1   3.95000   0.00181   0.00453
Z:         1   4.05000   0.00361   0.00398
Z:         1   4.15000   0.00542   0.00350
Z:         1   4.25000   0.00361   0.00308
Z:         1   4.35000   0.00361   0.00271
Z:         1   4.45000   0.00181   0.00239
Z:         1   4.55000   0.00181   0.00210
Z:         1   4.65000   0.00090   0.00185
Z:         1   4.75000   0.00181   0.00163
Z:         1   4.85000   0.00090   0.00143
Z:         1   4.95000   0.00090   0.00126
Z:         1   5.05000   0.00090   0.00111
Z:         1   5.15000   0.00181   0.00097
Z:         1   5.25000   0.00181   0.00086
Z:         1   5.35000   0.00271   0.00075
Z:         1   5.45000   0.00000   0.00066
Z:         1   5.55000   0.00000   0.00058
Z:         1   5.65000   0.00000   0.00051
Z:         1   5.75000   0.00000   0.00045
Z:         1   5.85000   0.00090   0.00040
Z:         1   5.95000   0.00000   0.00035
Z:         1   6.05000   0.00000   0.00031
Z:         1   6.15000   0.00000   0.00027
Z:         1   6.25000   0.00000   0.00024
Z:         1   6.35000   0.00000   0.00021
Z:         1   6.45000   0.00000   0.00018
Z:         1   6.55000   0.00000   0.00016
Z:         1   6.65000   0.00090   0.00014
Z:         1   6.75000   0.00000   0.00013
Z:         1   6.85000   0.00000   0.00011
Z:         1   6.95000   0.00000   0.00010
Z:         1   7.05000   0.00090   0.00009
Z:         1   7.15000   0.00090   0.00007
Z:         1   7.25000   0.00000   0.00007
Z:         1   7.35000   0.00000   0.00006
Z:         1   7.45000   0.00000   0.00005
Z:         1   7.55000   0.00000   0.00004
Z:         1   7.65000   0.00000   0.00004
Z:         1   7.75000   0.00000   0.00003
Z:         1   7.85000   0.00000   0.00003
Z:         1   7.95000   0.00000   0.00003
Z:         1   8.05000   0.00090   0.00002

HITS FOUND IN ITERATION:     1


profile_iteration__> Weight Matrix           [sec]:     0.000000
profile_iteration__> Score Collection        [sec]:     4.562500
profile_iteration__> Score Collection/Seq    [sec]:     0.000412
profile_iteration__> DP Steps per sec    [ali/sec]:  2436.618652
profile_iteration__> Statistics              [sec]:     0.000000
profile_iteration__> Add to profile          [sec]:     0.000000
profile_iteration__> Overall performance    [/seq]:     0.000413
profile_iteration__> Overall performance [seq/sec]:  2419.986328
openf___224_> Open           build_profile.prf

Dynamically allocated memory at   amaxalignment [B,KiB,MiB]:       322923     315.354     0.308

Dynamically allocated memory at    amaxsequence [B,KiB,MiB]:       324071     316.476     0.309
openf___224_> Open           build_profile.ali

Dynamically allocated memory at          finish [B,KiB,MiB]:       310505     303.228     0.296
Starting time                                            : 2021/03/25 17:48:22
Closing time                                             : 2021/03/25 17:48:27
Total CPU time [seconds]                                 :       5.48
