
                         MODELLER 9.25, 2020/09/03, r11894

     PROTEIN STRUCTURE MODELLING BY SATISFACTION OF SPATIAL RESTRAINTS


                     Copyright(c) 1989-2020 Andrej Sali
                            All Rights Reserved

                             Written by A. Sali
                               with help from
              B. Webb, M.S. Madhusudhan, M-Y. Shen, G.Q. Dong,
          M.A. Marti-Renom, N. Eswar, F. Alber, M. Topf, B. Oliva,
             A. Fiser, R. Sanchez, B. Yerkovich, A. Badretdinov,
                     F. Melo, J.P. Overington, E. Feyfant
                 University of California, San Francisco, USA
                    Rockefeller University, New York, USA
                      Harvard University, Cambridge, USA
                   Imperial Cancer Research Fund, London, UK
              Birkbeck College, University of London, London, UK


Kind, OS, HostName, Kernel, Processor: 4, Windows Vista build 9200, LAPTOP-REA0J2HD, SMP, unknown
Date and time of compilation         : 2020/09/03 08:23:39
MODELLER executable type             : x86_64-w64
Job starting time (YY/MM/DD HH:MM:SS): 2021/03/05 17:17:18

openf___224_> Open           $(LIB)/restyp.lib
openf___224_> Open           ${MODINSTALL9v25}/modlib/resgrp.lib
rdresgr_266_> Number of residue groups:        2
openf___224_> Open           ${MODINSTALL9v25}/modlib/sstruc.lib

Dynamically allocated memory at   amaxlibraries [B,KiB,MiB]:       191566     187.076     0.183

Dynamically allocated memory at   amaxlibraries [B,KiB,MiB]:       192094     187.592     0.183
openf___224_> Open           ${MODINSTALL9v25}/modlib/resdih.lib

Dynamically allocated memory at   amaxlibraries [B,KiB,MiB]:       240694     235.053     0.230
rdrdih__263_> Number of dihedral angle types         :        9
              Maximal number of dihedral angle optima:        3
              Dihedral angle names                   :  Alph Phi Psi Omeg chi1 chi2 chi3 chi4 chi5
openf___224_> Open           ${MODINSTALL9v25}/modlib/radii.lib

Dynamically allocated memory at   amaxlibraries [B,KiB,MiB]:       253994     248.041     0.242
openf___224_> Open           ${MODINSTALL9v25}/modlib/radii14.lib
openf___224_> Open           ${MODINSTALL9v25}/modlib/af_mnchdef.lib
rdwilmo_274_> Mainchain residue conformation classes:  APBLE
openf___224_> Open           ${MODINSTALL9v25}/modlib/mnch.lib
rdclass_257_> Number of classes:        5
openf___224_> Open           ${MODINSTALL9v25}/modlib/mnch1.lib
openf___224_> Open           ${MODINSTALL9v25}/modlib/mnch2.lib
openf___224_> Open           ${MODINSTALL9v25}/modlib/mnch3.lib
openf___224_> Open           ${MODINSTALL9v25}/modlib/xs4.mat
rdrrwgh_268_> Number of residue types:       21
openf___224_> Open           pdb_95.pir

Dynamically allocated memory at amaxsequence_db [B,KiB,MiB]:       298792     291.789     0.285

Dynamically allocated memory at amaxsequence_db [B,KiB,MiB]:       885926     865.162     0.845

Dynamically allocated memory at   amaxalignment [B,KiB,MiB]:       888034     867.221     0.847

Dynamically allocated memory at   amaxalignment [B,KiB,MiB]:       889484     868.637     0.848

Dynamically allocated memory at   amaxalignment [B,KiB,MiB]:       892384     871.469     0.851

Dynamically allocated memory at amaxsequence_db [B,KiB,MiB]:      3108183    3035.335     2.964

Dynamically allocated memory at   amaxalignment [B,KiB,MiB]:      3113983    3040.999     2.970

Dynamically allocated memory at   amaxalignment [B,KiB,MiB]:      3125583    3052.327     2.981

Dynamically allocated memory at   amaxalignment [B,KiB,MiB]:      3148783    3074.983     3.003

Dynamically allocated memory at amaxsequence_db [B,KiB,MiB]:      4256683    4156.917     4.059

SEQ_DATABASE_FILE         : pdb_95.pir
SEQ_DATABASE_FORMAT       : PIR
CHAINS_LIST               : ALL
CLEAN_SEQUENCES           :            T
MINMAX_DB_SEQ_LEN         :           30        4000
Number of sequences       :        11079
Number of residues        :      2436254
Length of longest sequence:         1491


SEQ_DATABASE_FILE         : pdb_95.bin
SEQ_DATABASE_FORMAT       : BINARY
SEARCH_CHAINS_LIST        : ALL
Number of sequences       :        11079
Number of residues        :      2436254
Length of longest sequence:         1491


SEQ_DATABASE_FILE         : pdb_95.bin
SEQ_DATABASE_FORMAT       : BINARY
CHAINS_LIST               : ALL
CLEAN_SEQUENCES           :            T
MINMAX_DB_SEQ_LEN         :            0      999999
Number of sequences       :        11079
Number of residues        :      2436254
Length of longest sequence:         1491

openf___224_> Open           EcdRec2.ali

Dynamically allocated memory at   amaxalignment [B,KiB,MiB]:       300978     293.924     0.287

Dynamically allocated memory at   amaxalignment [B,KiB,MiB]:       302428     295.340     0.288

Dynamically allocated memory at   amaxalignment [B,KiB,MiB]:       305328     298.172     0.291

Dynamically allocated memory at   amaxalignment [B,KiB,MiB]:       311128     303.836     0.297

Dynamically allocated memory at    amaxsequence [B,KiB,MiB]:       312076     304.762     0.298

Read the alignment from file       : EcdRec2.ali

Total number of alignment positions:   238

  #  Code        #_Res #_Segm PDB_code    Name
-------------------------------------------------------------------------------
  1    EcdRec2     238      1     EcdRec2

Dynamically allocated memory at     amaxprofile [B,KiB,MiB]:       313353     306.009     0.299
openf___224_> Open           ${LIB}/blosum62.sim.mat
rdrrwgh_268_> Number of residue types:       21

Dynamically allocated memory at amaxsequence_db [B,KiB,MiB]:       589823     575.999     0.562
profile_iteration_> processing sequence:       1    238      1     0.0000000     0.0000000     0.0000000     1

Dynamically allocated memory at amaxsequence_db [B,KiB,MiB]:       599120     585.078     0.571
profile_iteration_> processing sequence:    1109    238      1     0.3906250     0.0003522     0.0000016  1109

Dynamically allocated memory at amaxsequence_db [B,KiB,MiB]:       606908     592.684     0.579
profile_iteration_> processing sequence:    2217    238      1     0.7968750     0.0003594     0.0000016  2217
profile_iteration_> processing sequence:    3325    238      1     1.2343750     0.0003712     0.0000017  2694
profile_iteration_> processing sequence:    4433    238      1     1.5781250     0.0003560     0.0000016  2809
profile_iteration_> processing sequence:    5541    238      1     1.9687500     0.0003553     0.0000016  2814
profile_iteration_> processing sequence:    6649    238      1     2.3437500     0.0003525     0.0000016  2837
profile_iteration_> processing sequence:    7757    238      1     2.7343750     0.0003525     0.0000016  2837
profile_iteration_> processing sequence:    8865    238      1     3.0937500     0.0003490     0.0000016  2865
profile_iteration_> processing sequence:    9973    238      1     3.4687500     0.0003478     0.0000016  2875
 AVERAGE RESIDUAL STANDARD ERROR:    29.98594
 AVERAGE RESIDUAL STANDARD DEVIATION:    231.5188
profile_660_> Quality of the fit between observed/expected score distributions.
              [Iteration, Chi2, nbins, KS-Stat, nscores ] =        1,        0.0465,      121,        0.0122,    11079

HISTOGRAM OF Z-SCORES:

Z:         1  -3.95000   0.00000   0.00000
Z:         1  -3.85000   0.00000   0.00000
Z:         1  -3.75000   0.00000   0.00000
Z:         1  -3.65000   0.00000   0.00000
Z:         1  -3.55000   0.00000   0.00000
Z:         1  -3.45000   0.00000   0.00000
Z:         1  -3.35000   0.00000   0.00000
Z:         1  -3.25000   0.00000   0.00000
Z:         1  -3.15000   0.00000   0.00000
Z:         1  -3.05000   0.00000   0.00000
Z:         1  -2.95000   0.00000   0.00000
Z:         1  -2.85000   0.00000   0.00000
Z:         1  -2.75000   0.00000   0.00000
Z:         1  -2.65000   0.00000   0.00000
Z:         1  -2.55000   0.00000   0.00001
Z:         1  -2.45000   0.00000   0.00004
Z:         1  -2.35000   0.00000   0.00016
Z:         1  -2.25000   0.00271   0.00055
Z:         1  -2.15000   0.00632   0.00163
Z:         1  -2.05000   0.00451   0.00416
Z:         1  -1.95000   0.01264   0.00933
Z:         1  -1.85000   0.02347   0.01872
Z:         1  -1.75000   0.04062   0.03400
Z:         1  -1.65000   0.06409   0.05658
Z:         1  -1.55000   0.08033   0.08721
Z:         1  -1.45000   0.11373   0.12565
Z:         1  -1.35000   0.17150   0.17059
Z:         1  -1.25000   0.21663   0.21981
Z:         1  -1.15000   0.25544   0.27052
Z:         1  -1.05000   0.31411   0.31973
Z:         1  -0.95000   0.36556   0.36469
Z:         1  -0.85000   0.41430   0.40316
Z:         1  -0.75000   0.45401   0.43360
Z:         1  -0.65000   0.51268   0.45519
Z:         1  -0.55000   0.41430   0.46779
Z:         1  -0.45000   0.45221   0.47182
Z:         1  -0.35000   0.42964   0.46811
Z:         1  -0.25000   0.43325   0.45775
Z:         1  -0.15000   0.40798   0.44196
Z:         1  -0.05000   0.41430   0.42194
Z:         1   0.05000   0.43325   0.39889
Z:         1   0.15000   0.37368   0.37383
Z:         1   0.25000   0.32133   0.34769
Z:         1   0.35000   0.30237   0.32121
Z:         1   0.45000   0.31230   0.29500
Z:         1   0.55000   0.26627   0.26953
Z:         1   0.65000   0.24461   0.24513
Z:         1   0.75000   0.19948   0.22205
Z:         1   0.85000   0.21121   0.20043
Z:         1   0.95000   0.18955   0.18036
Z:         1   1.05000   0.17150   0.16185
Z:         1   1.15000   0.15886   0.14489
Z:         1   1.25000   0.12546   0.12944
Z:         1   1.35000   0.11734   0.11542
Z:         1   1.45000   0.09748   0.10275
Z:         1   1.55000   0.10019   0.09133
Z:         1   1.65000   0.09116   0.08109
Z:         1   1.75000   0.06589   0.07191
Z:         1   1.85000   0.08394   0.06371
Z:         1   1.95000   0.06409   0.05639
Z:         1   2.05000   0.04964   0.04988
Z:         1   2.15000   0.04242   0.04409
Z:         1   2.25000   0.04062   0.03895
Z:         1   2.35000   0.03159   0.03439
Z:         1   2.45000   0.03159   0.03035
Z:         1   2.55000   0.02618   0.02678
Z:         1   2.65000   0.01805   0.02361
Z:         1   2.75000   0.02888   0.02082
Z:         1   2.85000   0.02347   0.01835
Z:         1   2.95000   0.01625   0.01617
Z:         1   3.05000   0.01805   0.01424
Z:         1   3.15000   0.01083   0.01255
Z:         1   3.25000   0.00903   0.01105
Z:         1   3.35000   0.00903   0.00973
Z:         1   3.45000   0.00722   0.00857
Z:         1   3.55000   0.00632   0.00754
Z:         1   3.65000   0.00451   0.00664
Z:         1   3.75000   0.00993   0.00584
Z:         1   3.85000   0.00632   0.00514
Z:         1   3.95000   0.00361   0.00453
Z:         1   4.05000   0.00542   0.00398
Z:         1   4.15000   0.00271   0.00350
Z:         1   4.25000   0.00181   0.00308
Z:         1   4.35000   0.00451   0.00271
Z:         1   4.45000   0.00181   0.00239
Z:         1   4.55000   0.00000   0.00210
Z:         1   4.65000   0.00181   0.00185
Z:         1   4.75000   0.00090   0.00163
Z:         1   4.85000   0.00090   0.00143
Z:         1   4.95000   0.00271   0.00126
Z:         1   5.05000   0.00090   0.00111
Z:         1   5.15000   0.00271   0.00097
Z:         1   5.25000   0.00090   0.00086
Z:         1   5.35000   0.00000   0.00075
Z:         1   5.45000   0.00000   0.00066
Z:         1   5.55000   0.00090   0.00058
Z:         1   5.65000   0.00090   0.00051
Z:         1   5.75000   0.00090   0.00045
Z:         1   5.85000   0.00000   0.00040
Z:         1   5.95000   0.00000   0.00035
Z:         1   6.05000   0.00090   0.00031
Z:         1   6.15000   0.00000   0.00027
Z:         1   6.25000   0.00000   0.00024
Z:         1   6.35000   0.00000   0.00021
Z:         1   6.45000   0.00000   0.00018
Z:         1   6.55000   0.00000   0.00016
Z:         1   6.65000   0.00000   0.00014
Z:         1   6.75000   0.00000   0.00013
Z:         1   6.85000   0.00000   0.00011
Z:         1   6.95000   0.00000   0.00010
Z:         1   7.05000   0.00000   0.00009
Z:         1   7.15000   0.00000   0.00007
Z:         1   7.25000   0.00000   0.00007
Z:         1   7.35000   0.00000   0.00006
Z:         1   7.45000   0.00000   0.00005
Z:         1   7.55000   0.00000   0.00004
Z:         1   7.65000   0.00000   0.00004
Z:         1   7.75000   0.00000   0.00003
Z:         1   7.85000   0.00090   0.00003
Z:         1   7.95000   0.00000   0.00003
Z:         1   8.05000   0.00000   0.00002

HITS FOUND IN ITERATION:     1


Dynamically allocated memory at     amaxprofile [B,KiB,MiB]:       814308     795.223     0.777
> 1sqnA                      1      95    5400     248     238   23.41    0.31E-05       2   197    34   235    24   228
> 1xpcA                      1     171    6650     245     238   24.43    0.30E-08       3   166    60   225    51   226
> 1n46A                      1    1414   12550     248     238   32.85     0.0           4   204    15   224    26   232
> 1ie9A                      1    2138   11750     255     238   32.99     0.0           5   187    48   236    61   254
> 1mv9A                      1    2271    8850     214     238   32.52     0.0           6   161    60   223    33   195
> 1dkfB                      1    2272   12250     232     238   31.35     0.0           7   183    50   235    45   229
> 1t7rA                      1    2538    5550     250     238   21.93    0.14E-05       8   178    60   238    47   233
> 1fcyA                      1    2954   12500     236     238   34.68     0.0           9   172    50   224    50   222
> 1fm6D                      1    3376    9500     272     238   27.35     0.0          10   199    27   236    46   268
> 1g2nA                      1    3613    5900     246     238   24.43    0.20E-06      11   210    10   223     8   228
> 2gwxA                      1    3984    9750     266     238   31.89     0.0          12   179    53   236    79   263
> 1h9uA                      1    4135    8550     201     238   31.29     0.0          13   161    60   223    29   191
> 1hg4A                      1    4209    6400     240     238   26.82    0.12E-07      14   173    60   235    55   233
> 1x76A                      1    4233    6700     225     238   23.03    0.21E-08      15   164    60   225    47   211
> 1i7gA                      1    4512    8650     259     238   27.54     0.0          16   200    32   236    49   255
> 1nrlA                      1    4689    9250     278     238   31.91     0.0          17   179    14   216    67   254
> 1nq7A                      1    5361    8200     244     238   26.61     0.0          18   211    10   237    27   244
> 1s9pA                      1    5672    9200     215     238   24.87     0.0          19   195    29   226    15   211
> 1qkmA                      1    5730    6300     230     238   24.12    0.20E-07      20   162    60   225    44   213
> 1lv2A                      1    6003    7750     225     238   30.68    0.62E-11      21   172    59   235    46   221
> 1nhzA                      1    6038    7200     239     238   24.04    0.14E-09      22   198    38   235    20   227
> 1navA                      1    6372   12450     253     238   32.98     0.0          23   190    31   224    46   236
> 1oshA                      1    6876   13200     216     238   37.24     0.0          24   192    38   238    21   216
> 1osvA                      1    6880   13300     229     238   37.06     0.0          25   193    37   238    33   229
> 1ovlA                      1    6904    9000     228     238   26.23     0.0          26   183    38   225    28   210
> 1pduA                      1    7022    9650     230     238   28.57     0.0          27   168    56   225    48   215
> 1pk5A                      1    7093    6850     242     238   26.39    0.99E-09      28   204    22   229    14   229
> 1pzlA                      1    7258    7750     227     238   29.38    0.62E-11      29   174    59   235    46   222
> 1r1kD                      1    7499   42550     236     238   71.67     0.0          30   233     1   238     3   235
> 1rkgA                      1    7631   11450     241     238   32.12     0.0          31   189    48   238    45   237
> 1n83A                      1    7778    9850     251     238   32.72     0.0          32   161    57   222    71   232
> 1upvA                      1    8590   19400     232     238   43.23     0.0          33   190    46   238    39   230
> 1xapA                      1    9252   12100     232     238   34.07     0.0          34   180    50   235    48   229
> 1xb7A                      1    9261    7350     215     238   25.52    0.54E-10      35   188    37   233    20   211
> 1xnxA                      1    9346   10300     232     238   30.91     0.0          36   159    48   212    57   221
> 1xvpB                      1    9431   10000     246     238   29.45     0.0          37   162    48   210    58   220
> 1yjeA                      1    9570    9150     226     238   31.06     0.0          38   161    56   225    51   211
> 1ymtA                      1    9590    5550     235     238   27.60    0.13E-05      39   179    41   230    34   225
> 1yowA                      1    9614    6450     230     238   26.76    0.86E-08      40   193    28   230     8   220
> 1yucA                      1    9643    6800     240     238   26.57    0.13E-08      41   195    22   219    14   220
> 1pq6C                      1   10087   16000     208     238   39.57     0.0          42   185    29   216    21   207
> 1uhlB                      1   10139   18500     219     238   41.10     0.0          43   217     2   238     1   219
> 1z5xU                      1   11042    8600     193     238   32.37     0.0          44   167    60   232    15   187
> 1z5xE                      1   11043   38600     237     238   64.41     0.0          45   236     1   238     1   236

profile_iteration__> Weight Matrix           [sec]:     0.000000
profile_iteration__> Score Collection        [sec]:     3.859375
profile_iteration__> Score Collection/Seq    [sec]:     0.000348
profile_iteration__> DP Steps per sec    [ali/sec]:  2870.672119
profile_iteration__> Statistics              [sec]:     0.015625
profile_iteration__> Add to profile          [sec]:     0.046875
profile_iteration__> Overall performance    [/seq]:     0.000354
profile_iteration__> Overall performance [seq/sec]:  2824.924316
openf___224_> Open           build_profile.prf

Dynamically allocated memory at   amaxalignment [B,KiB,MiB]:       642169     627.118     0.612

Dynamically allocated memory at    amaxsequence [B,KiB,MiB]:       643117     628.044     0.613

Dynamically allocated memory at    amaxsequence [B,KiB,MiB]:       643901     628.810     0.614

Dynamically allocated memory at    amaxsequence [B,KiB,MiB]:       644561     629.454     0.615

Dynamically allocated memory at    amaxsequence [B,KiB,MiB]:       645373     630.247     0.615

Dynamically allocated memory at    amaxsequence [B,KiB,MiB]:       646117     630.974     0.616

Dynamically allocated memory at    amaxsequence [B,KiB,MiB]:       646757     631.599     0.617

Dynamically allocated memory at    amaxsequence [B,KiB,MiB]:       647485     632.310     0.617

Dynamically allocated memory at    amaxsequence [B,KiB,MiB]:       648193     633.001     0.618

Dynamically allocated memory at    amaxsequence [B,KiB,MiB]:       648877     633.669     0.619

Dynamically allocated memory at    amaxsequence [B,KiB,MiB]:       649669     634.442     0.620

Dynamically allocated memory at    amaxsequence [B,KiB,MiB]:       650505     635.259     0.620

Dynamically allocated memory at    amaxsequence [B,KiB,MiB]:       651217     635.954     0.621

Dynamically allocated memory at    amaxsequence [B,KiB,MiB]:       651857     636.579     0.622

Dynamically allocated memory at    amaxsequence [B,KiB,MiB]:       652545     637.251     0.622

Dynamically allocated memory at    amaxsequence [B,KiB,MiB]:       653197     637.888     0.623

Dynamically allocated memory at    amaxsequence [B,KiB,MiB]:       653993     638.665     0.624

Dynamically allocated memory at    amaxsequence [B,KiB,MiB]:       654705     639.360     0.624

Dynamically allocated memory at    amaxsequence [B,KiB,MiB]:       655545     640.181     0.625

Dynamically allocated memory at    amaxsequence [B,KiB,MiB]:       656321     640.938     0.626

Dynamically allocated memory at    amaxsequence [B,KiB,MiB]:       656965     641.567     0.627

Dynamically allocated memory at    amaxsequence [B,KiB,MiB]:       657649     642.235     0.627

Dynamically allocated memory at    amaxsequence [B,KiB,MiB]:       658437     643.005     0.628

Dynamically allocated memory at    amaxsequence [B,KiB,MiB]:       659193     643.743     0.629

Dynamically allocated memory at    amaxsequence [B,KiB,MiB]:       659957     644.489     0.629

Dynamically allocated memory at    amaxsequence [B,KiB,MiB]:       660725     645.239     0.630

Dynamically allocated memory at    amaxsequence [B,KiB,MiB]:       661453     645.950     0.631

Dynamically allocated memory at    amaxsequence [B,KiB,MiB]:       662121     646.603     0.631

Dynamically allocated memory at    amaxsequence [B,KiB,MiB]:       662933     647.396     0.632

Dynamically allocated memory at    amaxsequence [B,KiB,MiB]:       663625     648.071     0.633

Dynamically allocated memory at    amaxsequence [B,KiB,MiB]:       664553     648.978     0.634

Dynamically allocated memory at    amaxsequence [B,KiB,MiB]:       665305     649.712     0.634

Dynamically allocated memory at    amaxsequence [B,KiB,MiB]:       665945     650.337     0.635

Dynamically allocated memory at    amaxsequence [B,KiB,MiB]:       666701     651.075     0.636

Dynamically allocated memory at    amaxsequence [B,KiB,MiB]:       667417     651.774     0.636

Dynamically allocated memory at    amaxsequence [B,KiB,MiB]:       668165     652.505     0.637

Dynamically allocated memory at    amaxsequence [B,KiB,MiB]:       668797     653.122     0.638

Dynamically allocated memory at    amaxsequence [B,KiB,MiB]:       669441     653.751     0.638

Dynamically allocated memory at    amaxsequence [B,KiB,MiB]:       670081     654.376     0.639

Dynamically allocated memory at    amaxsequence [B,KiB,MiB]:       670793     655.071     0.640

Dynamically allocated memory at    amaxsequence [B,KiB,MiB]:       671561     655.821     0.640

Dynamically allocated memory at    amaxsequence [B,KiB,MiB]:       672337     656.579     0.641

Dynamically allocated memory at    amaxsequence [B,KiB,MiB]:       673073     657.298     0.642

Dynamically allocated memory at    amaxsequence [B,KiB,MiB]:       673937     658.142     0.643

Dynamically allocated memory at    amaxsequence [B,KiB,MiB]:       674601     658.790     0.643

Dynamically allocated memory at    amaxsequence [B,KiB,MiB]:       675541     659.708     0.644
openf___224_> Open           build_profile.ali

Dynamically allocated memory at          finish [B,KiB,MiB]:       662175     646.655     0.631
Starting time                                            : 2021/03/05 17:17:18
Closing time                                             : 2021/03/05 17:17:23
Total CPU time [seconds]                                 :       4.80
