
                         MODELLER 9.25, 2020/09/03, r11894

     PROTEIN STRUCTURE MODELLING BY SATISFACTION OF SPATIAL RESTRAINTS


                     Copyright(c) 1989-2020 Andrej Sali
                            All Rights Reserved

                             Written by A. Sali
                               with help from
              B. Webb, M.S. Madhusudhan, M-Y. Shen, G.Q. Dong,
          M.A. Marti-Renom, N. Eswar, F. Alber, M. Topf, B. Oliva,
             A. Fiser, R. Sanchez, B. Yerkovich, A. Badretdinov,
                     F. Melo, J.P. Overington, E. Feyfant
                 University of California, San Francisco, USA
                    Rockefeller University, New York, USA
                      Harvard University, Cambridge, USA
                   Imperial Cancer Research Fund, London, UK
              Birkbeck College, University of London, London, UK


Kind, OS, HostName, Kernel, Processor: 4, Windows Vista build 9200, LAPTOP-REA0J2HD, SMP, unknown
Date and time of compilation         : 2020/09/03 08:23:39
MODELLER executable type             : x86_64-w64
Job starting time (YY/MM/DD HH:MM:SS): 2021/03/25 18:36:35

openf___224_> Open           $(LIB)/restyp.lib
openf___224_> Open           ${MODINSTALL9v25}/modlib/resgrp.lib
rdresgr_266_> Number of residue groups:        2
openf___224_> Open           ${MODINSTALL9v25}/modlib/sstruc.lib

Dynamically allocated memory at   amaxlibraries [B,KiB,MiB]:       191566     187.076     0.183

Dynamically allocated memory at   amaxlibraries [B,KiB,MiB]:       192094     187.592     0.183
openf___224_> Open           ${MODINSTALL9v25}/modlib/resdih.lib

Dynamically allocated memory at   amaxlibraries [B,KiB,MiB]:       240694     235.053     0.230
rdrdih__263_> Number of dihedral angle types         :        9
              Maximal number of dihedral angle optima:        3
              Dihedral angle names                   :  Alph Phi Psi Omeg chi1 chi2 chi3 chi4 chi5
openf___224_> Open           ${MODINSTALL9v25}/modlib/radii.lib

Dynamically allocated memory at   amaxlibraries [B,KiB,MiB]:       253994     248.041     0.242
openf___224_> Open           ${MODINSTALL9v25}/modlib/radii14.lib
openf___224_> Open           ${MODINSTALL9v25}/modlib/af_mnchdef.lib
rdwilmo_274_> Mainchain residue conformation classes:  APBLE
openf___224_> Open           ${MODINSTALL9v25}/modlib/mnch.lib
rdclass_257_> Number of classes:        5
openf___224_> Open           ${MODINSTALL9v25}/modlib/mnch1.lib
openf___224_> Open           ${MODINSTALL9v25}/modlib/mnch2.lib
openf___224_> Open           ${MODINSTALL9v25}/modlib/mnch3.lib
openf___224_> Open           ${MODINSTALL9v25}/modlib/xs4.mat
rdrrwgh_268_> Number of residue types:       21
openf___224_> Open           $(LIB)/top_heav.lib
read_to_681_> topology.submodel read from topology file:        3
openf___224_> Open           $(LIB)/par.lib

Dynamically allocated memory at  amaxparameters [B,KiB,MiB]:       393430     384.209     0.375

Dynamically allocated memory at  amaxparameters [B,KiB,MiB]:       395030     385.771     0.377

Dynamically allocated memory at  amaxparameters [B,KiB,MiB]:       399010     389.658     0.381

Dynamically allocated memory at  amaxparameters [B,KiB,MiB]:       401010     391.611     0.382

Dynamically allocated memory at  amaxparameters [B,KiB,MiB]:       404010     394.541     0.385

Dynamically allocated memory at  amaxparameters [B,KiB,MiB]:       408510     398.936     0.390

Dynamically allocated memory at  amaxparameters [B,KiB,MiB]:       414082     404.377     0.395

Dynamically allocated memory at  amaxparameters [B,KiB,MiB]:       416882     407.111     0.398

Dynamically allocated memory at  amaxparameters [B,KiB,MiB]:       421082     411.213     0.402

Dynamically allocated memory at  amaxparameters [B,KiB,MiB]:       427382     417.365     0.408

Dynamically allocated memory at  amaxparameters [B,KiB,MiB]:       430154     420.072     0.410

Dynamically allocated memory at  amaxparameters [B,KiB,MiB]:       431554     421.439     0.412
read_pa_232_> parameters    BONDS   ANGLS  DIHEDS IMPROPS    MODE
                              227     561     661     112       0
openf___224_> Open           AaJHbinding2.B99990003.pdb

Dynamically allocated memory at amaxcoordinates [B,KiB,MiB]:       442565     432.192     0.422

Dynamically allocated memory at    amaxsequence [B,KiB,MiB]:       442641     432.267     0.422

Dynamically allocated memory at amaxcoordinates [B,KiB,MiB]:       442812     432.434     0.422

Dynamically allocated memory at amaxcoordinates [B,KiB,MiB]:       443662     433.264     0.423

Dynamically allocated memory at amaxcoordinates [B,KiB,MiB]:       444920     434.492     0.424

Dynamically allocated memory at amaxcoordinates [B,KiB,MiB]:       446824     436.352     0.426

Dynamically allocated memory at    amaxsequence [B,KiB,MiB]:       446864     436.391     0.426

Dynamically allocated memory at amaxcoordinates [B,KiB,MiB]:       446954     436.479     0.426

Dynamically allocated memory at amaxcoordinates [B,KiB,MiB]:       449810     439.268     0.429

Dynamically allocated memory at    amaxsequence [B,KiB,MiB]:       449870     439.326     0.429

Dynamically allocated memory at amaxcoordinates [B,KiB,MiB]:       450005     439.458     0.429

Dynamically allocated memory at amaxcoordinates [B,KiB,MiB]:       454289     443.642     0.433

Dynamically allocated memory at    amaxsequence [B,KiB,MiB]:       454377     443.728     0.433

Dynamically allocated memory at amaxcoordinates [B,KiB,MiB]:       454575     443.921     0.434

Dynamically allocated memory at amaxcoordinates [B,KiB,MiB]:       461001     450.196     0.440

Dynamically allocated memory at    amaxsequence [B,KiB,MiB]:       461133     450.325     0.440

Dynamically allocated memory at amaxcoordinates [B,KiB,MiB]:       461430     450.615     0.440

Dynamically allocated memory at amaxcoordinates [B,KiB,MiB]:       471052     460.012     0.449

Dynamically allocated memory at    amaxsequence [B,KiB,MiB]:       471252     460.207     0.449

Dynamically allocated memory at amaxcoordinates [B,KiB,MiB]:       471702     460.646     0.450

Dynamically allocated memory at amaxcoordinates [B,KiB,MiB]:       486152     474.758     0.464

Dynamically allocated memory at    amaxsequence [B,KiB,MiB]:       486452     475.051     0.464

Dynamically allocated memory at amaxcoordinates [B,KiB,MiB]:       487127     475.710     0.465

Dynamically allocated memory at amaxcoordinates [B,KiB,MiB]:       508785     496.860     0.485

Dynamically allocated memory at    amaxsequence [B,KiB,MiB]:       509233     497.298     0.486

Dynamically allocated memory at amaxcoordinates [B,KiB,MiB]:       510241     498.282     0.487

Dynamically allocated memory at amaxcoordinates [B,KiB,MiB]:       542745     530.024     0.518

Dynamically allocated memory at       amaxmodel [B,KiB,MiB]:       774617     756.462     0.739
read_mo_297_> Segments, residues, atoms:        1      288     2313
read_mo_298_> Segment:        1     1   288     2313

Dynamically allocated memory at   amaxalignment [B,KiB,MiB]:       783787     765.417     0.747

Dynamically allocated memory at   amaxstructure [B,KiB,MiB]:       952585     930.259     0.908

Dynamically allocated memory at   amaxalignment [B,KiB,MiB]:       955619     933.222     0.911

Dynamically allocated memory at   amaxstructure [B,KiB,MiB]:      1124417    1098.063     1.072

Dynamically allocated memory at       amaxmodel [B,KiB,MiB]:      1159609    1132.431     1.106

mkilst______> segment topology constructed from sequence and RTF:
              segments residues  atoms  bonds angles dihedrals impropers:
                     1      288   2312   2369      0         0      1015

Dynamically allocated memory at       amaxmodel [B,KiB,MiB]:      1258521    1229.024     1.200

patch_______> segment topology patched using RTF:     1  ;  MET  ;  NTER
              segments residues  atoms  bonds angles dihedrals impropers:
                     1      288   2312   2369   3205      3780      1015


Dynamically allocated memory at       amaxmodel [B,KiB,MiB]:      1369017    1336.931     1.306
patch_______> segment topology patched using RTF:   288  ;  LEU  ;  CTER
              segments residues  atoms  bonds angles dihedrals impropers:
                     1      288   2313   2370   3207      3782      1016

genseg______> segment topology constructed from sequence and RTF:
              segments residues  atoms  bonds angles dihedrals impropers:
                     1      288   2313   2370   3207      3782      1016
transfe_506_> MODEL is an average of all templates.
transfe_511_> Number of templates for coordinate transfer:        1
              After transferring coordinates of the equivalent template atoms,
              there are defined, undefined atoms in MODEL:     2313        0
openf___224_> Open           ${LIB}/atmcls-mf.lib

Dynamically allocated memory at amaxgroup_restr [B,KiB,MiB]:      1019637     995.739     0.972

Dynamically allocated memory at amaxgroup_restr [B,KiB,MiB]:      1019701     995.802     0.972

Dynamically allocated memory at amaxgroup_restr [B,KiB,MiB]:      1019759     995.858     0.973

Dynamically allocated memory at amaxgroup_restr [B,KiB,MiB]:      1019823     995.921     0.973

Dynamically allocated memory at amaxgroup_restr [B,KiB,MiB]:      1019889     995.985     0.973

Dynamically allocated memory at amaxgroup_restr [B,KiB,MiB]:      1019953     996.048     0.973

Dynamically allocated memory at amaxgroup_restr [B,KiB,MiB]:      1020109     996.200     0.973

Dynamically allocated memory at amaxgroup_restr [B,KiB,MiB]:      1020237     996.325     0.973

Dynamically allocated memory at amaxgroup_restr [B,KiB,MiB]:      1020531     996.612     0.973

Dynamically allocated memory at amaxgroup_restr [B,KiB,MiB]:      1020723     996.800     0.973

Dynamically allocated memory at amaxgroup_restr [B,KiB,MiB]:      1021227     997.292     0.974

Dynamically allocated memory at amaxgroup_restr [B,KiB,MiB]:      1021483     997.542     0.974

Dynamically allocated memory at amaxgroup_restr [B,KiB,MiB]:      1022479     998.515     0.975

Dynamically allocated memory at amaxgroup_restr [B,KiB,MiB]:      1022863     998.890     0.975

Dynamically allocated memory at amaxgroup_restr [B,KiB,MiB]:      1023439     999.452     0.976

Dynamically allocated memory at amaxgroup_restr [B,KiB,MiB]:      1025473    1001.438     0.978

Dynamically allocated memory at amaxgroup_restr [B,KiB,MiB]:      1026369    1002.313     0.979

Dynamically allocated memory at amaxgroup_restr [B,KiB,MiB]:      1030821    1006.661     0.983

Dynamically allocated memory at amaxgroup_restr [B,KiB,MiB]:      1032165    1007.974     0.984

Dynamically allocated memory at amaxgroup_restr [B,KiB,MiB]:      1041783    1017.366     0.994

Dynamically allocated memory at amaxgroup_restr [B,KiB,MiB]:      1043767    1019.304     0.995

Dynamically allocated memory at amaxgroup_restr [B,KiB,MiB]:      1064413    1039.466     1.015

Dynamically allocated memory at amaxgroup_restr [B,KiB,MiB]:      1067421    1042.403     1.018

Dynamically allocated memory at amaxgroup_restr [B,KiB,MiB]:      1113387    1087.292     1.062

Dynamically allocated memory at amaxgroup_restr [B,KiB,MiB]:      1117867    1091.667     1.066

Dynamically allocated memory at amaxgroup_restr [B,KiB,MiB]:      1219087    1190.515     1.163
openf___224_> Open           ${LIB}/dist-mf.lib

Dynamically allocated memory at amaxgroup_restr [B,KiB,MiB]:      1219483    1190.901     1.163

Dynamically allocated memory at amaxgroup_restr [B,KiB,MiB]:      1220279    1191.679     1.164

Dynamically allocated memory at amaxgroup_restr [B,KiB,MiB]:      1221075    1192.456     1.165

Dynamically allocated memory at amaxgroup_restr [B,KiB,MiB]:      1222263    1193.616     1.166

Dynamically allocated memory at amaxgroup_restr [B,KiB,MiB]:      1222663    1194.007     1.166

Dynamically allocated memory at amaxgroup_restr [B,KiB,MiB]:      1223263    1194.593     1.167

Dynamically allocated memory at amaxgroup_restr [B,KiB,MiB]:      1224163    1195.472     1.167

Dynamically allocated memory at amaxgroup_restr [B,KiB,MiB]:      1225511    1196.788     1.169

Dynamically allocated memory at amaxgroup_restr [B,KiB,MiB]:      1225711    1196.983     1.169

Dynamically allocated memory at amaxgroup_restr [B,KiB,MiB]:      1227735    1198.960     1.171

Dynamically allocated memory at amaxgroup_restr [B,KiB,MiB]:      1228035    1199.253     1.171

Dynamically allocated memory at amaxgroup_restr [B,KiB,MiB]:      1231071    1202.218     1.174

Dynamically allocated memory at amaxgroup_restr [B,KiB,MiB]:      1231519    1202.655     1.174

Dynamically allocated memory at amaxgroup_restr [B,KiB,MiB]:      1236071    1207.101     1.179

Dynamically allocated memory at amaxgroup_restr [B,KiB,MiB]:      1236743    1207.757     1.179

Dynamically allocated memory at amaxgroup_restr [B,KiB,MiB]:      1243571    1214.425     1.186

Dynamically allocated memory at amaxgroup_restr [B,KiB,MiB]:      1244579    1215.409     1.187

Dynamically allocated memory at amaxgroup_restr [B,KiB,MiB]:      1254823    1225.413     1.197

Dynamically allocated memory at amaxgroup_restr [B,KiB,MiB]:      1255423    1225.999     1.197

Dynamically allocated memory at amaxgroup_restr [B,KiB,MiB]:      1255823    1226.390     1.198

Dynamically allocated memory at amaxgroup_restr [B,KiB,MiB]:      1257335    1227.866     1.199

Dynamically allocated memory at amaxgroup_restr [B,KiB,MiB]:      1272699    1242.870     1.214

Dynamically allocated memory at amaxgroup_restr [B,KiB,MiB]:      1273599    1243.749     1.215

Dynamically allocated memory at amaxgroup_restr [B,KiB,MiB]:      1274199    1244.335     1.215

Dynamically allocated memory at amaxgroup_restr [B,KiB,MiB]:      1276467    1246.550     1.217

Dynamically allocated memory at amaxgroup_restr [B,KiB,MiB]:      1299515    1269.058     1.239

Dynamically allocated memory at amaxgroup_restr [B,KiB,MiB]:      1300859    1270.370     1.241

Dynamically allocated memory at amaxgroup_restr [B,KiB,MiB]:      1301759    1271.249     1.241

Dynamically allocated memory at amaxgroup_restr [B,KiB,MiB]:      1305163    1274.573     1.245

Dynamically allocated memory at amaxgroup_restr [B,KiB,MiB]:      1339735    1308.335     1.278

Dynamically allocated memory at amaxgroup_restr [B,KiB,MiB]:      1341751    1310.304     1.280

Dynamically allocated memory at amaxgroup_restr [B,KiB,MiB]:      1343099    1311.620     1.281

Dynamically allocated memory at amaxgroup_restr [B,KiB,MiB]:      1348203    1316.604     1.286

Dynamically allocated memory at amaxgroup_restr [B,KiB,MiB]:      1400059    1367.245     1.335

Dynamically allocated memory at amaxgroup_restr [B,KiB,MiB]:      1403083    1370.198     1.338

Dynamically allocated memory at amaxgroup_restr [B,KiB,MiB]:      1405107    1372.175     1.340

Dynamically allocated memory at amaxgroup_restr [B,KiB,MiB]:      1412763    1379.651     1.347

Dynamically allocated memory at amaxgroup_restr [B,KiB,MiB]:      1490547    1455.612     1.421

Dynamically allocated memory at amaxgroup_restr [B,KiB,MiB]:      1495083    1460.042     1.426

Dynamically allocated memory at amaxgroup_restr [B,KiB,MiB]:      1498119    1463.007     1.429

Dynamically allocated memory at amaxgroup_restr [B,KiB,MiB]:      1509603    1474.222     1.440

Dynamically allocated memory at amaxgroup_restr [B,KiB,MiB]:      1626279    1588.163     1.551

Dynamically allocated memory at amaxgroup_restr [B,KiB,MiB]:      1633083    1594.808     1.557

Dynamically allocated memory at amaxgroup_restr [B,KiB,MiB]:      1637635    1599.253     1.562

Dynamically allocated memory at amaxgroup_restr [B,KiB,MiB]:      1654863    1616.077     1.578

Dynamically allocated memory at amaxgroup_restr [B,KiB,MiB]:      1829879    1786.991     1.745

Dynamically allocated memory at amaxgroup_restr [B,KiB,MiB]:      1840091    1796.964     1.755

Dynamically allocated memory at amaxgroup_restr [B,KiB,MiB]:      1846919    1803.632     1.761

Dynamically allocated memory at amaxgroup_restr [B,KiB,MiB]:      1872759    1828.866     1.786

Dynamically allocated memory at amaxgroup_restr [B,KiB,MiB]:      2135283    2085.237     2.036

Dynamically allocated memory at amaxgroup_restr [B,KiB,MiB]:      2150595    2100.190     2.051

Dynamically allocated memory at amaxgroup_restr [B,KiB,MiB]:      2160839    2110.194     2.061

Dynamically allocated memory at amaxgroup_restr [B,KiB,MiB]:      2199599    2148.046     2.098

Dynamically allocated memory at amaxgroup_restr [B,KiB,MiB]:      2593383    2532.601     2.473

Dynamically allocated memory at amaxgroup_restr [B,KiB,MiB]:      2616351    2555.030     2.495

Dynamically allocated memory at amaxgroup_restr [B,KiB,MiB]:      2631715    2570.034     2.510

Dynamically allocated memory at amaxgroup_restr [B,KiB,MiB]:      2689855    2626.812     2.565

Dynamically allocated memory at amaxgroup_restr [B,KiB,MiB]:      3280531    3203.644     3.129

Dynamically allocated memory at amaxgroup_restr [B,KiB,MiB]:      3314983    3237.288     3.161

Dynamically allocated memory at amaxgroup_restr [B,KiB,MiB]:      3338031    3259.796     3.183

Dynamically allocated memory at amaxgroup_restr [B,KiB,MiB]:      3425243    3344.964     3.267

Dynamically allocated memory at amaxgroup_restr [B,KiB,MiB]:      4311259    4210.214     4.112

Dynamically allocated memory at amaxgroup_restr [B,KiB,MiB]:      4362943    4260.687     4.161

Dynamically allocated memory at amaxgroup_restr [B,KiB,MiB]:      4397515    4294.448     4.194

Dynamically allocated memory at amaxgroup_restr [B,KiB,MiB]:      4528331    4422.198     4.319

Dynamically allocated memory at amaxgroup_restr [B,KiB,MiB]:      5857355    5720.073     5.586
read_pa_232_> parameters    BONDS   ANGLS  DIHEDS IMPROPS    MODE
                                0       0       0       0   12561
>> Model assessment by DOPE potential
iatmcls_286W> MODEL atom not classified:  LEU:OXT  LEU
preppdf_453W> No fixed restraints selected; there may be some dynamic ones.
preppdf_454W> Restraints file was probably not read; use restraints.append().

Dynamically allocated memory at amaxhash_contac [B,KiB,MiB]:      6523623    6370.726     6.221

Dynamically allocated memory at  amaxrestraints [B,KiB,MiB]:      6871739    6710.683     6.553

Dynamically allocated memory at  amaxrestraints [B,KiB,MiB]:      6927251    6764.894     6.606

Dynamically allocated memory at  amaxrestraints [B,KiB,MiB]:      7038275    6873.315     6.712

Dynamically allocated memory at  amaxrestraints [B,KiB,MiB]:      7260323    7090.159     6.924

Dynamically allocated memory at  amaxrestraints [B,KiB,MiB]:      7704419    7523.847     7.348

Dynamically allocated memory at  amaxrestraints [B,KiB,MiB]:      8592611    8391.222     8.195

Dynamically allocated memory at  amaxrestraints [B,KiB,MiB]:     10368995   10125.972     9.889


>> ENERGY; Differences between the model's features and restraints:
Number of all residues in MODEL                   :      288
Number of all, selected real atoms                :     2313    2313
Number of all, selected pseudo atoms              :        0       0
Number of all static, selected restraints         :        0       0
COVALENT_CYS                                      :        F
NONBONDED_SEL_ATOMS                               :        1
Number of non-bonded pairs (excluding 1-2,1-3,1-4):   426105
Dynamic pairs routine                             : 1, NATM x NATM double loop
Atomic shift for contacts update (UPDATE_DYNAMIC) :    0.390
LENNARD_JONES_SWITCH                              :    6.500   7.500
COULOMB_JONES_SWITCH                              :    6.500   7.500
RESIDUE_SPAN_RANGE                                :        1    9999
NLOGN_USE                                         :       15
CONTACT_SHELL                                     :   15.000
DYNAMIC_PAIRS,_SPHERE,_COULOMB,_LENNARD,_MODELLER :        T       F       F       F       T
SPHERE_STDV                                       :    0.050
RADII_FACTOR                                      :    0.820
Current energy                                    :      -32818.7266





Summary of the restraint violations: 

   NUM     ... number of restraints.
   NUMVI   ... number of restraints with RVIOL > VIOL_REPORT_CUT[i].
   RVIOL   ... relative difference from the best value.
   NUMVP   ... number of restraints with -Ln(pdf) > VIOL_REPORT_CUT2[i].
   RMS_1   ... RMS(feature, minimally_violated_basis_restraint, NUMB).
   RMS_2   ... RMS(feature, best_value, NUMB).
   MOL.PDF ... scaled contribution to -Ln(Molecular pdf).

 #                     RESTRAINT_GROUP      NUM   NUMVI  NUMVP   RMS_1   RMS_2         MOL.PDF     S_i
------------------------------------------------------------------------------------------------------
 1 Bond length potential              :       0       0      0   0.000   0.000      0.0000       0.000
 2 Bond angle potential               :       0       0      0   0.000   0.000      0.0000       0.000
 3 Stereochemical cosine torsion poten:       0       0      0   0.000   0.000      0.0000       0.000
 4 Stereochemical improper torsion pot:       0       0      0   0.000   0.000      0.0000       0.000
 5 Soft-sphere overlap restraints     :       0       0      0   0.000   0.000      0.0000       0.000
 6 Lennard-Jones 6-12 potential       :       0       0      0   0.000   0.000      0.0000       0.000
 7 Coulomb point-point electrostatic p:       0       0      0   0.000   0.000      0.0000       0.000
 8 H-bonding potential                :       0       0      0   0.000   0.000      0.0000       0.000
 9 Distance restraints 1 (CA-CA)      :       0       0      0   0.000   0.000      0.0000       0.000
10 Distance restraints 2 (N-O)        :       0       0      0   0.000   0.000      0.0000       0.000
11 Mainchain Phi dihedral restraints  :       0       0      0   0.000   0.000      0.0000       0.000
12 Mainchain Psi dihedral restraints  :       0       0      0   0.000   0.000      0.0000       0.000
13 Mainchain Omega dihedral restraints:       0       0      0   0.000   0.000      0.0000       0.000
14 Sidechain Chi_1 dihedral restraints:       0       0      0   0.000   0.000      0.0000       0.000
15 Sidechain Chi_2 dihedral restraints:       0       0      0   0.000   0.000      0.0000       0.000
16 Sidechain Chi_3 dihedral restraints:       0       0      0   0.000   0.000      0.0000       0.000
17 Sidechain Chi_4 dihedral restraints:       0       0      0   0.000   0.000      0.0000       0.000
18 Disulfide distance restraints      :       0       0      0   0.000   0.000      0.0000       0.000
19 Disulfide angle restraints         :       0       0      0   0.000   0.000      0.0000       0.000
20 Disulfide dihedral angle restraints:       0       0      0   0.000   0.000      0.0000       0.000
21 Lower bound distance restraints    :       0       0      0   0.000   0.000      0.0000       0.000
22 Upper bound distance restraints    :       0       0      0   0.000   0.000      0.0000       0.000
23 Distance restraints 3 (SDCH-MNCH)  :       0       0      0   0.000   0.000      0.0000       0.000
24 Sidechain Chi_5 dihedral restraints:       0       0      0   0.000   0.000      0.0000       0.000
25 Phi/Psi pair of dihedral restraints:       0       0      0   0.000   0.000      0.0000       0.000
26 Distance restraints 4 (SDCH-SDCH)  :       0       0      0   0.000   0.000      0.0000       0.000
27 Distance restraints 5 (X-Y)        :       0       0      0   0.000   0.000      0.0000       0.000
28 NMR distance restraints 6 (X-Y)    :       0       0      0   0.000   0.000      0.0000       0.000
29 NMR distance restraints 7 (X-Y)    :       0       0      0   0.000   0.000      0.0000       0.000
30 Minimal distance restraints        :       0       0      0   0.000   0.000      0.0000       0.000
31 Non-bonded restraints              :  425892       0    298   6.607   6.607     -32819.       1.000
32 Atomic accessibility restraints    :       0       0      0   0.000   0.000      0.0000       0.000
33 Atomic density restraints          :       0       0      0   0.000   0.000      0.0000       0.000
34 Absolute position restraints       :       0       0      0   0.000   0.000      0.0000       0.000
35 Dihedral angle difference restraint:       0       0      0   0.000   0.000      0.0000       0.000
36 GBSA implicit solvent potential    :       0       0      0   0.000   0.000      0.0000       0.000
37 EM density fitting potential       :       0       0      0   0.000   0.000      0.0000       0.000
38 SAXS restraints                    :       0       0      0   0.000   0.000      0.0000       0.000
39 Symmetry restraints                :       0       0      0   0.000   0.000      0.0000       0.000
do_prof_492W> Are you sure you want to calculate a normalized energy profile!



openf___224_> Open           AaJHbinding2.B99990003.profile
# Energy of each residue is written to: AaJHbinding2.B99990003.profile
# The profile IS normalized by the number of restraints.
# The profiles are smoothed over a window of residues:   13
# The sum of all numbers in the file:     -11.3833

<< end of ENERGY.
DOPE score               : -32818.726563

Dynamically allocated memory at          finish [B,KiB,MiB]:     10076223    9840.062     9.609
Starting time                                            : 2021/03/25 18:36:35
Closing time                                             : 2021/03/25 18:36:38
Total CPU time [seconds]                                 :       2.25
