
                         MODELLER 9.25, 2020/09/03, r11894

     PROTEIN STRUCTURE MODELLING BY SATISFACTION OF SPATIAL RESTRAINTS


                     Copyright(c) 1989-2020 Andrej Sali
                            All Rights Reserved

                             Written by A. Sali
                               with help from
              B. Webb, M.S. Madhusudhan, M-Y. Shen, G.Q. Dong,
          M.A. Marti-Renom, N. Eswar, F. Alber, M. Topf, B. Oliva,
             A. Fiser, R. Sanchez, B. Yerkovich, A. Badretdinov,
                     F. Melo, J.P. Overington, E. Feyfant
                 University of California, San Francisco, USA
                    Rockefeller University, New York, USA
                      Harvard University, Cambridge, USA
                   Imperial Cancer Research Fund, London, UK
              Birkbeck College, University of London, London, UK


Kind, OS, HostName, Kernel, Processor: 4, Windows Vista build 9200, LAPTOP-REA0J2HD, SMP, unknown
Date and time of compilation         : 2020/09/03 08:23:39
MODELLER executable type             : x86_64-w64
Job starting time (YY/MM/DD HH:MM:SS): 2021/01/25 12:16:15

openf___224_> Open           $(LIB)/restyp.lib
openf___224_> Open           ${MODINSTALL9v25}/modlib/resgrp.lib
rdresgr_266_> Number of residue groups:        2
openf___224_> Open           ${MODINSTALL9v25}/modlib/sstruc.lib

Dynamically allocated memory at   amaxlibraries [B,KiB,MiB]:       191566     187.076     0.183

Dynamically allocated memory at   amaxlibraries [B,KiB,MiB]:       192094     187.592     0.183
openf___224_> Open           ${MODINSTALL9v25}/modlib/resdih.lib

Dynamically allocated memory at   amaxlibraries [B,KiB,MiB]:       240694     235.053     0.230
rdrdih__263_> Number of dihedral angle types         :        9
              Maximal number of dihedral angle optima:        3
              Dihedral angle names                   :  Alph Phi Psi Omeg chi1 chi2 chi3 chi4 chi5
openf___224_> Open           ${MODINSTALL9v25}/modlib/radii.lib

Dynamically allocated memory at   amaxlibraries [B,KiB,MiB]:       253994     248.041     0.242
openf___224_> Open           ${MODINSTALL9v25}/modlib/radii14.lib
openf___224_> Open           ${MODINSTALL9v25}/modlib/af_mnchdef.lib
rdwilmo_274_> Mainchain residue conformation classes:  APBLE
openf___224_> Open           ${MODINSTALL9v25}/modlib/mnch.lib
rdclass_257_> Number of classes:        5
openf___224_> Open           ${MODINSTALL9v25}/modlib/mnch1.lib
openf___224_> Open           ${MODINSTALL9v25}/modlib/mnch2.lib
openf___224_> Open           ${MODINSTALL9v25}/modlib/mnch3.lib
openf___224_> Open           ${MODINSTALL9v25}/modlib/xs4.mat
rdrrwgh_268_> Number of residue types:       21
openf___224_> Open           pdb_95.pir

Dynamically allocated memory at amaxsequence_db [B,KiB,MiB]:       298792     291.789     0.285

Dynamically allocated memory at amaxsequence_db [B,KiB,MiB]:       885926     865.162     0.845

Dynamically allocated memory at   amaxalignment [B,KiB,MiB]:       888034     867.221     0.847

Dynamically allocated memory at   amaxalignment [B,KiB,MiB]:       889484     868.637     0.848

Dynamically allocated memory at   amaxalignment [B,KiB,MiB]:       892384     871.469     0.851

Dynamically allocated memory at amaxsequence_db [B,KiB,MiB]:      3108183    3035.335     2.964

Dynamically allocated memory at   amaxalignment [B,KiB,MiB]:      3113983    3040.999     2.970

Dynamically allocated memory at   amaxalignment [B,KiB,MiB]:      3125583    3052.327     2.981

Dynamically allocated memory at   amaxalignment [B,KiB,MiB]:      3148783    3074.983     3.003

Dynamically allocated memory at amaxsequence_db [B,KiB,MiB]:      4256683    4156.917     4.059

SEQ_DATABASE_FILE         : pdb_95.pir
SEQ_DATABASE_FORMAT       : PIR
CHAINS_LIST               : ALL
CLEAN_SEQUENCES           :            T
MINMAX_DB_SEQ_LEN         :           30        4000
Number of sequences       :        11079
Number of residues        :      2436254
Length of longest sequence:         1491


SEQ_DATABASE_FILE         : pdb_95.bin
SEQ_DATABASE_FORMAT       : BINARY
SEARCH_CHAINS_LIST        : ALL
Number of sequences       :        11079
Number of residues        :      2436254
Length of longest sequence:         1491


SEQ_DATABASE_FILE         : pdb_95.bin
SEQ_DATABASE_FORMAT       : BINARY
CHAINS_LIST               : ALL
CLEAN_SEQUENCES           :            T
MINMAX_DB_SEQ_LEN         :            0      999999
Number of sequences       :        11079
Number of residues        :      2436254
Length of longest sequence:         1491

openf___224_> Open           ache2.ali

Dynamically allocated memory at   amaxalignment [B,KiB,MiB]:       300978     293.924     0.287

Dynamically allocated memory at   amaxalignment [B,KiB,MiB]:       302428     295.340     0.288

Dynamically allocated memory at   amaxalignment [B,KiB,MiB]:       305328     298.172     0.291

Dynamically allocated memory at   amaxalignment [B,KiB,MiB]:       311128     303.836     0.297

Dynamically allocated memory at   amaxalignment [B,KiB,MiB]:       322728     315.164     0.308

Dynamically allocated memory at    amaxsequence [B,KiB,MiB]:       325048     317.430     0.310

Read the alignment from file       : ache2.ali

Total number of alignment positions:   581

  #  Code        #_Res #_Segm PDB_code    Name
-------------------------------------------------------------------------------
  1      ache2     581      1       ache2

Dynamically allocated memory at     amaxprofile [B,KiB,MiB]:       327697     320.017     0.313
openf___224_> Open           ${LIB}/blosum62.sim.mat
rdrrwgh_268_> Number of residue types:       21

Dynamically allocated memory at amaxsequence_db [B,KiB,MiB]:       604167     590.007     0.576
profile_iteration_> processing sequence:       1    581      1     0.0156250     0.0156250     0.0156250     1

Dynamically allocated memory at amaxsequence_db [B,KiB,MiB]:       613464     599.086     0.585
profile_iteration_> processing sequence:    1109    581      1     0.9687500     0.0008735     0.0000040  1109

Dynamically allocated memory at amaxsequence_db [B,KiB,MiB]:       621252     606.691     0.592
profile_iteration_> processing sequence:    2217    581      1     1.9531250     0.0008810     0.0000040  1135
profile_iteration_> processing sequence:    3325    581      1     2.9843750     0.0008976     0.0000040  1114
profile_iteration_> processing sequence:    4433    581      1     3.9375000     0.0008882     0.0000040  1126
profile_iteration_> processing sequence:    5541    581      1     4.8750000     0.0008798     0.0000039  1137
profile_iteration_> processing sequence:    6649    581      1     5.8281250     0.0008765     0.0000039  1141
profile_iteration_> processing sequence:    7757    581      1     6.7812500     0.0008742     0.0000039  1144
profile_iteration_> processing sequence:    8865    581      1     7.7343750     0.0008725     0.0000039  1146
profile_iteration_> processing sequence:    9973    581      1     8.6562500     0.0008680     0.0000039  1152
 AVERAGE RESIDUAL STANDARD ERROR:    32.44880
 AVERAGE RESIDUAL STANDARD DEVIATION:    243.5707
profile_660_> Quality of the fit between observed/expected score distributions.
              [Iteration, Chi2, nbins, KS-Stat, nscores ] =        1,        0.0436,      121,        0.0103,    11079

HISTOGRAM OF Z-SCORES:

Z:         1  -3.95000   0.00000   0.00000
Z:         1  -3.85000   0.00000   0.00000
Z:         1  -3.75000   0.00000   0.00000
Z:         1  -3.65000   0.00000   0.00000
Z:         1  -3.55000   0.00000   0.00000
Z:         1  -3.45000   0.00000   0.00000
Z:         1  -3.35000   0.00000   0.00000
Z:         1  -3.25000   0.00000   0.00000
Z:         1  -3.15000   0.00000   0.00000
Z:         1  -3.05000   0.00000   0.00000
Z:         1  -2.95000   0.00000   0.00000
Z:         1  -2.85000   0.00000   0.00000
Z:         1  -2.75000   0.00000   0.00000
Z:         1  -2.65000   0.00000   0.00000
Z:         1  -2.55000   0.00000   0.00001
Z:         1  -2.45000   0.00000   0.00004
Z:         1  -2.35000   0.00000   0.00016
Z:         1  -2.25000   0.00271   0.00055
Z:         1  -2.15000   0.00090   0.00163
Z:         1  -2.05000   0.00722   0.00416
Z:         1  -1.95000   0.00993   0.00933
Z:         1  -1.85000   0.02076   0.01872
Z:         1  -1.75000   0.04423   0.03400
Z:         1  -1.65000   0.05145   0.05658
Z:         1  -1.55000   0.10019   0.08721
Z:         1  -1.45000   0.11644   0.12565
Z:         1  -1.35000   0.16157   0.17059
Z:         1  -1.25000   0.22926   0.21981
Z:         1  -1.15000   0.28432   0.27052
Z:         1  -1.05000   0.29245   0.31973
Z:         1  -0.95000   0.34750   0.36469
Z:         1  -0.85000   0.43596   0.40316
Z:         1  -0.75000   0.42423   0.43360
Z:         1  -0.65000   0.41339   0.45519
Z:         1  -0.55000   0.47477   0.46779
Z:         1  -0.45000   0.46033   0.47182
Z:         1  -0.35000   0.45582   0.46811
Z:         1  -0.25000   0.48019   0.45775
Z:         1  -0.15000   0.41339   0.44196
Z:         1  -0.05000   0.42964   0.42194
Z:         1   0.05000   0.37097   0.39889
Z:         1   0.15000   0.37278   0.37383
Z:         1   0.25000   0.34389   0.34769
Z:         1   0.35000   0.35202   0.32121
Z:         1   0.45000   0.29876   0.29500
Z:         1   0.55000   0.30057   0.26953
Z:         1   0.65000   0.22655   0.24513
Z:         1   0.75000   0.23017   0.22205
Z:         1   0.85000   0.19496   0.20043
Z:         1   0.95000   0.19587   0.18036
Z:         1   1.05000   0.15164   0.16185
Z:         1   1.15000   0.12275   0.14489
Z:         1   1.25000   0.12185   0.12944
Z:         1   1.35000   0.11463   0.11542
Z:         1   1.45000   0.10290   0.10275
Z:         1   1.55000   0.08665   0.09133
Z:         1   1.65000   0.08575   0.08109
Z:         1   1.75000   0.07672   0.07191
Z:         1   1.85000   0.07401   0.06371
Z:         1   1.95000   0.06860   0.05639
Z:         1   2.05000   0.04152   0.04988
Z:         1   2.15000   0.05506   0.04409
Z:         1   2.25000   0.03881   0.03895
Z:         1   2.35000   0.04333   0.03439
Z:         1   2.45000   0.03069   0.03035
Z:         1   2.55000   0.03791   0.02678
Z:         1   2.65000   0.02347   0.02361
Z:         1   2.75000   0.02166   0.02082
Z:         1   2.85000   0.01534   0.01835
Z:         1   2.95000   0.01534   0.01617
Z:         1   3.05000   0.01083   0.01424
Z:         1   3.15000   0.00993   0.01255
Z:         1   3.25000   0.01354   0.01105
Z:         1   3.35000   0.00993   0.00973
Z:         1   3.45000   0.01173   0.00857
Z:         1   3.55000   0.00361   0.00754
Z:         1   3.65000   0.00632   0.00664
Z:         1   3.75000   0.00812   0.00584
Z:         1   3.85000   0.00361   0.00514
Z:         1   3.95000   0.00451   0.00453
Z:         1   4.05000   0.00181   0.00398
Z:         1   4.15000   0.00090   0.00350
Z:         1   4.25000   0.00181   0.00308
Z:         1   4.35000   0.00361   0.00271
Z:         1   4.45000   0.00542   0.00239
Z:         1   4.55000   0.00361   0.00210
Z:         1   4.65000   0.00271   0.00185
Z:         1   4.75000   0.00090   0.00163
Z:         1   4.85000   0.00181   0.00143
Z:         1   4.95000   0.00000   0.00126
Z:         1   5.05000   0.00090   0.00111
Z:         1   5.15000   0.00090   0.00097
Z:         1   5.25000   0.00090   0.00086
Z:         1   5.35000   0.00090   0.00075
Z:         1   5.45000   0.00181   0.00066
Z:         1   5.55000   0.00000   0.00058
Z:         1   5.65000   0.00000   0.00051
Z:         1   5.75000   0.00000   0.00045
Z:         1   5.85000   0.00090   0.00040
Z:         1   5.95000   0.00090   0.00035
Z:         1   6.05000   0.00000   0.00031
Z:         1   6.15000   0.00000   0.00027
Z:         1   6.25000   0.00000   0.00024
Z:         1   6.35000   0.00000   0.00021
Z:         1   6.45000   0.00000   0.00018
Z:         1   6.55000   0.00000   0.00016
Z:         1   6.65000   0.00000   0.00014
Z:         1   6.75000   0.00000   0.00013
Z:         1   6.85000   0.00000   0.00011
Z:         1   6.95000   0.00000   0.00010
Z:         1   7.05000   0.00000   0.00009
Z:         1   7.15000   0.00000   0.00007
Z:         1   7.25000   0.00000   0.00007
Z:         1   7.35000   0.00000   0.00006
Z:         1   7.45000   0.00000   0.00005
Z:         1   7.55000   0.00000   0.00004
Z:         1   7.65000   0.00000   0.00004
Z:         1   7.75000   0.00000   0.00003
Z:         1   7.85000   0.00000   0.00003
Z:         1   7.95000   0.00000   0.00003
Z:         1   8.05000   0.00000   0.00002

HITS FOUND IN ITERATION:     1


Dynamically allocated memory at     amaxprofile [B,KiB,MiB]:      1103052    1077.199     1.052
> 1ea5A                      1     329   51050     532     581   40.68     0.0           2   515     5   566     3   528
> 2bce                       1     507   28450     532     581   30.59     0.0           3   494     7   559     6   515
> 1b41A                      1     861   49050     531     581   40.11     0.0           4   520     5   568     4   529
> 1n5mA                      1    1564   49650     536     581   41.13     0.0           5   521     4   568     7   536
> 1qe3A                      1    1619   26200     467     581   35.50     0.0           6   450     6   549     4   465
> 1llfA                      1    1826   17800     534     581   31.00     0.0           7   429    29   529    23   493
> 1lpp                       1    1928   18050     534     581   31.85     0.0           8   422    29   529    23   493
> 1dx4A                      1    2447  131250     537     581   91.06     0.0           9   535     3   569     1   537
> 1u4nA                      1    2934    4450     308     581   29.25    0.58E-02      10   106   132   252    65   170
> 1f6wA                      1    3121   29200     533     581   31.53     0.0          11   495     7   559     6   522
> 1gz7A                      1    4038   19150     534     581   32.06     0.0          12   426    29   529    23   493
> 1k4yA                      1    5362   23150     501     581   32.53     0.0          13   474     6   565     3   497
> 1lzlA                      1    6028    6750     317     581   34.75    0.33E-07      14   117   122   254    61   178
> 1mx1A                      1    6303   23700     532     581   31.06     0.0          15   499     6   565     5   532
> 1p0iA                      1    6936   49100     523     581   41.30     0.0          16   517     5   566     1   523
> 1thg                       1    8211   16100     543     581   30.11     0.0          17   412    25   494    19   483
> 1ukcA                      1    8525   16450     517     581   29.90     0.0          18   457    26   559    24   508

profile_iteration__> Weight Matrix           [sec]:     0.015625
profile_iteration__> Score Collection        [sec]:     9.609375
profile_iteration__> Score Collection/Seq    [sec]:     0.000867
profile_iteration__> DP Steps per sec    [ali/sec]:  1152.936646
profile_iteration__> Statistics              [sec]:     0.015625
profile_iteration__> Add to profile          [sec]:     0.062500
profile_iteration__> Overall performance    [/seq]:     0.000876
profile_iteration__> Overall performance [seq/sec]:  1141.797119
openf___224_> Open           build_profile.prf

Dynamically allocated memory at   amaxalignment [B,KiB,MiB]:       923571     901.925     0.881

Dynamically allocated memory at    amaxsequence [B,KiB,MiB]:       925891     904.190     0.883

Dynamically allocated memory at    amaxsequence [B,KiB,MiB]:       927947     906.198     0.885

Dynamically allocated memory at    amaxsequence [B,KiB,MiB]:       929919     908.124     0.887

Dynamically allocated memory at    amaxsequence [B,KiB,MiB]:       931995     910.151     0.889

Dynamically allocated memory at    amaxsequence [B,KiB,MiB]:       934075     912.183     0.891

Dynamically allocated memory at    amaxsequence [B,KiB,MiB]:       935871     913.937     0.893

Dynamically allocated memory at    amaxsequence [B,KiB,MiB]:       937583     915.608     0.894

Dynamically allocated memory at    amaxsequence [B,KiB,MiB]:       939267     917.253     0.896

Dynamically allocated memory at    amaxsequence [B,KiB,MiB]:       941403     919.339     0.898

Dynamically allocated memory at    amaxsequence [B,KiB,MiB]:       941823     919.749     0.898

Dynamically allocated memory at    amaxsequence [B,KiB,MiB]:       943799     921.679     0.900

Dynamically allocated memory at    amaxsequence [B,KiB,MiB]:       945499     923.339     0.902

Dynamically allocated memory at    amaxsequence [B,KiB,MiB]:       947391     925.187     0.904

Dynamically allocated memory at    amaxsequence [B,KiB,MiB]:       947855     925.640     0.904

Dynamically allocated memory at    amaxsequence [B,KiB,MiB]:       949847     927.585     0.906

Dynamically allocated memory at    amaxsequence [B,KiB,MiB]:       951911     929.601     0.908

Dynamically allocated memory at    amaxsequence [B,KiB,MiB]:       953555     931.206     0.909

Dynamically allocated memory at    amaxsequence [B,KiB,MiB]:       955379     932.987     0.911
openf___224_> Open           build_profile.ali

Dynamically allocated memory at          finish [B,KiB,MiB]:       929041     907.267     0.886
Starting time                                            : 2021/01/25 12:16:15
Closing time                                             : 2021/01/25 12:16:25
Total CPU time [seconds]                                 :      10.58
