
                         MODELLER 9.25, 2020/09/03, r11894

     PROTEIN STRUCTURE MODELLING BY SATISFACTION OF SPATIAL RESTRAINTS


                     Copyright(c) 1989-2020 Andrej Sali
                            All Rights Reserved

                             Written by A. Sali
                               with help from
              B. Webb, M.S. Madhusudhan, M-Y. Shen, G.Q. Dong,
          M.A. Marti-Renom, N. Eswar, F. Alber, M. Topf, B. Oliva,
             A. Fiser, R. Sanchez, B. Yerkovich, A. Badretdinov,
                     F. Melo, J.P. Overington, E. Feyfant
                 University of California, San Francisco, USA
                    Rockefeller University, New York, USA
                      Harvard University, Cambridge, USA
                   Imperial Cancer Research Fund, London, UK
              Birkbeck College, University of London, London, UK


Kind, OS, HostName, Kernel, Processor: 4, Windows Vista build 9200, LAPTOP-REA0J2HD, SMP, unknown
Date and time of compilation         : 2020/09/03 08:23:39
MODELLER executable type             : x86_64-w64
Job starting time (YY/MM/DD HH:MM:SS): 2021/01/04 11:03:44


Multiple dynamic programming alignment (MALIGN):
  Residue-residue metric  : $(LIB)/as1.sim.mat
  ALIGN_BLOCK             :            1
  Gap introduction penalty:    -900.0000
  Gap extension penalty   :     -50.0000
  Length of alignment     :          307
# Sequence alignment of the structurally conserved regions
# [average distance and standard deviation are with respect
#  to the framework (i.e., average structure)]
#
#  N av ds st dv   1p97A  2a24A  3f1pA  4f3lB  
# =============================================
   1 1.278 0.642   T   7  T   7  T 243  E 339  
   2 0.958 0.565   F   8  F   8  F 244  Y 340  
   3 1.025 0.557   L   9  L   9  L 245  V 341  
   4 0.894 0.309 * S  10  S  10  S 246  S 342  
   5 0.801 0.404   R  11  R  11  E 247  R 343  
   6 0.754 0.268 * H  12  H  12  H 248  H 344  
   7 0.745 0.299   S  13  S  13  S 249  A 345  
   8 1.342 0.425   M  14  M  14  M 250  I 346  
   9 0.948 0.130 * D  15  D  15  D 251  D 347  
  10 0.965 0.430   M  16  M  16  M 252  G 348  
  11 0.667 0.156 * K  17  K  17  K 253  K 349  
  12 0.524 0.142 * F  18  F  18  F 254  F 350  
  13 0.514 0.217   T  19  T  19  T 255  V 351  
  14 0.723 0.268   Y  20  Y  20  Y 256  F 352  
  15 0.683 0.313   C  21  C  21  C 257  V 353  
  16 0.782 0.428 * D  22  D  22  D 258  D 354  
  17 0.980 0.479   D  23  D  23  D 259  Q 355  
  18 1.071 0.560 * R  24  R  24  R 260  R 356  
  19 0.968 0.443   I  25  I  25  I 261  A 357  
  20 0.992 0.434 * T  26  T  26  T 262  T 358  
  21 1.086 0.501   E  27  E  27  E 263  A 359  
  22 0.992 0.335   L  28  L  28  L 264  I 360  
  23 0.939 0.430   I  29  I  29  I 265  L 361  
  24 0.623 0.230   G  30  G  30  G 266  A 362  
  25 0.540 0.121 * Y  31  Y  31  Y 267  Y 363  
  26 0.453 0.063   H  32  H  32  H 268  L 364  
  27 0.442 0.130 * P  33  P  33  P 269  P 365  
  28 0.730 0.132   E  34  E  34  E 270  Q 366  
  29 0.736 0.141 * E  35  E  35  E 271  E 367  
  30 0.632 0.061 * L  36  L  36  L 272  L 368  
  31 0.880 0.206 * L  37  L  37  L 273  L 369  
  32 0.707 0.160 * G  38  G  38  G 274  G 370  
  33 0.705 0.194   R  39  R  39  R 275  T 371  
  34 0.799 0.407 * S  40  S  40  S 276  S 372  
  35 0.889 0.362   A  41  A  41  A 277  C 373  
  36 0.821 0.285 * Y  42  Y  42  Y 278  Y 374  
  37 0.733 0.313 * E  43  E  43  E 279  E 375  
  38 0.765 0.289   F  44  F  44  F 280  Y 376  
  39 1.424 0.264   Y  45  Y  45  Y 281  F 377  
# =============================================
  40 0.977 0.336   A  47  A  47  A 283  H 378  
# =============================================
  41 1.210 0.383   L  48  L  48  L 284  D 380  
  42 1.149 0.542 * D  49  D  49  D 285  D 381  
  43 1.258 0.551   S  50  S  50  S 286  I 382  
# =============================================
  44 1.130 0.417   E  51  E  51  E 287  H 384  
# =============================================
  45 1.053 0.520   M  53  M  53  M 289  L 385  
  46 0.888 0.507   T  54  T  54  T 290  A 386  
# =============================================
  47 0.992 0.393   K  55  K  55  K 291  C 388  
# =============================================
  48 0.874 0.504 * H  57  H  57  H 293  H 389  
# =============================================
  49 1.047 0.458 * Q  58  Q  58  Q 294  Q 391  
# =============================================
  50 1.077 0.600   L  60  L  60  L 296  V 392  
  51 0.982 0.557   C  61  C  61  C 297  L 393  
# =============================================
  52 0.877 0.236 * T  62  T  62  T 298  T 395  
# =============================================
  53 0.959 0.412   K  63  K  63  K 299  E 397  
# =============================================
  54 0.903 0.391   Q  65  Q  65  Q 301  K 398  
  55 1.124 0.569   V  66  V  66  V 302  I 399  
  56 1.233 0.665   V  67  V  67  V 303  T 400  
  57 1.458 0.680   S  68  S  68  S 304  T 401  
# =============================================
  58 1.139 0.599 * Y  71  Y  71  Y 307  Y 404  
  59 0.924 0.436   R  72  R  72  R 308  K 405  
  60 0.843 0.402   M  73  M  73  M 309  F 406  
  61 0.615 0.172   L  74  L  74  L 310  K 407  
  62 0.448 0.221   A  75  A  75  A 311  I 408  
  63 0.420 0.184 * K  76  K  76  K 312  K 409  
  64 0.927 0.373   H  77  H  77  H 313  D 410  
  65 1.246 0.522 * G  78  G  78  G 314  G 411  
  66 0.896 0.094   G  79  G  79  G 315  S 412  
  67 0.765 0.303   Y  80  Y  80  Y 316  F 413  
  68 0.782 0.438   V  81  V  81  V 317  I 414  
  69 0.978 0.531   W  82  W  82  W 318  T 415  
  70 1.146 0.690 * L  83  L  83  L 319  L 416  
  71 1.253 0.684   E  84  E  84  E 320  R 417  
  72 1.092 0.639   T  85  T  85  T 321  S 418  
  73 1.203 0.637   Q  86  Q  86  Q 322  R 419  
  74 1.151 0.521   G  87  G  87  G 323  W 420  
  75 1.322 0.722   T  88  T  88  T 324  F 421  
  76 1.088 0.558   V  89  V  89  V 325  S 422  
  77 0.940 0.427   I  90  I  90  I 326  F 423  
  78 0.856 0.162   Y  91  Y  91  Y 327  M 424  
  79 0.962 0.308 * N  92  N  92  N 328  N 425  
  80 1.179 0.230 * P  93  P  93  P 329  P 426  
# =============================================
  81 1.340 0.356   L  96  L  96  L 332  K 429  
  82 1.026 0.257   Q  97  Q  97  Q 333  E 430  
  83 0.758 0.263   P  98  P  98  P 334  V 431  
  84 0.279 0.181   Q  99  Q  99  Q 335  E 432  
  85 0.691 0.296   C 100  C 100  C 336  Y 433  
  86 0.975 0.470 * I 101  I 101  I 337  I 434  
  87 1.024 0.512   M 102  M 102  M 338  V 435  
  88 0.927 0.523   C 103  C 103  C 339  S 436  
  89 1.020 0.557   V 104  V 104  V 340  T 437  
  90 1.131 0.568 * N 105  N 105  N 341  N 438  
  91 1.317 0.600   Y 106  Y 106  Y 342  T 439  
  92 1.390 0.814 * V 107  V 107  V 343  V 440  
# =============================================
# Sequence alignment of the structurally conserved regions
# [average distance and standard deviation are with respect
#  to the framework (i.e., average structure)]
#
#  N av ds st dv   1p97A  2a24A  3f1pA  4f3lB  
# =============================================
   1 1.185 0.446   K   6  K   6  K 242  M 338  
   2 0.623 0.240   T   7  T   7  T 243  E 339  
   3 0.436 0.037   F   8  F   8  F 244  Y 340  
   4 0.461 0.189   L   9  L   9  L 245  V 341  
   5 0.587 0.087 * S  10  S  10  S 246  S 342  
   6 0.448 0.145   R  11  R  11  E 247  R 343  
   7 0.482 0.157 * H  12  H  12  H 248  H 344  
   8 0.536 0.220   S  13  S  13  S 249  A 345  
   9 1.235 0.573   M  14  M  14  M 250  I 346  
  10 0.742 0.209 * D  15  D  15  D 251  D 347  
  11 0.744 0.263   M  16  M  16  M 252  G 348  
  12 0.539 0.150 * K  17  K  17  K 253  K 349  
  13 0.365 0.136 * F  18  F  18  F 254  F 350  
  14 0.389 0.103   T  19  T  19  T 255  V 351  
  15 0.451 0.083   Y  20  Y  20  Y 256  F 352  
  16 0.357 0.016   C  21  C  21  C 257  V 353  
  17 0.511 0.072 * D  22  D  22  D 258  D 354  
  18 0.585 0.274   D  23  D  23  D 259  Q 355  
  19 0.600 0.233 * R  24  R  24  R 260  R 356  
  20 0.689 0.174   I  25  I  25  I 261  A 357  
  21 0.765 0.207 * T  26  T  26  T 262  T 358  
  22 0.946 0.217   E  27  E  27  E 263  A 359  
  23 0.744 0.213   L  28  L  28  L 264  I 360  
  24 0.880 0.303   I  29  I  29  I 265  L 361  
  25 0.634 0.199   G  30  G  30  G 266  A 362  
  26 0.495 0.172 * Y  31  Y  31  Y 267  Y 363  
  27 0.451 0.114   H  32  H  32  H 268  L 364  
  28 0.552 0.264 * P  33  P  33  P 269  P 365  
  29 0.768 0.323   E  34  E  34  E 270  Q 366  
  30 0.654 0.174 * E  35  E  35  E 271  E 367  
  31 0.535 0.138 * L  36  L  36  L 272  L 368  
  32 0.799 0.256 * L  37  L  37  L 273  L 369  
  33 0.703 0.136 * G  38  G  38  G 274  G 370  
  34 0.695 0.194   R  39  R  39  R 275  T 371  
  35 0.835 0.362 * S  40  S  40  S 276  S 372  
  36 0.789 0.327   A  41  A  41  A 277  C 373  
  37 0.706 0.275 * Y  42  Y  42  Y 278  Y 374  
  38 0.802 0.200 * E  43  E  43  E 279  E 375  
  39 0.718 0.283   F  44  F  44  F 280  Y 376  
  40 1.285 0.186   Y  45  Y  45  Y 281  F 377  
  41 1.308 0.345 * H  46  H  46  H 282  H 378  
  42 1.134 0.191   A  47  A  47  A 283  Q 379  
  43 0.721 0.132   L  48  L  48  L 284  D 380  
  44 0.593 0.113 * D  49  D  49  D 285  D 381  
  45 0.843 0.251   S  50  S  50  S 286  I 382  
  46 0.725 0.075   E  51  E  51  E 287  G 383  
  47 0.900 0.131   N  52  N  52  N 288  H 384  
  48 0.597 0.104   M  53  M  53  M 289  L 385  
  49 0.452 0.074   T  54  T  54  T 290  A 386  
  50 0.717 0.207   K  55  K  55  K 291  E 387  
  51 0.539 0.189   S  56  S  56  S 292  C 388  
  52 0.404 0.159 * H  57  H  57  H 293  H 389  
  53 0.704 0.323   Q  58  Q  58  Q 294  R 390  
  54 0.687 0.322   N  59  N  59  N 295  Q 391  
  55 0.508 0.296   L  60  L  60  L 296  V 392  
  56 0.599 0.232   C  61  C  61  C 297  L 393  
  57 0.787 0.167   T  62  T  62  T 298  Q 394  
  58 0.837 0.545   K  63  K  63  K 299  T 395  
  59 0.902 0.472   G  64  G  64  G 300  R 396  
# =============================================
  60 0.720 0.351   Q  65  Q  65  Q 301  K 398  
  61 0.491 0.121   V  66  V  66  V 302  I 399  
  62 0.534 0.095   V  67  V  67  V 303  T 400  
  63 0.768 0.193   S  68  S  68  S 304  T 401  
  64 1.400 0.339   G  69  G  69  G 305  N 402  
  65 0.973 0.041   Q  70  Q  70  Q 306  C 403  
  66 0.543 0.090 * Y  71  Y  71  Y 307  Y 404  
  67 0.403 0.177   R  72  R  72  R 308  K 405  
  68 0.501 0.191   M  73  M  73  M 309  F 406  
  69 0.490 0.180   L  74  L  74  L 310  K 407  
  70 0.426 0.166   A  75  A  75  A 311  I 408  
  71 0.519 0.180 * K  76  K  76  K 312  K 409  
  72 1.077 0.152   H  77  H  77  H 313  D 410  
  73 1.277 0.308 * G  78  G  78  G 314  G 411  
  74 0.810 0.050   G  79  G  79  G 315  S 412  
  75 0.483 0.286   Y  80  Y  80  Y 316  F 413  
  76 0.277 0.205   V  81  V  81  V 317  I 414  
  77 0.412 0.189   W  82  W  82  W 318  T 415  
  78 0.514 0.313 * L  83  L  83  L 319  L 416  
  79 0.560 0.246   E  84  E  84  E 320  R 417  
  80 0.512 0.151   T  85  T  85  T 321  S 418  
  81 0.488 0.201   Q  86  Q  86  Q 322  R 419  
  82 0.537 0.149   G  87  G  87  G 323  W 420  
  83 0.697 0.333   T  88  T  88  T 324  F 421  
  84 0.587 0.224   V  89  V  89  V 325  S 422  
  85 0.530 0.131   I  90  I  90  I 326  F 423  
  86 0.598 0.264   Y  91  Y  91  Y 327  M 424  
  87 1.136 0.453 * N  92  N  92  N 328  N 425  
  88 1.278 0.398 * P  93  P  93  P 329  P 426  
# =============================================
  89 1.486 0.463   L  96  L  96  L 332  K 429  
  90 1.144 0.329   Q  97  Q  97  Q 333  E 430  
  91 0.815 0.278   P  98  P  98  P 334  V 431  
  92 0.459 0.190   Q  99  Q  99  Q 335  E 432  
  93 0.408 0.108   C 100  C 100  C 336  Y 433  
  94 0.545 0.181 * I 101  I 101  I 337  I 434  
  95 0.547 0.173   M 102  M 102  M 338  V 435  
  96 0.396 0.136   C 103  C 103  C 339  S 436  
  97 0.396 0.078   V 104  V 104  V 340  T 437  
  98 0.522 0.134 * N 105  N 105  N 341  N 438  
  99 0.691 0.203   Y 106  Y 106  Y 342  T 439  
 100 0.939 0.425 * V 107  V 107  V 343  V 440  
 101 1.171 0.467   L 108  L 108  L 344  V 441  
 102 1.433 0.515   S 109  S 109  S 345  L 442  
# =============================================
# Sequence alignment of the structurally conserved regions
# [average distance and standard deviation are with respect
#  to the framework (i.e., average structure)]
#
#  N av ds st dv   1p97A  2a24A  3f1pA  4f3lB  
# =============================================
   1 0.988 0.479   K   6  K   6  K 242  M 338  
   2 0.481 0.208   T   7  T   7  T 243  E 339  
   3 0.350 0.136   F   8  F   8  F 244  Y 340  
   4 0.377 0.129   L   9  L   9  L 245  V 341  
   5 0.590 0.131 * S  10  S  10  S 246  S 342  
   6 0.429 0.135   R  11  R  11  E 247  R 343  
   7 0.436 0.184 * H  12  H  12  H 248  H 344  
   8 0.479 0.169   S  13  S  13  S 249  A 345  
   9 1.266 0.614   M  14  M  14  M 250  I 346  
  10 0.740 0.265 * D  15  D  15  D 251  D 347  
  11 0.702 0.195   M  16  M  16  M 252  G 348  
  12 0.476 0.173 * K  17  K  17  K 253  K 349  
  13 0.353 0.141 * F  18  F  18  F 254  F 350  
  14 0.392 0.111   T  19  T  19  T 255  V 351  
  15 0.457 0.102   Y  20  Y  20  Y 256  F 352  
  16 0.364 0.034   C  21  C  21  C 257  V 353  
  17 0.554 0.052 * D  22  D  22  D 258  D 354  
  18 0.517 0.253   D  23  D  23  D 259  Q 355  
  19 0.540 0.167 * R  24  R  24  R 260  R 356  
  20 0.677 0.148   I  25  I  25  I 261  A 357  
  21 0.772 0.204 * T  26  T  26  T 262  T 358  
  22 0.964 0.231   E  27  E  27  E 263  A 359  
  23 0.788 0.283   L  28  L  28  L 264  I 360  
  24 0.940 0.290   I  29  I  29  I 265  L 361  
  25 0.652 0.204   G  30  G  30  G 266  A 362  
  26 0.504 0.207 * Y  31  Y  31  Y 267  Y 363  
  27 0.498 0.108   H  32  H  32  H 268  L 364  
  28 0.626 0.349 * P  33  P  33  P 269  P 365  
  29 0.842 0.379   E  34  E  34  E 270  Q 366  
  30 0.661 0.196 * E  35  E  35  E 271  E 367  
  31 0.523 0.142 * L  36  L  36  L 272  L 368  
  32 0.800 0.268 * L  37  L  37  L 273  L 369  
  33 0.733 0.126 * G  38  G  38  G 274  G 370  
  34 0.724 0.207   R  39  R  39  R 275  T 371  
  35 0.903 0.342 * S  40  S  40  S 276  S 372  
  36 0.866 0.309   A  41  A  41  A 277  C 373  
  37 0.748 0.335 * Y  42  Y  42  Y 278  Y 374  
  38 0.830 0.264 * E  43  E  43  E 279  E 375  
  39 0.799 0.304   F  44  F  44  F 280  Y 376  
  40 1.336 0.156   Y  45  Y  45  Y 281  F 377  
  41 1.301 0.306 * H  46  H  46  H 282  H 378  
  42 1.091 0.188   A  47  A  47  A 283  Q 379  
  43 0.795 0.116   L  48  L  48  L 284  D 380  
  44 0.512 0.152 * D  49  D  49  D 285  D 381  
  45 0.762 0.261   S  50  S  50  S 286  I 382  
  46 0.609 0.128   E  51  E  51  E 287  G 383  
  47 0.767 0.128   N  52  N  52  N 288  H 384  
  48 0.566 0.128   M  53  M  53  M 289  L 385  
  49 0.340 0.060   T  54  T  54  T 290  A 386  
  50 0.520 0.092   K  55  K  55  K 291  E 387  
  51 0.411 0.089   S  56  S  56  S 292  C 388  
  52 0.294 0.154 * H  57  H  57  H 293  H 389  
  53 0.524 0.239   Q  58  Q  58  Q 294  R 390  
  54 0.468 0.184   N  59  N  59  N 295  Q 391  
  55 0.426 0.177   L  60  L  60  L 296  V 392  
  56 0.508 0.185   C  61  C  61  C 297  L 393  
  57 0.607 0.101   T  62  T  62  T 298  Q 394  
  58 0.708 0.482   K  63  K  63  K 299  T 395  
  59 0.952 0.498   G  64  G  64  G 300  R 396  
# =============================================
  60 0.851 0.563   Q  65  Q  65  Q 301  K 398  
  61 0.509 0.098   V  66  V  66  V 302  I 399  
  62 0.465 0.098   V  67  V  67  V 303  T 400  
  63 0.574 0.210   S  68  S  68  S 304  T 401  
  64 1.155 0.369   G  69  G  69  G 305  N 402  
  65 0.753 0.197   Q  70  Q  70  Q 306  C 403  
  66 0.378 0.100 * Y  71  Y  71  Y 307  Y 404  
  67 0.360 0.167   R  72  R  72  R 308  K 405  
  68 0.447 0.156   M  73  M  73  M 309  F 406  
  69 0.498 0.182   L  74  L  74  L 310  K 407  
  70 0.484 0.189   A  75  A  75  A 311  I 408  
  71 0.543 0.177 * K  76  K  76  K 312  K 409  
  72 1.091 0.117   H  77  H  77  H 313  D 410  
  73 1.309 0.329 * G  78  G  78  G 314  G 411  
  74 0.801 0.046   G  79  G  79  G 315  S 412  
  75 0.522 0.290   Y  80  Y  80  Y 316  F 413  
  76 0.299 0.207   V  81  V  81  V 317  I 414  
  77 0.367 0.173   W  82  W  82  W 318  T 415  
  78 0.419 0.195 * L  83  L  83  L 319  L 416  
  79 0.421 0.163   E  84  E  84  E 320  R 417  
  80 0.431 0.149   T  85  T  85  T 321  S 418  
  81 0.356 0.110   Q  86  Q  86  Q 322  R 419  
  82 0.391 0.188   G  87  G  87  G 323  W 420  
  83 0.560 0.209   T  88  T  88  T 324  F 421  
  84 0.478 0.123   V  89  V  89  V 325  S 422  
  85 0.533 0.131   I  90  I  90  I 326  F 423  
  86 0.685 0.312   Y  91  Y  91  Y 327  M 424  
  87 1.229 0.499 * N  92  N  92  N 328  N 425  
  88 1.379 0.319 * P  93  P  93  P 329  P 426  
# =============================================
  89 1.525 0.423   L  96  L  96  L 332  K 429  
  90 1.151 0.396   Q  97  Q  97  Q 333  E 430  
  91 0.849 0.337   P  98  P  98  P 334  V 431  
  92 0.505 0.202   Q  99  Q  99  Q 335  E 432  
  93 0.375 0.113   C 100  C 100  C 336  Y 433  
  94 0.475 0.114 * I 101  I 101  I 337  I 434  
  95 0.468 0.133   M 102  M 102  M 338  V 435  
  96 0.321 0.140   C 103  C 103  C 339  S 436  
  97 0.299 0.082   V 104  V 104  V 340  T 437  
  98 0.405 0.056 * N 105  N 105  N 341  N 438  
  99 0.573 0.216   Y 106  Y 106  Y 342  T 439  
 100 0.782 0.418 * V 107  V 107  V 343  V 440  
 101 0.943 0.404   L 108  L 108  L 344  V 441  
 102 1.351 0.528   S 109  S 109  S 345  L 442  
# =============================================

Least-squares dynamic programming alignment:
     FIT_ATOMS atoms for alignment     : CA
     Max dist from frw for equivalence :    3.5000
     Gap introduction penalty          :    0.0000
     Gap extension penalty             :    1.7500
     Numb of residues in framework     :       102




COMPARISON OF SEVERAL 3D STRUCTURES:


  #  ALGNMT CODE      ATOM FILE                          

  1  1p97A
  2  2a24A
  3  3f1pA
  4  4f3lB



Variability at a given position is calculated as: 
VAR = 1/Nij * sum_ij (feat_i - feat_j)
sum runs over all pairs of proteins with residues present.



>> Least-squares superposition (FIT)           :       T

   Atom types for superposition/RMS (FIT_ATOMS): CA
   Atom type for position average/variability (VARATOM): CA


   Position comparison (FIT_ATOMS): 

       Cutoff for RMS calculation:     3.5000

       Upper = RMS, Lower = numb equiv positions

        1p97A   2a24A   3f1pA   4f3lB   
1p97A      0.000   1.077   1.257   1.339
2a24A        107   0.000   1.350   1.355
3f1pA        108     105   0.000   1.162
4f3lB        105     103     104   0.000



   Distance comparison (FIT_ATOMS): 

       Cutoff for rms calculation:     3.5000

       Upper = Distance RMS, Lower = numb equiv distances

        1p97A   2a24A   3f1pA   4f3lB   
1p97A      0.000   0.877   1.021   1.003
2a24A       5667   0.000   1.056   0.988
3f1pA       5755    5442   0.000   0.826
4f3lB       5442    5240    5344   0.000

>> Sequence comparison: 

       Diag=numb res, Upper=numb equiv res, Lower = % seq ID


            1p97A   2a24A   3f1pA   4f3lB
1p97A         114     107     105      31
2a24A         100     107     104      30
3f1pA          92      97     114      29
4f3lB          27      28      25     302


>> Dihedral angle comparison: Alph


       Cutoff for rms comparison:    60.0000

       Upper = RMS Alph, Lower = numb of equiv angles

        1p97A   2a24A   3f1pA   4f3lB   
1p97A      0.000  17.248  19.640  20.117
2a24A        103   0.000  16.666  15.560
3f1pA        101      99   0.000  15.609
4f3lB        101      95      99   0.000


>> Dihedral angle comparison: Phi 


       Cutoff for rms comparison:    60.0000

       Upper = RMS Phi , Lower = numb of equiv angles

        1p97A   2a24A   3f1pA   4f3lB   
1p97A      0.000  18.841  16.350  17.590
2a24A        103   0.000  17.553  18.435
3f1pA        100      97   0.000  15.226
4f3lB         96      96      99   0.000


>> Dihedral angle comparison: Psi 


       Cutoff for rms comparison:    15.0000

       Upper = RMS Psi , Lower = numb of equiv angles

        1p97A   2a24A   3f1pA   4f3lB   
1p97A      0.000   8.091   6.180   7.895
2a24A         56   0.000   7.589   7.817
3f1pA         60      57   0.000   8.219
4f3lB         62      49      70   0.000


>> Dihedral angle comparison: Omeg


       Cutoff for rms comparison:    60.0000

       Upper = RMS Omeg, Lower = numb of equiv angles

        1p97A   2a24A   3f1pA   4f3lB   
1p97A      0.000   4.428   7.834   5.976
2a24A        106   0.000   7.467   5.705
3f1pA        107     104   0.000   6.679
4f3lB        104     102     103   0.000


>> Dihedral angle comparison: chi1


       Cutoff for rms comparison:    60.0000

       Upper = RMS chi1, Lower = numb of equiv angles

        1p97A   2a24A   3f1pA   4f3lB   
1p97A      0.000  22.652  19.240  23.472
2a24A         76   0.000  20.891  25.235
3f1pA         53      52   0.000  10.177
4f3lB         48      51      57   0.000


>> Dihedral angle comparison: chi2


       Cutoff for rms comparison:    60.0000

       Upper = RMS chi2, Lower = numb of equiv angles

        1p97A   2a24A   3f1pA   4f3lB   
1p97A      0.000  21.167  17.847  19.496
2a24A         52   0.000  21.729  27.188
3f1pA         37      45   0.000  15.973
4f3lB         24      33      38   0.000


>> Dihedral angle comparison: chi3


       Cutoff for rms comparison:    60.0000

       Upper = RMS chi3, Lower = numb of equiv angles

        1p97A   2a24A   3f1pA   4f3lB   
1p97A      0.000  19.943  23.156  19.871
2a24A         17   0.000  32.100  26.987
3f1pA         11      12   0.000  24.407
4f3lB          7       7       9   0.000


>> Dihedral angle comparison: chi4


       Cutoff for rms comparison:    60.0000

       Upper = RMS chi4, Lower = numb of equiv angles

        1p97A   2a24A   3f1pA   4f3lB   
1p97A      0.000  13.603  24.286  37.781
2a24A          3   0.000  28.608  33.768
3f1pA          5       3   0.000   2.820
4f3lB          3       3       2   0.000


>> Dihedral angle comparison: chi5


       Cutoff for rms comparison:    60.0000

       Upper = RMS chi5, Lower = numb of equiv angles

        1p97A   2a24A   3f1pA   4f3lB   
1p97A      0.000   0.000   0.000   0.000
2a24A          0   0.000   0.000   0.000
3f1pA          0       0   0.000   0.000
4f3lB          0       0       0   0.000



>> Ramachandran mainchain class substitution
   prot 1 --> prot 2; class on vert --> class on horiz

              A      P      B      L      E      U
      A     233      8      6      0      0      0
      P       1     71     31      0      1      1
      B       1     44    176      0      1      5
      L       3      0      0     30      2      0
      E       5      6      0      1      2      0
      U       1      1      1      1      0      0


   Summary (% does not count undefined):

   CODE   # ID # NID # TOT   % ID  % NID  % TOT
      A    233    14   247   37.1    2.2   39.3
      P     71    34   105   11.3    5.4   16.7
      B    176    51   227   28.0    8.1   36.1
      L     30     5    35    4.8    0.8    5.6
      E      2    12    14    0.3    1.9    2.2
   --------------------------------------------
   SUMS    512   116   628   81.5   18.5  100.0
   --------------------------------------------
      U      0     4     4    0.0    0.6    0.6



>> Dihedral class substitution: Alph
   prot 1 --> prot 2; class on vert --> class on horiz

              1      2      3      4
      1      18      4     16      0
      2       3    218     10      3
      3       4      8    335      7
      4       0      1      3      2


   Summary (% does not count undefined):

   CODE   # ID # NID # TOT   % ID  % NID  % TOT
      1     18    20    38    2.9    3.2    6.1
      2    218    16   234   34.8    2.6   37.4
      3    335    19   354   53.5    3.0   56.5
   --------------------------------------------
   SUMS    571    55   626   91.2    8.8  100.0
   --------------------------------------------
      4      2     4     6    0.3    0.6    0.9



>> Dihedral class substitution: Phi 
   prot 1 --> prot 2; class on vert --> class on horiz

              1      2      3      4
      1     243      2     45      0
      2      11     32      3      0
      3      63      3    226      1
      4       1      1      1      0


   Summary (% does not count undefined):

   CODE   # ID # NID # TOT   % ID  % NID  % TOT
      1    243    47   290   38.6    7.5   46.1
      2     32    14    46    5.1    2.2    7.3
      3    226    67   293   35.9   10.7   46.6
   --------------------------------------------
   SUMS    501   128   629   79.7   20.3  100.0
   --------------------------------------------
      4      0     3     3    0.0    0.5    0.5



>> Dihedral class substitution: Psi 
   prot 1 --> prot 2; class on vert --> class on horiz

              1      2      3      4
      1     205     10     11      0
      2      14     46     10      0
      3       1      4    325      5
      4       0      0      1      0


   Summary (% does not count undefined):

   CODE   # ID # NID # TOT   % ID  % NID  % TOT
      1    205    21   226   32.5    3.3   35.8
      2     46    24    70    7.3    3.8   11.1
      3    325    10   335   51.5    1.6   53.1
   --------------------------------------------
   SUMS    576    55   631   91.3    8.7  100.0
   --------------------------------------------
      4      0     1     1    0.0    0.2    0.2



>> Dihedral class substitution: Omeg
   prot 1 --> prot 2; class on vert --> class on horiz

              1      2      3      4
      1     626      0      0      5
      2       0      0      0      0
      3       0      0      0      0
      4       1      0      0      0


   Summary (% does not count undefined):

   CODE   # ID # NID # TOT   % ID  % NID  % TOT
      1    626     5   631   99.2    0.8  100.0
      2      0     0     0    0.0    0.0    0.0
      3      0     0     0    0.0    0.0    0.0
   --------------------------------------------
   SUMS    626     5   631   99.2    0.8  100.0
   --------------------------------------------
      4      0     1     1    0.0    0.2    0.2



>> Dihedral class substitution: chi1
   prot 1 --> prot 2; class on vert --> class on horiz

              1      2      3      4
      1     214     52     27      9
      2      70     78     17      4
      3      43     15     37      6
      4      12      3      6     39


   Summary (% does not count undefined):

   CODE   # ID # NID # TOT   % ID  % NID  % TOT
      1    214    88   302   37.4   15.4   52.8
      2     78    91   169   13.6   15.9   29.5
      3     37    64   101    6.5   11.2   17.7
   --------------------------------------------
   SUMS    329   243   572   57.5   42.5  100.0
   --------------------------------------------
      4     39    21    60    6.2    3.3    9.5



>> Dihedral class substitution: chi2
   prot 1 --> prot 2; class on vert --> class on horiz

              1      2      3      4
      1     184     33     11     28
      2      71     44      4     14
      3      20      7      6      4
      4      25     15      3    163


   Summary (% does not count undefined):

   CODE   # ID # NID # TOT   % ID  % NID  % TOT
      1    184    72   256   43.2   16.9   60.1
      2     44    89   133   10.3   20.9   31.2
      3      6    31    37    1.4    7.3    8.7
   --------------------------------------------
   SUMS    234   192   426   54.9   45.1  100.0
   --------------------------------------------
      4    163    43   206   25.8    6.8   32.6



>> Dihedral class substitution: chi3
   prot 1 --> prot 2; class on vert --> class on horiz

              1      2      3      4
      1      79     23      1     20
      2      11      9      3      5
      3      13      0     11     10
      4      19      6      3    419


   Summary (% does not count undefined):

   CODE   # ID # NID # TOT   % ID  % NID  % TOT
      1     79    44   123   42.7   23.8   66.5
      2      9    19    28    4.9   10.3   15.1
      3     11    23    34    5.9   12.4   18.4
   --------------------------------------------
   SUMS     99    86   185   53.5   46.5  100.0
   --------------------------------------------
      4    419    28   447   66.3    4.4   70.7



>> Dihedral class substitution: chi4
   prot 1 --> prot 2; class on vert --> class on horiz

              1      2      3      4
      1      13      3      5      9
      2       1      1      1      4
      3      10      2      5      3
      4      10      4      9    552


   Summary (% does not count undefined):

   CODE   # ID # NID # TOT   % ID  % NID  % TOT
      1     13    17    30   22.8   29.8   52.6
      2      1     6     7    1.8   10.5   12.3
      3      5    15    20    8.8   26.3   35.1
   --------------------------------------------
   SUMS     19    38    57   33.3   66.7  100.0
   --------------------------------------------
      4    552    23   575   87.3    3.6   91.0



>> Dihedral class substitution: chi5
   prot 1 --> prot 2; class on vert --> class on horiz

              1      2      3      4
      1       0      0      0      0
      2       0      0      0      0
      3       0      0      0      0
      4       0      0      0    632


   Summary (% does not count undefined):

   CODE   # ID # NID # TOT   % ID  % NID  % TOT
      1      0     0     0    0.0    0.0    0.0
      2      0     0     0    0.0    0.0    0.0
      3      0     0     0    0.0    0.0    0.0
   --------------------------------------------
   SUMS      0     0     0    0.0    0.0    0.0
   --------------------------------------------
      4    632     0   632  100.0    0.0  100.0



>> Detailed comparison:


       Structure :  2
       Structure :  3
       Structure :  4
       ALN      ... alignment position
       RESID... ... residue numbers 1/2/3
       AAA      ... amino acid types 1/2/3
       MNC      ... mainchain classes 1/2/3
       ALP...   ... dihedral angle classes (alpha,phi,psi,...)

ALN RESIDUE_NUMBERS AAA MNC ALP PHI PSI OMG CH1 CH2 CH3 CH4 CH5 
---------------------------------------------------------------
  1  ---- ----  71  --K --U --4 --4 --3 --1 --1 --2 --1 --1 --4
  2  ---- ----  72  --N --A --2 --1 --1 --1 --2 --1 --4 --4 --4
  3  ---- ----  73  --A --A --2 --1 --1 --1 --4 --4 --4 --4 --4
  4  ---- ----  74  --R --A --2 --1 --1 --1 --2 --1 --3 --3 --4
  5  ---- ----  75  --E --A --2 --1 --1 --1 --2 --3 --1 --4 --4
  6  ---- ----  76  --A --A --2 --1 --1 --1 --4 --4 --4 --4 --4
  7  ---- ----  77  --H --A --2 --1 --1 --1 --1 --2 --4 --4 --4
  8  ---- ----  78  --S --A --2 --1 --1 --1 --1 --4 --4 --4 --4
  9  ---- ----  79  --Q --A --2 --1 --1 --1 --1 --2 --1 --4 --4
 10  ---- ----  80  --I --A --2 --1 --1 --1 --1 --1 --4 --4 --4
 11  ---- ----  81  --E --A --2 --1 --1 --1 --1 --1 --1 --4 --4
 12  ---- ----  82  --K --A --2 --1 --1 --1 --2 --1 --2 --1 --4
 13  ---- ----  83  --R --A --2 --1 --1 --1 --1 --1 --3 --1 --4
 14  ---- ----  84  --R --A --2 --1 --1 --1 --2 --1 --2 --1 --4
 15  ---- ----  85  --R --A --2 --1 --1 --1 --2 --1 --1 --3 --4
 16  ---- ----  86  --D --A --2 --1 --1 --1 --1 --1 --4 --4 --4
 17  ---- ----  87  --K --A --2 --1 --1 --1 --2 --1 --1 --1 --4
 18  ---- ----  88  --M --A --2 --1 --1 --1 --2 --3 --2 --4 --4
 19  ---- ----  89  --N --A --2 --1 --1 --1 --1 --1 --4 --4 --4
 20  ---- ----  90  --S --A --2 --1 --1 --1 --1 --4 --4 --4 --4
 21  ---- ----  91  --F --A --2 --1 --1 --1 --1 --1 --4 --4 --4
 22  ---- ----  92  --I --A --2 --1 --1 --1 --1 --2 --4 --4 --4
 23  ---- ----  93  --D --A --2 --1 --1 --1 --1 --1 --4 --4 --4
 24  ---- ----  94  --E --A --2 --1 --1 --1 --2 --1 --1 --4 --4
 25  ---- ----  95  --L --A --2 --1 --1 --1 --2 --2 --4 --4 --4
 26  ---- ----  96  --A --A --2 --1 --1 --1 --4 --4 --4 --4 --4
 27  ---- ----  97  --S --A --2 --1 --1 --1 --1 --4 --4 --4 --4
 28  ---- ----  98  --L --A --2 --1 --1 --1 --1 --1 --4 --4 --4
 29  ---- ----  99  --V --B --3 --3 --3 --1 --1 --4 --4 --4 --4
 30  ---- ---- 100  --P --A --2 --1 --1 --1 --1 --2 --1 --4 --4
 31  ---- ---- 101  --T --A --2 --1 --1 --1 --2 --4 --4 --4 --4
 32  ---- ---- 102  --C --A --2 --1 --1 --1 --1 --4 --4 --4 --4
 33  ---- ---- 103  --N --A --2 --1 --1 --1 --2 --1 --4 --4 --4
 34  ---- ---- 104  --A --A --2 --1 --1 --1 --4 --4 --4 --4 --4
 35  ---- ---- 105  --M --P --3 --1 --3 --1 --1 --1 --2 --4 --4
 36  ---- ---- 106  --S --A --2 --1 --1 --1 --3 --4 --4 --4 --4
 37  ---- ---- 107  --R --P --3 --1 --3 --1 --1 --2 --1 --2 --4
 38  ---- ---- 108  --K --P --3 --1 --3 --1 --2 --3 --1 --1 --4
 39  ---- ---- 109  --L --B --3 --3 --3 --1 --1 --1 --4 --4 --4
 40  ---- ---- 110  --D --P --3 --1 --3 --1 --2 --1 --4 --4 --4
 41  ---- ---- 111  --K --A --2 --1 --1 --1 --1 --2 --1 --1 --4
 42  ---- ---- 112  --L --A --2 --1 --1 --1 --1 --1 --4 --4 --4
 43  ---- ---- 113  --T --A --2 --1 --1 --1 --2 --4 --4 --4 --4
 44  ---- ---- 114  --V --A --2 --1 --1 --1 --1 --4 --4 --4 --4
 45  ---- ---- 115  --L --A --2 --1 --1 --1 --2 --2 --4 --4 --4
 46  ---- ---- 116  --R --A --2 --1 --1 --1 --1 --1 --1 --2 --4
 47  ---- ---- 117  --M --A --2 --1 --1 --1 --1 --1 --3 --4 --4
 48  ---- ---- 118  --A --A --2 --1 --1 --1 --4 --4 --4 --4 --4
 49  ---- ---- 119  --V --A --2 --1 --1 --1 --1 --4 --4 --4 --4
 50  ---- ---- 120  --Q --A --2 --1 --1 --1 --1 --1 --1 --4 --4
 51  ---- ---- 121  --H --A --2 --1 --1 --1 --2 --2 --4 --4 --4
 52  ---- ---- 122  --M --A --2 --1 --1 --1 --2 --3 --3 --4 --4
 53  ---- ---- 123  --K --A --2 --1 --1 --1 --1 --1 --1 --1 --4
 54  ---- ---- 124  --T --A --2 --1 --1 --1 --2 --4 --4 --4 --4
 55  ---- ---- 125  --L --A --1 --3 --1 --1 --1 --1 --4 --4 --4
 56  ---- ---- 126  --R --A --3 --3 --2 --1 --1 --1 --3 --2 --4
 57  ---- ---- 127  --G --P --3 --1 --3 --2 --4 --4 --4 --4 --4
 58  ---- ---- 128  --A --A --1 --3 --1 --2 --4 --4 --4 --4 --4
 59  ---- ---- 135  --A --B --2 --3 --3 --1 --4 --4 --4 --4 --4
 60  ---- ---- 136  --N --A --1 --1 --1 --1 --3 --1 --4 --4 --4
 61  ---- ---- 137  --Y --A --2 --3 --2 --1 --3 --2 --4 --4 --4
 62  ---- ---- 138  --K --B --3 --3 --3 --1 --3 --1 --1 --3 --4
 63  ---- ---- 139  --P --P --3 --1 --2 --1 --2 --1 --2 --4 --4
 64  ---- ---- 140  --T --A --2 --1 --1 --1 --2 --4 --4 --4 --4
 65  ---- ---- 141  --F --A --2 --1 --1 --1 --3 --2 --4 --4 --4
 66  ---- ---- 142  --L --B --3 --3 --3 --1 --1 --1 --4 --4 --4
 67  ---- ---- 143  --S --P --3 --1 --3 --1 --1 --4 --4 --4 --4
 68  ---- ---- 144  --D --A --2 --1 --1 --1 --1 --1 --4 --4 --4
 69  ---- ---- 145  --D --A --2 --1 --1 --1 --2 --1 --4 --4 --4
 70  ---- ---- 146  --E --A --2 --1 --1 --1 --1 --1 --1 --4 --4
 71  ---- ---- 147  --L --A --2 --1 --1 --1 --2 --2 --4 --4 --4
 72  ---- ---- 148  --K --A --2 --1 --1 --1 --2 --1 --1 --2 --4
 73  ---- ---- 149  --H --A --2 --1 --1 --1 --1 --2 --4 --4 --4
 74  ---- ---- 150  --L --A --2 --1 --1 --1 --2 --2 --4 --4 --4
 75  ---- ---- 151  --I --A --2 --1 --1 --1 --3 --3 --4 --4 --4
 76  ---- ---- 152  --L --A --2 --1 --1 --1 --1 --1 --4 --4 --4
 77  ---- ---- 153  --R --A --2 --1 --1 --1 --1 --1 --3 --1 --4
 78  ---- ---- 154  --A --A --3 --3 --2 --1 --4 --4 --4 --4 --4
 79  ---- ---- 155  --A --P --3 --1 --3 --1 --4 --4 --4 --4 --4
 80  ---- ---- 156  --D --B --2 --3 --3 --1 --2 --1 --4 --4 --4
 81  ---- ---- 157  --G --E --1 --2 --3 --1 --4 --4 --4 --4 --4
 82  ---- ---- 158  --F --B --3 --3 --3 --1 --3 --2 --4 --4 --4
 83  ---- ---- 159  --L --B --3 --3 --3 --1 --2 --1 --4 --4 --4
 84  ---- ---- 160  --F --B --3 --3 --3 --1 --3 --2 --4 --4 --4
 85  ---- ---- 161  --V --B --3 --3 --3 --1 --1 --4 --4 --4 --4
 86  ---- ---- 162  --V --B --3 --3 --3 --1 --1 --4 --4 --4 --4
 87  ---- ---- 163  --G --P --3 --1 --3 --1 --4 --4 --4 --4 --4
 88  ---- ---- 164  --C --A --2 --1 --1 --1 --1 --4 --4 --4 --4
 89  ---- ---- 165  --D --A --2 --1 --1 --1 --1 --1 --4 --4 --4
 90  ---- ---- 166  --R --A --3 --3 --1 --1 --1 --2 --1 --3 --4
 91  ---- ---- 167  --G --L --3 --2 --2 --1 --4 --4 --4 --4 --4
 92  ---- ---- 168  --K --P --3 --1 --3 --1 --2 --1 --3 --1 --4
 93  ---- ---- 169  --I --B --3 --1 --3 --1 --1 --1 --4 --4 --4
 94  ---- ---- 170  --L --A --1 --1 --1 --1 --1 --1 --4 --4 --4
 95  ---- ---- 171  --F --B --3 --3 --3 --1 --2 --2 --4 --4 --4
 96  ---- ---- 172  --V --B --3 --3 --3 --1 --3 --4 --4 --4 --4
 97  ---- ---- 173  --S --P --3 --1 --3 --1 --1 --4 --4 --4 --4
 98  ---- ---- 174  --E --A --2 --1 --1 --1 --3 --1 --1 --4 --4
 99  ---- ---- 175  --S --A --2 --1 --1 --1 --1 --4 --4 --4 --4
100  ---- ---- 176  --V --A --2 --1 --1 --1 --3 --4 --4 --4 --4
101  ---- ---- 177  --F --A --2 --1 --1 --1 --2 --2 --4 --4 --4
102  ---- ---- 178  --K --A --2 --1 --1 --1 --2 --1 --1 --1 --4
103  ---- ---- 179  --I --A --2 --1 --1 --1 --1 --2 --4 --4 --4
104  ---- ---- 180  --L --A --3 --3 --1 --1 --1 --1 --4 --4 --4
105  ---- ---- 181  --N --L --3 --2 --2 --1 --2 --1 --4 --4 --4
106  ---- ---- 182  --Y --B --3 --3 --3 --1 --1 --1 --4 --4 --4
107  ---- ---- 183  --S --P --3 --3 --3 --1 --1 --4 --4 --4 --4
108  ---- ---- 184  --Q --A --2 --1 --1 --1 --1 --1 --1 --4 --4
109  ---- ---- 185  --N --A --2 --1 --1 --1 --1 --1 --4 --4 --4
110  ---- ---- 186  --D --A --2 --1 --1 --1 --1 --1 --4 --4 --4
111  ---- ---- 187  --L --A --2 --3 --1 --1 --1 --1 --4 --4 --4
112  ---- ---- 188  --I --P --2 --1 --3 --1 --1 --1 --4 --4 --4
113  ---- ---- 189  --G --L --2 --2 --2 --1 --4 --4 --4 --4 --4
114  ---- ---- 190  --Q --P --3 --1 --3 --1 --1 --2 --1 --4 --4
115  ---- ---- 191  --S --B --3 --3 --3 --1 --3 --4 --4 --4 --4
116  ---- ---- 192  --L --A --2 --1 --1 --1 --2 --2 --4 --4 --4
117  ---- ---- 193  --F --A --2 --1 --1 --1 --1 --1 --4 --4 --4
118  ---- ---- 194  --D --A --2 --1 --1 --1 --1 --1 --4 --4 --4
119  ---- ---- 195  --Y --A --2 --3 --2 --1 --1 --1 --4 --4 --4
120  ---- ---- 196  --L --B --3 --3 --3 --1 --1 --1 --4 --4 --4
121  ---- ---- 197  --H --P --3 --1 --3 --1 --2 --1 --4 --4 --4
122  ---- ---- 198  --P --A --2 --1 --1 --1 --1 --2 --1 --4 --4
123  ---- ---- 199  --K --A --2 --1 --2 --1 --1 --2 --1 --1 --4
124  ---- ---- 200  --D --A --2 --3 --1 --1 --1 --1 --4 --4 --4
125  ---- ---- 201  --I --A --2 --1 --1 --1 --1 --1 --4 --4 --4
126  ---- ---- 202  --A --A --2 --1 --1 --1 --4 --4 --4 --4 --4
127  ---- ---- 203  --K --A --2 --1 --1 --1 --1 --2 --1 --1 --4
128  ---- ---- 204  --V --A --2 --1 --1 --1 --1 --4 --4 --4 --4
129  ---- ---- 205  --K --A --2 --1 --1 --1 --1 --1 --1 --3 --4
130  ---- ---- 206  --E --A --2 --1 --1 --1 --1 --1 --1 --4 --4
131  ---- ---- 207  --Q --A --2 --1 --1 --1 --1 --2 --1 --4 --4
132  ---- ---- 208  --L --A --2 --1 --1 --1 --1 --1 --4 --4 --4
133  ---- ---- 209  --S --P --3 --1 --3 --1 --2 --4 --4 --4 --4
134  ---- ---- 210  --S --P --3 --1 --3 --1 --2 --4 --4 --4 --4
135  ---- ---- 211  --S --A --1 --3 --1 --1 --1 --4 --4 --4 --4
136  ---- ---- 238  --R --L --1 --2 --2 --1 --3 --1 --2 --2 --4
137  ---- ---- 239  --L --B --3 --3 --3 --1 --1 --1 --4 --4 --4
138  ---- ---- 240  --C --P --3 --1 --3 --1 --3 --4 --4 --4 --4
139  ---- ---- 241  --S --A --2 --1 --1 --1 --1 --4 --4 --4 --4
140  ---- ---- 242  --G --A --2 --1 --2 --1 --4 --4 --4 --4 --4
141  ---- ---- 243  --A --A --2 --1 --1 --1 --4 --4 --4 --4 --4
142  ---- ---- 244  --R --P --3 --1 --3 --1 --2 --1 --1 --2 --4
143  ---- ---- 245  --R --B --3 --3 --3 --1 --1 --2 --1 --2 --4
144  ---- ---- 246  --S --B --3 --3 --3 --1 --3 --4 --4 --4 --4
145  ---- ---- 247  --F --B --3 --3 --3 --1 --3 --2 --4 --4 --4
146  ---- ---- 248  --F --B --3 --3 --3 --1 --1 --1 --4 --4 --4
147  ---- ---- 249  --C --B --3 --3 --3 --1 --3 --4 --4 --4 --4
148  ---- ---- 250  --R --B --3 --3 --3 --1 --1 --1 --2 --1 --4
149  ---- ---- 251  --M --B --3 --3 --3 --1 --1 --1 --3 --4 --4
150  ---- ---- 252  --K --P --3 --1 --3 --1 --1 --1 --1 --1 --4
151  ---- ---- 253  --C --B --3 --3 --3 --1 --1 --4 --4 --4 --4
152  ---- ---- 254  --N --A --2 --1 --1 --1 --2 --1 --4 --4 --4
153  ---- ---- 255  --R --B --1 --3 --3 --1 --2 --3 --3 --1 --4
154  ---- ---- 256  --P --P --1 --1 --2 --1 --2 --1 --2 --4 --4
155  ---- ---- 276  --R --L --2 --2 --1 --1 --1 --1 --2 --3 --4
156  ---- ---- 277  --K --A --2 --3 --2 --1 --1 --1 --2 --2 --4
157  ---- ---- 278  --S --A --2 --1 --1 --1 --1 --4 --4 --4 --4
158  ---- ---- 279  --F --B --3 --3 --3 --1 --1 --1 --4 --4 --4
159  ---- ---- 280  --C --B --3 --3 --3 --1 --3 --4 --4 --4 --4
160  ---- ---- 281  --T --B --3 --1 --3 --1 --1 --4 --4 --4 --4
161  ---- ---- 282  --I --P --3 --3 --3 --1 --1 --2 --4 --4 --4
162  ---- ---- 283  --H --B --3 --3 --3 --1 --2 --1 --4 --4 --4
163  ---- ---- 284  --S --B --3 --3 --3 --1 --2 --4 --4 --4 --4
164  ---- ---- 285  --T --B --2 --3 --3 --1 --1 --4 --4 --4 --4
165  ---- ---- 286  --G --B --3 --3 --3 --1 --4 --4 --4 --4 --4
166  ---- ---- 287  --Y --B --3 --3 --3 --1 --1 --1 --4 --4 --4
167  ---- ---- 288  --L --P --3 --1 --3 --1 --1 --1 --4 --4 --4
168  ---- ---- 289  --K --B --1 --3 --3 --1 --2 --3 --1 --1 --4
169  ---- ---- 290  --S --P --2 --3 --3 --2 --1 --4 --4 --4 --4
170  ---- ---- 310  --N --A --2 --1 --1 --1 --2 --1 --4 --4 --4
171  ---- ---- 311  --L --B --3 --3 --3 --1 --2 --2 --4 --4 --4
172  ---- ---- 312  --S --B --3 --3 --3 --1 --3 --4 --4 --4 --4
173  ---- ---- 313  --C --B --3 --3 --3 --1 --3 --4 --4 --4 --4
174  ---- ---- 314  --L --B --3 --3 --3 --1 --2 --2 --4 --4 --4
175  ---- ---- 315  --V --B --3 --3 --3 --1 --1 --4 --4 --4 --4
176  ---- ---- 316  --A --B --3 --3 --3 --1 --4 --4 --4 --4 --4
177  ---- ---- 317  --I --B --3 --3 --3 --1 --1 --2 --4 --4 --4
178  ---- ---- 318  --G --B --3 --1 --3 --1 --4 --4 --4 --4 --4
179  ---- ---- 319  --R --B --3 --3 --3 --1 --1 --1 --3 --1 --4
180  ---- ---- 320  --L --B --3 --3 --3 --1 --2 --2 --4 --4 --4
181  ---- ---- 321  --H --B --3 --3 --3 --1 --1 --2 --4 --4 --4
182  ---- ---- 322  --S --P --3 --1 --3 --1 --3 --4 --4 --4 --4
183  ---- ---- 323  --H --A --2 --1 --1 --1 --3 --1 --4 --4 --4
184  ---- ---- 324  --M --P --3 --1 --3 --1 --1 --2 --1 --4 --4
185  ---- ---- 325  --V --B --3 --3 --3 --1 --1 --4 --4 --4 --4
186  ---- ---- 326  --P --P --2 --1 --2 --1 --3 --2 --1 --4 --4
187  ---- 236  327  -FQ -UL -43 -42 -32 -11 -22 -23 -41 -44 -44
188  ---- ---- 328  --P --P --1 --1 --2 --1 --1 --2 --1 --4 --4
189  ---- ---- 329  --A --P --3 --1 --3 --1 --4 --4 --4 --4 --4
190  ---- ---- 330  --N --P --3 --1 --3 --1 --1 --1 --4 --4 --4
191  ---- ---- 331  --G --A --2 --1 --1 --1 --4 --4 --4 --4 --4
192  ---- ---- 332  --E --A --2 --1 --1 --1 --2 --3 --1 --4 --4
193  ---- ---- 333  --I --B --3 --3 --3 --1 --1 --1 --4 --4 --4
194  ---- ---- 334  --R --P --3 --1 --3 --1 --2 --3 --1 --1 --4
195  ---- ---- 335  --V --B --3 --3 --3 --1 --1 --4 --4 --4 --4
196  ---- 237  ---- -K- -B- -3- -3- -3- -1- -1- -1- -1- -1- -4-
197  ---- ---- ---- --- --- --- --- --- --- --- --- --- --- ---
198  ---- ---- ---- --- --- --- --- --- --- --- --- --- --- ---
199  ---- ---- 336  --K --P --3 --1 --3 --1 --2 --1 --1 --1 --4
200  ---- 238  ---- -G- -P- -3- -1- -3- -1- -4- -4- -4- -4- -4-
201  ---- 239  337  -LS -AP -23 -11 -13 -11 -11 -14 -44 -44 -44
202  ---- 240  ---- -D- -A- -2- -1- -1- -1- -2- -2- -4- -4- -4-
203  ---- 241  ---- -S- -A- -2- -1- -1- -1- -1- -4- -4- -4- -4-
204    6  242  338  KKM UAP 423 431 323 111 111 111 122 114 444
205    7  243  339  TTE BBB 333 333 333 111 211 441 441 444 444
206    8  244  340  FFY BBB 333 333 333 111 233 222 444 444 444
207    9  245  341  LLV BBB 333 333 333 111 211 314 444 444 444
208   10  246  342  SSS BBB 333 333 333 111 311 444 444 444 444
209   11  247  343  RER BBB 333 333 333 111 121 211 112 342 444
210   12  248  344  HHH BBB 333 333 333 111 111 111 444 444 444
211   13  249  345  SSA BPP 233 311 333 111 214 444 444 444 444
212   14  250  346  MMI EAA 222 211 111 111 111 122 214 444 444
213   15  251  347  DDD AAA 333 333 222 111 333 111 444 444 444
214   16  252  348  MMG LLL 333 222 222 111 214 124 314 444 444
215   17  253  349  KKK PPP 133 111 333 111 311 111 331 311 444
216   18  254  350  FFF BPP 333 111 333 111 111 211 444 444 444
217   19  255  351  TTV AAA 122 133 111 111 122 444 444 444 444
218   20  256  352  YYF BBB 333 333 333 111 222 212 444 444 444
219   21  257  353  CCV BBB 333 333 333 111 123 444 444 444 444
220   22  258  354  DDD PPP 333 113 333 111 233 121 444 444 444
221   23  259  355  DDQ AAA 222 111 111 111 211 211 442 444 444
222   24  260  356  RRR AAA 222 111 111 111 111 111 122 111 444
223   25  261  357  IIA AAA 222 111 111 111 334 114 444 444 444
224   26  262  358  TTT AAA 222 111 111 111 111 444 444 444 444
225   27  263  359  EEA AAA 222 311 111 111 124 134 114 444 444
226   28  264  360  LLI AAA 212 313 111 111 111 111 444 444 444
227   29  265  361  IIL AAA 333 333 121 111 121 111 444 444 444
228   30  266  362  GGA LLL 333 222 221 111 444 444 444 444 444
229   31  267  363  YYY PPP 333 111 333 111 111 111 444 444 444
230   32  268  364  HHL PBP 333 111 333 111 211 212 444 444 444
231   33  269  365  PPP AAA 222 111 111 111 311 122 211 444 444
232   34  270  366  EEQ AAA 222 111 111 111 133 222 111 444 444
233   35  271  367  EEE AAA 222 111 111 111 131 211 111 444 444
234   36  272  368  LLL AAA 222 113 111 111 111 211 444 444 444
235   37  273  369  LLL PPP 222 111 333 111 111 111 444 444 444
236   38  274  370  GGG LLL 222 222 222 111 444 444 444 444 444
237   39  275  371  RRT BPB 333 333 333 111 312 114 334 114 444
238   40  276  372  SSS PPB 333 111 333 111 233 444 444 444 444
239   41  277  373  AAC AAA 222 111 111 111 443 444 444 444 444
240   42  278  374  YYY AAA 222 111 111 111 111 221 444 444 444
241   43  279  375  EEE AAA 222 111 111 111 111 111 121 444 444
242   44  280  376  FFY AAA 322 333 211 111 311 111 444 444 444
243   45  281  377  YYF APP 333 111 233 111 111 111 444 444 444
244   46  282  378  HHH EPP 333 211 333 111 122 311 444 444 444
245   47  283  379  AAQ AAA 222 311 111 111 443 441 441 444 444
246   48  284  380  LLD AAA 222 311 111 111 311 111 444 444 444
247   49  285  381  DDD AAA 222 333 221 111 111 111 444 444 444
248   50  286  382  SSI AAA 222 111 111 111 221 441 444 444 444
249   51  287  383  EEG AAA 222 111 111 111 114 224 114 444 444
250   52  288  384  NNH AAA 222 111 111 111 212 112 444 444 444
251   53  289  385  MML AAA 222 111 111 111 111 221 314 444 444
252   54  290  386  TTA AAA 222 111 111 111 114 444 444 444 444
253   55  291  387  KKE AAA 222 111 111 111 112 311 111 214 444
254   56  292  388  SSC AAA 222 111 111 111 231 444 444 444 444
255   57  293  389  HHH AAA 222 111 111 111 222 133 444 444 444
256   58  294  390  QQR AAA 222 111 111 111 211 111 112 442 444
257   59  295  391  NNQ AAA 222 111 111 111 211 111 441 444 444
258   60  296  392  LLV AAA 222 111 111 111 223 224 444 444 444
259   61  297  393  CCL AAA 222 111 111 111 111 441 444 444 444
260   62  298  394  TTQ AAA 222 313 212 111 111 442 441 444 444
261   63  299  395  KKT AAB 333 333 113 111 113 214 114 324 444
262   64  300  396  GGR LLA 222 223 122 111 441 442 443 443 444
263  ---- ---- 397  --E --P --3 --1 --3 --1 --1 --2 --1 --4 --4
264   65  301  398  QQK BBP 333 331 333 111 221 113 111 441 444
265   66  302  399  VVI BBB 333 333 333 111 331 441 444 444 444
266   67  303  400  VVT BBB 333 333 333 111 111 444 444 444 444
267   68  304  401  SST BPP 333 311 333 111 212 444 444 444 444
268   69  305  402  GGN PPP 111 111 333 111 441 441 444 444 444
269   70  306  403  QQC PPP 333 111 333 111 111 114 114 444 444
270   71  307  404  YYY BBB 333 333 333 111 333 212 444 444 444
271   72  308  405  RRK BBB 333 133 333 111 111 111 121 313 444
272   73  309  406  MMF PBB 333 133 333 111 222 312 334 444 444
273   74  310  407  LLK PPB 333 111 333 111 222 221 441 441 444
274   75  311  408  AAI PPP 331 331 333 111 442 441 444 444 444
275   76  312  409  KKK AAA 222 111 211 111 222 111 311 313 444
276   77  313  410  HHD AAA 313 331 222 111 313 211 444 444 444
277   78  314  411  GGG LEL 322 222 232 111 444 444 444 444 444
278   79  315  412  GGS BEP 333 121 333 111 441 444 444 444 444
279   80  316  413  YYF BBB 333 333 333 111 111 111 444 444 444
280   81  317  414  VVI PBP 333 133 333 111 132 441 444 444 444
281   82  318  415  WWT BPB 333 113 333 111 111 114 444 444 444
282   83  319  416  LLL BBB 333 333 333 111 131 221 444 444 444
283   84  320  417  EER BBB 333 333 333 111 222 111 111 443 444
284   85  321  418  TTS BBB 333 333 333 111 112 444 444 444 444
285   86  322  419  QQR BBB 333 333 333 111 222 111 211 441 444
286   87  323  420  GGW BBB 333 333 333 111 441 443 444 444 444
287   88  324  421  TTF BBB 333 333 333 111 113 442 444 444 444
288   89  325  422  VVS BPB 333 113 333 111 111 444 444 444 444
289   90  326  423  IIF PBB 333 331 333 111 312 322 444 444 444
290   91  327  424  YYM BBB 333 333 333 111 112 221 442 444 444
291   92  328  425  NNN BBP 333 111 333 111 222 111 444 444 444
292   93  329  426  PPP AAA 222 111 111 111 222 111 222 444 444
293  ---- ---- 427  --W --A --2 --1 --1 --1 --1 --1 --4 --4 --4
294  ---- 330  ---- -R- -A- -2- -1- -1- -1- -1- -1- -3- -2- -4-
295  ---- 331  ---- -N- -A- -3- -3- -2- -1- -3- -1- -4- -4- -4-
296   94  ---- 428  R-T A-A 2-3 3-3 1-1 1-1 2-2 1-4 2-4 2-4 4-4
297   95  ---- ---- N-- A-- 3-- 3-- 1-- 1-- 1-- 2-- 4-- 4-- 4--
298   96  332  429  LLK LLL 333 222 222 111 121 111 441 443 444
299   97  333  430  QQE BPB 133 313 333 111 322 311 111 444 444
300   98  334  431  PPV PPP 333 111 223 111 121 214 124 444 444
301   99  335  432  QQE AAA 111 331 111 111 212 313 111 444 444
302  100  336  433  CCY BBB 333 333 333 111 133 442 444 444 444
303  101  337  434  III PBP 333 331 333 111 111 111 444 444 444
304  102  338  435  MMV BBB 333 333 333 111 121 124 134 444 444
305  103  339  436  CCS BBB 333 333 333 111 113 444 444 444 444
306  104  340  437  VVT BBB 333 333 333 111 111 444 444 444 444
307  105  341  438  NNN PBB 333 133 333 111 211 111 444 444 444
308  106  342  439  YYT BBB 333 333 333 111 131 114 444 444 444
309  107  343  440  VVV BPP 333 111 333 111 121 444 444 444 444
310  108  344  441  LLV AAB 224 333 113 111 111 114 444 444 444
311  109  345  442  SSL PBU 334 331 334 114 211 442 444 444 444
312  110  346  ---- EE- PP- 11- 31- 33- 11- 31- 22- 11- 44- 44-
313  111  347  ---- II- PP- 43- 31- 33- 11- 11- 11- 44- 44- 44-
314  112  348  ---- EE- UB- 44- 13- 43- 41- 21- 11- 11- 44- 44-
315  ---- 349  ---- -K- -U- -4- -3- -4- -4- -2- -1- -3- -1- -4-
316  ---- ---- ---- --- --- --- --- --- --- --- --- --- --- ---

Sequence identity comparison (ID_TABLE):

   Diagonal       ... number of residues;
   Upper triangle ... number of identical residues;
   Lower triangle ... % sequence identity, id/min(length).

         1p97A @12a24A @13f1pA @14f3lB @2
1p97A @1      114     107     105      31
2a24A @1      100     107     104      30
3f1pA @1       92      97     114      29
4f3lB @2       27      28      25     302


Weighted pair-group average clustering based on a distance matrix:


                                                               .--- 1p97A @1.0     0.0000
                                                               |
                                                           .------- 2a24A @1.0     5.5000
                                                           |
        .---------------------------------------------------------- 3f1pA @1.2    73.7500
        |
      .------------------------------------------------------------ 4f3lB @2.3

      +----+----+----+----+----+----+----+----+----+----+----+----+
    76.7000   63.4250   50.1500   36.8750   23.6000   10.3250   -2.9500
         70.0625   56.7875   43.5125   30.2375   16.9625    3.6875



Total CPU time [seconds]                                 :       0.23
